<?xml version="1.0" encoding="UTF-8"?>
<testsuites name="RegressionSuite" time="158" tests="1" failures="1" errors="0">
   <testsuite name="RegressionSuite" tests="1" failures="1" errors="0" time="158" timestamp="2018-05-21 12:11:30" hostname="shalinin - NIBC2129.nousinfo.com" id="Test Suites/RegressionSuite">
      <properties>
         <property name="deviceName" value=""/>
         <property name="devicePlatform" value=""/>
         <property name="logFolder" value="C:\\Users\\shalinin\\Katalon Studio\\HME_Scripts\\Reports\\RegressionSuite\\20180521_121128"/>
         <property name="logFiles" value="C:\\Users\\shalinin\\Katalon Studio\\HME_Scripts\\Reports\\RegressionSuite\\20180521_121128\\execution0.log"/>
         <property name="attachments" value="C:\\Users\\shalinin\\Katalon Studio\\HME_Scripts\\Reports\\RegressionSuite\\20180521_121128\\1526885048291.png"/>
         <property name="hostName" value="shalinin - NIBC2129.nousinfo.com"/>
         <property name="os" value="Windows 7 64bit"/>
         <property name="katalonVersion" value="5.3.1.1"/>
         <property name="browser" value="Chrome 66.0.3359.181"/>
         <property name="hostAddress" value="192.168.24.72"/>
         <property name="sessionId" value="9d5b885b92dc13356520187393e94f81"/>
         <property name="seleniumVersion" value="3.7.1"/>
         <property name="proxyInformation" value="ProxyInformation{proxyOption=NO_PROXY, proxyServerType=HTTP, password=, proxyServerAddress=, proxyServerPort=0}"/>
         <property name="platform" value="Windows 7"/>
      </properties>
      <testcase name="Test Cases/TimeZoneTC/HME-Account_Setting-Timezone-06" classname="Test Cases/TimeZoneTC/HME-Account_Setting-Timezone-06" status="PASSED">
         <system-out><![CDATA[2018-05-21 12:11:31 - [TEST_CASE][PASSED] - Test Cases/TimeZoneTC/HME-Account_Setting-Timezone-06: Browser is closed

2018-05-21 12:11:31 - [TEST_STEP][PASSED] - Start listener action : sampleBeforeTestCase: uiaction.CommonUIActions.deleteAllCookies is PASSED

2018-05-21 12:11:31 - [TEST_STEP][PASSED] - openBrowser: Browser is opened with url: ''

2018-05-21 12:11:35 - [MESSAGE][PASSED] - Browser is opened with url: ''

2018-05-21 12:11:35 - [TEST_STEP][PASSED] - maximizeWindow: Current window maximized

2018-05-21 12:11:36 - [MESSAGE][PASSED] - Current window maximized

2018-05-21 12:11:36 - [TEST_STEP][PASSED] - uiaction.CommonUIActions.deleteAllCookies: uiaction.CommonUIActions.deleteAllCookies is PASSED

2018-05-21 12:11:37 - [MESSAGE][PASSED] - Delete all cookies successfully

2018-05-21 12:11:37 - [MESSAGE][PASSED] - uiaction.CommonUIActions.deleteAllCookies is PASSED

2018-05-21 12:11:37 - [TEST_STEP][PASSED] - Statement - TCflag = true: null

2018-05-21 12:11:37 - [TEST_STEP][PASSED] - Statement - Try: null

2018-05-21 12:11:37 - [TEST_STEP][PASSED] - navigateToUrl: Navigate to 'https://hme-dev-public-cloud-app.azurewebsites.net/' successfully

2018-05-21 12:11:40 - [MESSAGE][PASSED] - Navigate to 'https://hme-dev-public-cloud-app.azurewebsites.net/' successfully

2018-05-21 12:11:40 - [TEST_STEP][PASSED] - projectSpecific.Reusability.login: projectSpecific.Reusability.login is PASSED

2018-05-21 12:11:40 - [MESSAGE][PASSED] - projectSpecific.Reusability.getTestData is PASSED

2018-05-21 12:11:40 - [MESSAGE][PASSED] - projectSpecific.Reusability.getTestData is PASSED

2018-05-21 12:11:41 - [MESSAGE][PASSED] - Text 'selvendrank@nousinfo.com' is set on object 'Object Repository/LoginPage/Username'

2018-05-21 12:11:41 - [MESSAGE][PASSED] - Text 'nous;123' is set on object 'Object Repository/LoginPage/Password'

2018-05-21 12:11:41 - [MESSAGE][PASSED] - Object: 'Object Repository/LoginPage/Login' is clicked on

2018-05-21 12:11:41 - [MESSAGE][PASSED] - projectSpecific.Reusability.login is PASSED

2018-05-21 12:11:41 - [TEST_STEP][PASSED] - delay: Delayed 10 second(s)

2018-05-21 12:11:51 - [MESSAGE][PASSED] - Delayed 10 second(s)

2018-05-21 12:11:51 - [TEST_STEP][PASSED] - Statement - welcomeMsg = CustomKeywords.uiaction.CommonUIActions.getText(com.kms.katalon.core.testobject.ObjectRepository.findTestObject(HomePage/welcomeMessage)): uiaction.CommonUIActions.getText is PASSED

2018-05-21 12:12:04 - [MESSAGE][PASSED] - uiaction.CommonUIActions.getText is PASSED

2018-05-21 12:12:04 - [TEST_STEP][PASSED] - Statement - expactedWelcomeMsg = CustomKeywords.projectSpecific.Reusability.getTestData("HomePage", "welcomeMessage"): projectSpecific.Reusability.getTestData is PASSED

2018-05-21 12:12:04 - [MESSAGE][PASSED] - projectSpecific.Reusability.getTestData is PASSED

2018-05-21 12:12:04 - [TEST_STEP][PASSED] - verifyMatch: Actual text 'Welcome to HME CLOUD, Selvendran!' and expected text 'Welcome to HME CLOUD, Selvendran!' are matched 

2018-05-21 12:12:04 - [MESSAGE][PASSED] - Actual text 'Welcome to HME CLOUD, Selvendran!' and expected text 'Welcome to HME CLOUD, Selvendran!' are matched 

2018-05-21 12:12:04 - [TEST_STEP][PASSED] - uiaction.CommonUIActions.click: uiaction.CommonUIActions.click is PASSED

2018-05-21 12:12:17 - [MESSAGE][PASSED] - uiaction.CommonUIActions.click is PASSED

2018-05-21 12:12:17 - [TEST_STEP][PASSED] - uiaction.CommonUIActions.click: uiaction.CommonUIActions.click is PASSED

2018-05-21 12:12:19 - [MESSAGE][PASSED] - uiaction.CommonUIActions.click is PASSED

2018-05-21 12:12:19 - [TEST_STEP][PASSED] - uiaction.CommonUIActions.click: uiaction.CommonUIActions.click is PASSED

2018-05-21 12:12:19 - [MESSAGE][PASSED] - uiaction.CommonUIActions.click is PASSED

2018-05-21 12:12:19 - [TEST_STEP][PASSED] - uiaction.CommonUIActions.click: uiaction.CommonUIActions.click is PASSED

2018-05-21 12:12:26 - [MESSAGE][PASSED] - uiaction.CommonUIActions.click is PASSED

2018-05-21 12:12:26 - [TEST_STEP][PASSED] - Statement - storeID = CustomKeywords.uiaction.CommonUIActions.getText(com.kms.katalon.core.testobject.ObjectRepository.findTestObject(StorePage/storeID)): uiaction.CommonUIActions.getText is PASSED

2018-05-21 12:12:26 - [MESSAGE][PASSED] - uiaction.CommonUIActions.getText is PASSED

2018-05-21 12:12:26 - [TEST_STEP][PASSED] - Statement - storenumber = storeID.trim(): null

2018-05-21 12:12:26 - [TEST_STEP][PASSED] - Statement - println(storenumber): null

2018-05-21 12:12:26 - [TEST_STEP][PASSED] - uiaction.CommonUIActions.click: uiaction.CommonUIActions.click is PASSED

2018-05-21 12:12:28 - [MESSAGE][PASSED] - uiaction.CommonUIActions.click is PASSED

2018-05-21 12:12:28 - [TEST_STEP][PASSED] - delay: Delayed 10 second(s)

2018-05-21 12:12:38 - [MESSAGE][PASSED] - Delayed 10 second(s)

2018-05-21 12:12:38 - [TEST_STEP][PASSED] - Statement - driver = com.kms.katalon.core.webui.driver.DriverFactory.getWebDriver(): null

2018-05-21 12:12:38 - [TEST_STEP][PASSED] - Statement - driver.findElement(org.openqa.selenium.By.xpath("//span[contains(text(),'" + storenumber.trim() + "')]")).click(): null

2018-05-21 12:12:38 - [TEST_STEP][PASSED] - delay: Delayed 5 second(s)

2018-05-21 12:12:43 - [MESSAGE][PASSED] - Delayed 5 second(s)

2018-05-21 12:12:43 - [TEST_STEP][PASSED] - click: Object: 'Object Repository/ReportsPage/timeSelection' is clicked on

2018-05-21 12:12:43 - [MESSAGE][PASSED] - Object: 'Object Repository/ReportsPage/timeSelection' is clicked on

2018-05-21 12:12:43 - [TEST_STEP][PASSED] - click: Object: 'Object Repository/ReportsPage/weekTimeOption' is clicked on

2018-05-21 12:12:43 - [MESSAGE][PASSED] - Object: 'Object Repository/ReportsPage/weekTimeOption' is clicked on

2018-05-21 12:12:43 - [TEST_STEP][PASSED] - click: Object: 'Object Repository/ReportsPage/summaryReportHeading' is clicked on

2018-05-21 12:12:43 - [MESSAGE][PASSED] - Object: 'Object Repository/ReportsPage/summaryReportHeading' is clicked on

2018-05-21 12:12:43 - [TEST_STEP][PASSED] - verifyElementText: Actual text and expected text of test object 'Object Repository/ReportsPage/weekTimeOption' are matched.

2018-05-21 12:12:43 - [MESSAGE][PASSED] - projectSpecific.Reusability.getTestData is PASSED

2018-05-21 12:12:43 - [MESSAGE][PASSED] - Actual text and expected text of test object 'Object Repository/ReportsPage/weekTimeOption' are matched.

2018-05-21 12:12:43 - [TEST_STEP][PASSED] - verifyElementText: Actual text and expected text of test object 'Object Repository/ReportsPage/criteriaTimeMeasure' are matched.

2018-05-21 12:12:43 - [MESSAGE][PASSED] - projectSpecific.Reusability.getTestData is PASSED

2018-05-21 12:12:43 - [MESSAGE][PASSED] - Actual text and expected text of test object 'Object Repository/ReportsPage/criteriaTimeMeasure' are matched.

2018-05-21 12:12:43 - [TEST_STEP][PASSED] - delay: Delayed 5 second(s)

2018-05-21 12:12:48 - [MESSAGE][PASSED] - Delayed 5 second(s)

2018-05-21 12:12:48 - [TEST_STEP][PASSED] - click: Object: 'Object Repository/ReportsPage/fromDateSelector' is clicked on

2018-05-21 12:12:48 - [MESSAGE][PASSED] - Object: 'Object Repository/ReportsPage/fromDateSelector' is clicked on

2018-05-21 12:12:48 - [TEST_STEP][PASSED] - delay: Delayed 5 second(s)

2018-05-21 12:12:53 - [MESSAGE][PASSED] - Delayed 5 second(s)

2018-05-21 12:12:53 - [TEST_STEP][PASSED] - Statement - monthText = com.kms.katalon.core.webui.keyword.WebUiBuiltInKeywords.getText(com.kms.katalon.core.testobject.ObjectRepository.findTestObject(ReportsPage/monthText)): Text of object 'Object Repository/ReportsPage/monthText' is: 'May 2018'

2018-05-21 12:12:53 - [MESSAGE][PASSED] - Text of object 'Object Repository/ReportsPage/monthText' is: 'May 2018'

2018-05-21 12:12:53 - [TEST_STEP][PASSED] - Statement - monthTextArray = monthText.split(" "): null

2018-05-21 12:12:53 - [TEST_STEP][PASSED] - Statement - month = monthTextArray[0]: null

2018-05-21 12:12:53 - [TEST_STEP][PASSED] - Statement - monthTextValue = CustomKeywords.projectSpecific.Reusability.getTestData("ReportsPage", "Month"): projectSpecific.Reusability.getTestData is PASSED

2018-05-21 12:12:53 - [MESSAGE][PASSED] - projectSpecific.Reusability.getTestData is PASSED

2018-05-21 12:12:53 - [TEST_STEP][PASSED] - Statement - If (!(monthTextValue.equals(month))): null

2018-05-21 12:12:53 - [TEST_STEP][PASSED] - Statement - While (!(monthTextValue.equals(month))): null

2018-05-21 12:12:53 - [TEST_STEP][PASSED] - click: Object: 'Object Repository/ReportsPage/previousDateSelector' is clicked on

2018-05-21 12:12:54 - [MESSAGE][PASSED] - Object: 'Object Repository/ReportsPage/previousDateSelector' is clicked on

2018-05-21 12:12:54 - [TEST_STEP][PASSED] - Statement - monthText = com.kms.katalon.core.webui.keyword.WebUiBuiltInKeywords.getText(com.kms.katalon.core.testobject.ObjectRepository.findTestObject(ReportsPage/monthText)): Text of object 'Object Repository/ReportsPage/monthText' is: 'April 2018'

2018-05-21 12:12:54 - [MESSAGE][PASSED] - Text of object 'Object Repository/ReportsPage/monthText' is: 'April 2018'

2018-05-21 12:12:54 - [TEST_STEP][PASSED] - Statement - monthTextArray = monthText.split(" "): null

2018-05-21 12:12:54 - [TEST_STEP][PASSED] - Statement - month = monthTextArray[0]: null

2018-05-21 12:12:54 - [TEST_STEP][PASSED] - click: Object: 'Object Repository/ReportsPage/previousDateSelector' is clicked on

2018-05-21 12:12:54 - [MESSAGE][PASSED] - Object: 'Object Repository/ReportsPage/previousDateSelector' is clicked on

2018-05-21 12:12:54 - [TEST_STEP][PASSED] - Statement - monthText = com.kms.katalon.core.webui.keyword.WebUiBuiltInKeywords.getText(com.kms.katalon.core.testobject.ObjectRepository.findTestObject(ReportsPage/monthText)): Text of object 'Object Repository/ReportsPage/monthText' is: 'March 2018'

2018-05-21 12:12:54 - [MESSAGE][PASSED] - Text of object 'Object Repository/ReportsPage/monthText' is: 'March 2018'

2018-05-21 12:12:54 - [TEST_STEP][PASSED] - Statement - monthTextArray = monthText.split(" "): null

2018-05-21 12:12:54 - [TEST_STEP][PASSED] - Statement - month = monthTextArray[0]: null

2018-05-21 12:12:54 - [TEST_STEP][PASSED] - Statement - data = CustomKeywords.projectSpecific.Reusability.getTestData("ReportsPage", "StartDate_March2"): projectSpecific.Reusability.getTestData is PASSED

2018-05-21 12:12:54 - [MESSAGE][PASSED] - projectSpecific.Reusability.getTestData is PASSED

2018-05-21 12:12:54 - [TEST_STEP][PASSED] - Statement - startDate = "(//td[text()='" + data + "'])[1]": null

2018-05-21 12:12:54 - [TEST_STEP][PASSED] - Statement - println(startDate): null

2018-05-21 12:12:54 - [TEST_STEP][PASSED] - Statement - startdateEle = driver.findElement(org.openqa.selenium.By.xpath(startDate)): null

2018-05-21 12:12:54 - [TEST_STEP][PASSED] - Statement - startdateEle.click(): null

2018-05-21 12:12:54 - [TEST_STEP][PASSED] - delay: Delayed 5 second(s)

2018-05-21 12:12:59 - [MESSAGE][PASSED] - Delayed 5 second(s)

2018-05-21 12:12:59 - [TEST_STEP][PASSED] - click: Object: 'Object Repository/ReportsPage/toDateSelector' is clicked on

2018-05-21 12:12:59 - [MESSAGE][PASSED] - Object: 'Object Repository/ReportsPage/toDateSelector' is clicked on

2018-05-21 12:12:59 - [TEST_STEP][PASSED] - Statement - monthText = com.kms.katalon.core.webui.keyword.WebUiBuiltInKeywords.getText(com.kms.katalon.core.testobject.ObjectRepository.findTestObject(ReportsPage/monthText2)): Text of object 'Object Repository/ReportsPage/monthText2' is: 'May 2018'

2018-05-21 12:12:59 - [MESSAGE][PASSED] - Text of object 'Object Repository/ReportsPage/monthText2' is: 'May 2018'

2018-05-21 12:12:59 - [TEST_STEP][PASSED] - Statement - monthTextArray = monthText.split(" "): null

2018-05-21 12:12:59 - [TEST_STEP][PASSED] - Statement - month = monthTextArray[0]: null

2018-05-21 12:12:59 - [TEST_STEP][PASSED] - Statement - monthTextValue1 = CustomKeywords.projectSpecific.Reusability.getTestData("ReportsPage", "Month"): projectSpecific.Reusability.getTestData is PASSED

2018-05-21 12:12:59 - [MESSAGE][PASSED] - projectSpecific.Reusability.getTestData is PASSED

2018-05-21 12:12:59 - [TEST_STEP][PASSED] - Statement - If (!(monthTextValue1.equals(month))): null

2018-05-21 12:12:59 - [TEST_STEP][PASSED] - Statement - While (!(monthTextValue1.equals(month))): null

2018-05-21 12:12:59 - [TEST_STEP][PASSED] - click: Object: 'Object Repository/ReportsPage/previousDateSelector2' is clicked on

2018-05-21 12:12:59 - [MESSAGE][PASSED] - Object: 'Object Repository/ReportsPage/previousDateSelector2' is clicked on

2018-05-21 12:12:59 - [TEST_STEP][PASSED] - Statement - monthText = com.kms.katalon.core.webui.keyword.WebUiBuiltInKeywords.getText(com.kms.katalon.core.testobject.ObjectRepository.findTestObject(ReportsPage/monthText2)): Text of object 'Object Repository/ReportsPage/monthText2' is: 'April 2018'

2018-05-21 12:12:59 - [MESSAGE][PASSED] - Text of object 'Object Repository/ReportsPage/monthText2' is: 'April 2018'

2018-05-21 12:12:59 - [TEST_STEP][PASSED] - Statement - monthTextArray = monthText.split(" "): null

2018-05-21 12:12:59 - [TEST_STEP][PASSED] - Statement - month = monthTextArray[0]: null

2018-05-21 12:12:59 - [TEST_STEP][PASSED] - click: Object: 'Object Repository/ReportsPage/previousDateSelector2' is clicked on

2018-05-21 12:12:59 - [MESSAGE][PASSED] - Object: 'Object Repository/ReportsPage/previousDateSelector2' is clicked on

2018-05-21 12:12:59 - [TEST_STEP][PASSED] - Statement - monthText = com.kms.katalon.core.webui.keyword.WebUiBuiltInKeywords.getText(com.kms.katalon.core.testobject.ObjectRepository.findTestObject(ReportsPage/monthText2)): Text of object 'Object Repository/ReportsPage/monthText2' is: 'March 2018'

2018-05-21 12:12:59 - [MESSAGE][PASSED] - Text of object 'Object Repository/ReportsPage/monthText2' is: 'March 2018'

2018-05-21 12:12:59 - [TEST_STEP][PASSED] - Statement - monthTextArray = monthText.split(" "): null

2018-05-21 12:12:59 - [TEST_STEP][PASSED] - Statement - month = monthTextArray[0]: null

2018-05-21 12:12:59 - [TEST_STEP][PASSED] - Statement - endDate = CustomKeywords.projectSpecific.Reusability.getTestData("ReportsPage", "EndDate_March2"): projectSpecific.Reusability.getTestData is PASSED

2018-05-21 12:12:59 - [MESSAGE][PASSED] - projectSpecific.Reusability.getTestData is PASSED

2018-05-21 12:12:59 - [TEST_STEP][PASSED] - Statement - toDate = "(//td[text()='" + endDate + "'])[2]": null

2018-05-21 12:12:59 - [TEST_STEP][PASSED] - Statement - println(toDate): null

2018-05-21 12:12:59 - [TEST_STEP][PASSED] - Statement - toDateEle = driver.findElement(org.openqa.selenium.By.xpath(toDate)): null

2018-05-21 12:12:59 - [TEST_STEP][PASSED] - Statement - toDateEle.click(): null

2018-05-21 12:12:59 - [TEST_STEP][PASSED] - delay: Delayed 5 second(s)

2018-05-21 12:13:04 - [MESSAGE][PASSED] - Delayed 5 second(s)

2018-05-21 12:13:04 - [TEST_STEP][PASSED] - Statement - dateAttr = com.kms.katalon.core.webui.keyword.WebUiBuiltInKeywords.getAttribute(com.kms.katalon.core.testobject.ObjectRepository.findTestObject(ReportsPage/selectedDate1), "value"): Attribute 'value' of object 'Object Repository/ReportsPage/selectedDate1' is: '03/13/2018'

2018-05-21 12:13:04 - [MESSAGE][PASSED] - Attribute 'value' of object 'Object Repository/ReportsPage/selectedDate1' is: '03/13/2018'

2018-05-21 12:13:04 - [TEST_STEP][PASSED] - Statement - fromDateValue = CustomKeywords.projectSpecific.Reusability.getTestData("ReportsPage", "fromDate_March2"): projectSpecific.Reusability.getTestData is PASSED

2018-05-21 12:13:04 - [MESSAGE][PASSED] - projectSpecific.Reusability.getTestData is PASSED

2018-05-21 12:13:04 - [TEST_STEP][PASSED] - Statement - If (!(dateAttr.equals(fromDateValue))): null

2018-05-21 12:13:04 - [TEST_STEP][PASSED] - Statement - dateAttr = com.kms.katalon.core.webui.keyword.WebUiBuiltInKeywords.getAttribute(com.kms.katalon.core.testobject.ObjectRepository.findTestObject(ReportsPage/selectedDate2), "value"): Attribute 'value' of object 'Object Repository/ReportsPage/selectedDate2' is: '03/16/2018'

2018-05-21 12:13:04 - [MESSAGE][PASSED] - Attribute 'value' of object 'Object Repository/ReportsPage/selectedDate2' is: '03/16/2018'

2018-05-21 12:13:04 - [TEST_STEP][PASSED] - Statement - toDateValue = CustomKeywords.projectSpecific.Reusability.getTestData("ReportsPage", "toDate_March2"): projectSpecific.Reusability.getTestData is PASSED

2018-05-21 12:13:04 - [MESSAGE][PASSED] - projectSpecific.Reusability.getTestData is PASSED

2018-05-21 12:13:04 - [TEST_STEP][PASSED] - Statement - If (!(dateAttr.equals(toDateValue))): null

2018-05-21 12:13:04 - [TEST_STEP][PASSED] - click: Object: 'Object Repository/ReportsPage/generateReport' is clicked on

2018-05-21 12:13:04 - [MESSAGE][PASSED] - Object: 'Object Repository/ReportsPage/generateReport' is clicked on

2018-05-21 12:13:04 - [TEST_STEP][PASSED] - delay: Delayed 5 second(s)

2018-05-21 12:13:09 - [MESSAGE][PASSED] - Delayed 5 second(s)

2018-05-21 12:13:09 - [TEST_STEP][PASSED] - Statement - printTime = CustomKeywords.uiaction.CommonUIActions.getText(com.kms.katalon.core.testobject.ObjectRepository.findTestObject(SummarizedReportPage/printTime)): uiaction.CommonUIActions.getText is PASSED

2018-05-21 12:13:10 - [MESSAGE][PASSED] - uiaction.CommonUIActions.getText is PASSED

2018-05-21 12:13:10 - [TEST_STEP][PASSED] - Statement - cal = java.util.Calendar.getInstance(): null

2018-05-21 12:13:10 - [TEST_STEP][PASSED] - Statement - sdf = new java.text.SimpleDateFormat(hh:mm a): null

2018-05-21 12:13:10 - [TEST_STEP][PASSED] - Statement - currentSystemTime = sdf.format(cal.getTime()): null

2018-05-21 12:13:10 - [TEST_STEP][PASSED] - Statement - out.println(currentSystemTime): null

2018-05-21 12:13:10 - [TEST_STEP][PASSED] - Statement - If (printTime == currentSystemTime): null

2018-05-21 12:13:10 - [TEST_STEP][PASSED] - Statement - out.println("Print Time is displayed the current local time "): null

2018-05-21 12:13:10 - [TEST_STEP][PASSED] - Statement - assert TCflag == true: null

2018-05-21 12:13:10 - [TEST_STEP][PASSED] - Start listener action : sampleAfterTestCase: Browser is closed

2018-05-21 12:13:10 - [TEST_STEP][PASSED] - Statement - println(testCaseContext.getTestCaseId()): null

2018-05-21 12:13:10 - [TEST_STEP][PASSED] - Statement - println(testCaseContext.getTestCaseStatus()): null

2018-05-21 12:13:10 - [TEST_STEP][PASSED] - closeBrowser: Browser is closed

2018-05-21 12:13:10 - [MESSAGE][PASSED] - Browser is closed]]></system-out>
         <system-err><![CDATA[]]></system-err>
      </testcase>
      <testcase name="Test Cases/MasqueradeTC/HME-Masquerade-01" classname="Test Cases/MasqueradeTC/HME-Masquerade-01" status="FAILED">
         <failure type="FAILED" message="com.kms.katalon.core.webui.exception.WebElementNotFoundException: Web element with id: 'Object Repository/UsersPage/viewEditButton' located by 'By.xpath: //a[text()='View/Edit']' not found"/>
         <system-out><![CDATA[2018-05-21 12:13:10 - [TEST_CASE][FAILED] - Test Cases/MasqueradeTC/HME-Masquerade-01: Test Cases/MasqueradeTC/HME-Masquerade-01 FAILED because (of) com.kms.katalon.core.webui.exception.WebElementNotFoundException: Web element with id: 'Object Repository/UsersPage/viewEditButton' located by 'By.xpath: //a[text()='View/Edit']' not found

2018-05-21 12:13:10 - [TEST_STEP][PASSED] - Start listener action : sampleBeforeTestCase: uiaction.CommonUIActions.deleteAllCookies is PASSED

2018-05-21 12:13:10 - [TEST_STEP][PASSED] - openBrowser: Browser is opened with url: ''

2018-05-21 12:13:12 - [MESSAGE][PASSED] - Browser is opened with url: ''

2018-05-21 12:13:12 - [TEST_STEP][PASSED] - maximizeWindow: Current window maximized

2018-05-21 12:13:14 - [MESSAGE][PASSED] - Current window maximized

2018-05-21 12:13:14 - [TEST_STEP][PASSED] - uiaction.CommonUIActions.deleteAllCookies: uiaction.CommonUIActions.deleteAllCookies is PASSED

2018-05-21 12:13:14 - [MESSAGE][PASSED] - Delete all cookies successfully

2018-05-21 12:13:14 - [MESSAGE][PASSED] - uiaction.CommonUIActions.deleteAllCookies is PASSED

2018-05-21 12:13:14 - [TEST_STEP][PASSED] - Statement - TCflag = true: null

2018-05-21 12:13:14 - [TEST_STEP][FAILED] - Statement - Try: null

2018-05-21 12:13:14 - [TEST_STEP][PASSED] - navigateToUrl: Navigate to 'https://hme-dev-public-cloud-app.azurewebsites.net/admin' successfully

2018-05-21 12:13:17 - [MESSAGE][PASSED] - Navigate to 'https://hme-dev-public-cloud-app.azurewebsites.net/admin' successfully

2018-05-21 12:13:17 - [TEST_STEP][PASSED] - projectSpecific.Reusability.login: projectSpecific.Reusability.login is PASSED

2018-05-21 12:13:17 - [MESSAGE][PASSED] - projectSpecific.Reusability.getTestData is PASSED

2018-05-21 12:13:17 - [MESSAGE][PASSED] - projectSpecific.Reusability.getTestData is PASSED

2018-05-21 12:13:17 - [MESSAGE][PASSED] - Text 'nous-abhradipr@hme.com' is set on object 'Object Repository/LoginPage/Username'

2018-05-21 12:13:17 - [MESSAGE][PASSED] - Text '6Qt*qmL88' is set on object 'Object Repository/LoginPage/Password'

2018-05-21 12:13:17 - [MESSAGE][PASSED] - Object: 'Object Repository/LoginPage/Login' is clicked on

2018-05-21 12:13:17 - [MESSAGE][PASSED] - projectSpecific.Reusability.login is PASSED

2018-05-21 12:13:17 - [TEST_STEP][PASSED] - delay: Delayed 10 second(s)

2018-05-21 12:13:27 - [MESSAGE][PASSED] - Delayed 10 second(s)

2018-05-21 12:13:27 - [TEST_STEP][PASSED] - uiaction.CommonUIActions.click: uiaction.CommonUIActions.click is PASSED

2018-05-21 12:13:48 - [MESSAGE][PASSED] - uiaction.CommonUIActions.click is PASSED

2018-05-21 12:13:48 - [TEST_STEP][PASSED] - delay: Delayed 10 second(s)

2018-05-21 12:13:58 - [MESSAGE][PASSED] - Delayed 10 second(s)

2018-05-21 12:13:58 - [TEST_STEP][PASSED] - verifyElementPresent: Object 'Object Repository/UsersPage/users' is present

2018-05-21 12:13:58 - [MESSAGE][PASSED] - Object 'Object Repository/UsersPage/users' is present

2018-05-21 12:13:58 - [TEST_STEP][FAILED] - verifyElementPresent: com.kms.katalon.core.webui.exception.WebElementNotFoundException: Web element with id: 'Object Repository/UsersPage/viewEditButton' located by 'By.xpath: //a[text()='View/Edit']' not found

2018-05-21 12:14:08 - [MESSAGE][FAILED] - com.kms.katalon.core.webui.exception.WebElementNotFoundException: Web element with id: 'Object Repository/UsersPage/viewEditButton' located by 'By.xpath: //a[text()='View/Edit']' not found
[[ATTACHMENT|C:\\Users\\shalinin\\Katalon Studio\\HME_Scripts\\Reports\\RegressionSuite\\20180521_121128\\1526885048291.png]]

2018-05-21 12:14:08 - [TEST_STEP][PASSED] - Statement - driver = com.kms.katalon.core.webui.driver.DriverFactory.getWebDriver(): null

2018-05-21 12:14:08 - [TEST_STEP][PASSED] - Statement - userList = driver.findElements(org.openqa.selenium.By.xpath(com.kms.katalon.core.testdata.TestDataFactory.findTestData(OR_file).getValue(2, 19))): Reading excel file with source file 'C:\Users\shalinin\Katalon Studio\HME_Scripts\Data Files\HME_OR.xlsx' and sheet name 'Sheet1'

2018-05-21 12:14:08 - [TEST_STEP][PASSED] - Statement - size1 = userList.size(): null

2018-05-21 12:14:08 - [TEST_STEP][PASSED] - Statement - If (size1 <= 0): null

2018-05-21 12:14:08 - [TEST_STEP][PASSED] - Statement - Else: null

2018-05-21 12:14:08 - [TEST_STEP][PASSED] - Statement - out.println("User List is displayed"): null

2018-05-21 12:14:08 - [TEST_STEP][PASSED] - Statement - viewEditButtonList = driver.findElements(org.openqa.selenium.By.xpath(com.kms.katalon.core.testdata.TestDataFactory.findTestData(OR_file).getValue(2, 20))): Reading excel file with source file 'C:\Users\shalinin\Katalon Studio\HME_Scripts\Data Files\HME_OR.xlsx' and sheet name 'Sheet1'

2018-05-21 12:14:08 - [TEST_STEP][PASSED] - Statement - size2 = viewEditButtonList.size(): null

2018-05-21 12:14:08 - [TEST_STEP][PASSED] - Statement - If (size2 <= 0): null

2018-05-21 12:14:08 - [TEST_STEP][PASSED] - Statement - If (TCflag): null

2018-05-21 12:14:08 - [TEST_STEP][PASSED] - Statement - out.println("View/Edit Button is not displayed for each user"): null

2018-05-21 12:14:08 - [TEST_STEP][PASSED] - Statement - assert TCflag == true: null

2018-05-21 12:14:08 - [TEST_STEP][PASSED] - Start listener action : sampleAfterTestCase: Browser is closed

2018-05-21 12:14:08 - [TEST_STEP][PASSED] - Statement - println(testCaseContext.getTestCaseId()): null

2018-05-21 12:14:08 - [TEST_STEP][PASSED] - Statement - println(testCaseContext.getTestCaseStatus()): null

2018-05-21 12:14:08 - [TEST_STEP][PASSED] - closeBrowser: Browser is closed

2018-05-21 12:14:09 - [MESSAGE][PASSED] - Browser is closed]]></system-out>
         <system-err><![CDATA[2018-05-21 12:13:10 - [TEST_CASE][FAILED] - Test Cases/MasqueradeTC/HME-Masquerade-01: Test Cases/MasqueradeTC/HME-Masquerade-01 FAILED because (of) com.kms.katalon.core.webui.exception.WebElementNotFoundException: Web element with id: 'Object Repository/UsersPage/viewEditButton' located by 'By.xpath: //a[text()='View/Edit']' not found]]></system-err>
      </testcase>
      <system-out><![CDATA[2018-05-21 12:11:30 - [TEST_SUITE][FAILED] - RegressionSuite: Test Cases/MasqueradeTC/HME-Masquerade-01 FAILED because (of) com.kms.katalon.core.webui.exception.WebElementNotFoundException: Web element with id: 'Object Repository/UsersPage/viewEditButton' located by 'By.xpath: //a[text()='View/Edit']' not found]]></system-out>
      <system-err><![CDATA[2018-05-21 12:11:30 - [TEST_SUITE][FAILED] - RegressionSuite: Test Cases/MasqueradeTC/HME-Masquerade-01 FAILED because (of) com.kms.katalon.core.webui.exception.WebElementNotFoundException: Web element with id: 'Object Repository/UsersPage/viewEditButton' located by 'By.xpath: //a[text()='View/Edit']' not found]]></system-err>
   </testsuite>
</testsuites>
