<?xml version="1.0" encoding="UTF-8"?>
<testsuites name="RegressionSuite" time="1446" tests="3" failures="4" errors="0">
   <testsuite name="RegressionSuite" tests="3" failures="4" errors="0" time="1446" timestamp="2018-05-29 09:13:26" hostname="shalinin - NIBC2129.nousinfo.com" id="Test Suites/RegressionSuite">
      <properties>
         <property name="deviceName" value=""/>
         <property name="devicePlatform" value=""/>
         <property name="logFolder" value="C:\\Users\\shalinin\\Katalon Studio\\HME_Scripts\\Reports\\RegressionSuite\\20180529_091324"/>
         <property name="logFiles" value="C:\\Users\\shalinin\\Katalon Studio\\HME_Scripts\\Reports\\RegressionSuite\\20180529_091324\\execution0.log"/>
         <property name="attachments" value="C:\\Users\\shalinin\\Katalon Studio\\HME_Scripts\\Reports\\RegressionSuite\\20180529_091324\\1527565440312.png, C:\\Users\\shalinin\\Katalon Studio\\HME_Scripts\\Reports\\RegressionSuite\\20180529_091324\\1527566277141.png, C:\\Users\\shalinin\\Katalon Studio\\HME_Scripts\\Reports\\RegressionSuite\\20180529_091324\\1527566287870.png"/>
         <property name="hostName" value="shalinin - NIBC2129.nousinfo.com"/>
         <property name="os" value="Windows 7 64bit"/>
         <property name="katalonVersion" value="5.3.1.1"/>
         <property name="browser" value="Chrome 66.0.3359.181"/>
         <property name="hostAddress" value="192.168.24.72"/>
         <property name="sessionId" value="53340da51cfcef2a55f82b3490f1cc6a"/>
         <property name="seleniumVersion" value="3.7.1"/>
         <property name="proxyInformation" value="ProxyInformation{proxyOption=NO_PROXY, proxyServerType=HTTP, password=, proxyServerAddress=, proxyServerPort=0}"/>
         <property name="platform" value="Windows 7"/>
      </properties>
      <testcase name="Test Cases/MasqueradeTC/HME-Masquerade-07" classname="Test Cases/MasqueradeTC/HME-Masquerade-07" status="PASSED">
         <system-out><![CDATA[2018-05-29 09:13:26 - [TEST_CASE][PASSED] - Test Cases/MasqueradeTC/HME-Masquerade-07: Browser is closed

2018-05-29 09:13:26 - [TEST_STEP][PASSED] - Start listener action : sampleBeforeTestCase: uiaction.CommonUIActions.deleteAllCookies is PASSED

2018-05-29 09:13:26 - [TEST_STEP][PASSED] - openBrowser: Browser is opened with url: ''

2018-05-29 09:13:29 - [MESSAGE][PASSED] - Browser is opened with url: ''

2018-05-29 09:13:29 - [TEST_STEP][PASSED] - maximizeWindow: Current window maximized

2018-05-29 09:13:30 - [MESSAGE][PASSED] - Current window maximized

2018-05-29 09:13:30 - [TEST_STEP][PASSED] - uiaction.CommonUIActions.deleteAllCookies: uiaction.CommonUIActions.deleteAllCookies is PASSED

2018-05-29 09:13:30 - [MESSAGE][PASSED] - Delete all cookies successfully

2018-05-29 09:13:30 - [MESSAGE][PASSED] - uiaction.CommonUIActions.deleteAllCookies is PASSED

2018-05-29 09:13:31 - [TEST_STEP][PASSED] - Statement - TCflag = true: null

2018-05-29 09:13:31 - [TEST_STEP][PASSED] - Statement - Try: uiaction.CommonUIActions.click is PASSED

2018-05-29 09:13:31 - [TEST_STEP][PASSED] - navigateToUrl: Navigate to 'https://hme-dev-public-cloud-app.azurewebsites.net/admin' successfully

2018-05-29 09:13:34 - [MESSAGE][PASSED] - Navigate to 'https://hme-dev-public-cloud-app.azurewebsites.net/admin' successfully

2018-05-29 09:13:34 - [TEST_STEP][PASSED] - projectSpecific.Reusability.login: projectSpecific.Reusability.login is PASSED

2018-05-29 09:13:35 - [MESSAGE][PASSED] - projectSpecific.Reusability.getTestData is PASSED

2018-05-29 09:13:35 - [MESSAGE][PASSED] - projectSpecific.Reusability.getTestData is PASSED

2018-05-29 09:13:35 - [MESSAGE][PASSED] - Text 'nous-abhradipr@hme.com' is set on object 'Object Repository/LoginPage/Username'

2018-05-29 09:13:35 - [MESSAGE][PASSED] - Text '6Qt*qmL88' is set on object 'Object Repository/LoginPage/Password'

2018-05-29 09:13:35 - [MESSAGE][PASSED] - Object: 'Object Repository/LoginPage/Login' is clicked on

2018-05-29 09:13:35 - [MESSAGE][PASSED] - projectSpecific.Reusability.login is PASSED

2018-05-29 09:13:35 - [TEST_STEP][PASSED] - delay: Delayed 15 second(s)

2018-05-29 09:13:50 - [MESSAGE][PASSED] - Delayed 15 second(s)

2018-05-29 09:13:50 - [TEST_STEP][PASSED] - verifyElementPresent: Object 'Object Repository/HomePage/loggedinUser' is present

2018-05-29 09:13:50 - [MESSAGE][PASSED] - Object 'Object Repository/HomePage/loggedinUser' is present

2018-05-29 09:13:50 - [TEST_STEP][PASSED] - Statement - loggedInUser = CustomKeywords.uiaction.CommonUIActions.getText(com.kms.katalon.core.testobject.ObjectRepository.findTestObject(Object Repository/HomePage/loggedinUser)): uiaction.CommonUIActions.getText is PASSED

2018-05-29 09:13:50 - [MESSAGE][PASSED] - uiaction.CommonUIActions.getText is PASSED

2018-05-29 09:13:50 - [TEST_STEP][PASSED] - Statement - loggedInUser = loggedInUser.trim(): null

2018-05-29 09:13:50 - [TEST_STEP][PASSED] - Statement - loggedinText = CustomKeywords.projectSpecific.Reusability.getTestData("HomePage", "loggedinText"): projectSpecific.Reusability.getTestData is PASSED

2018-05-29 09:13:50 - [MESSAGE][PASSED] - projectSpecific.Reusability.getTestData is PASSED

2018-05-29 09:13:50 - [TEST_STEP][PASSED] - Statement - If (loggedInUser.equals(loggedinText)): null

2018-05-29 09:13:50 - [TEST_STEP][PASSED] - Statement - welcomeUser = CustomKeywords.uiaction.CommonUIActions.getText(com.kms.katalon.core.testobject.ObjectRepository.findTestObject(Object Repository/HomePage/welcomeUserText)): uiaction.CommonUIActions.getText is PASSED

2018-05-29 09:13:50 - [MESSAGE][PASSED] - uiaction.CommonUIActions.getText is PASSED

2018-05-29 09:13:50 - [TEST_STEP][PASSED] - Statement - welcomeUser = welcomeUser.trim(): null

2018-05-29 09:13:50 - [TEST_STEP][PASSED] - Statement - welcomeText = CustomKeywords.projectSpecific.Reusability.getTestData("HomePage", "welcomeText"): projectSpecific.Reusability.getTestData is PASSED

2018-05-29 09:13:50 - [MESSAGE][PASSED] - projectSpecific.Reusability.getTestData is PASSED

2018-05-29 09:13:50 - [TEST_STEP][PASSED] - Statement - If (welcomeUser.equals(welcomeText)): null

2018-05-29 09:13:50 - [TEST_STEP][PASSED] - uiaction.CommonUIActions.click: uiaction.CommonUIActions.click is PASSED

2018-05-29 09:13:58 - [MESSAGE][PASSED] - uiaction.CommonUIActions.click is PASSED

2018-05-29 09:13:58 - [TEST_STEP][PASSED] - verifyElementPresent: Object 'Object Repository/StorePage/storeListHeading2' is present

2018-05-29 09:13:58 - [MESSAGE][PASSED] - Object 'Object Repository/StorePage/storeListHeading2' is present

2018-05-29 09:13:58 - [TEST_STEP][PASSED] - verifyElementPresent: Object 'Object Repository/StorePage/storeList' is present

2018-05-29 09:13:58 - [MESSAGE][PASSED] - Object 'Object Repository/StorePage/storeList' is present

2018-05-29 09:13:58 - [TEST_STEP][PASSED] - uiaction.CommonUIActions.click: uiaction.CommonUIActions.click is PASSED

2018-05-29 09:13:59 - [MESSAGE][PASSED] - uiaction.CommonUIActions.click is PASSED

2018-05-29 09:13:59 - [TEST_STEP][PASSED] - verifyElementPresent: Object 'Object Repository/StorePage/storedetailslabel' is present

2018-05-29 09:13:59 - [MESSAGE][PASSED] - Object 'Object Repository/StorePage/storedetailslabel' is present

2018-05-29 09:13:59 - [TEST_STEP][PASSED] - verifyElementPresent: Object 'Object Repository/StorePage/zoomlabel' is present

2018-05-29 09:13:59 - [MESSAGE][PASSED] - Object 'Object Repository/StorePage/zoomlabel' is present

2018-05-29 09:13:59 - [TEST_STEP][PASSED] - Statement - storedetail_label = CustomKeywords.projectSpecific.Reusability.getTestData("StorePage", "admin_Store_Labels"): projectSpecific.Reusability.getTestData is PASSED

2018-05-29 09:13:59 - [MESSAGE][PASSED] - projectSpecific.Reusability.getTestData is PASSED

2018-05-29 09:13:59 - [TEST_STEP][PASSED] - Statement - defaultareaselected = com.kms.katalon.core.webui.keyword.WebUiBuiltInKeywords.getAttribute(com.kms.katalon.core.testobject.ObjectRepository.findTestObject(StorePage/defaultstoredetsails), "aria-selected"): Attribute 'aria-selected' of object 'Object Repository/StorePage/defaultstoredetsails' is: 'true'

2018-05-29 09:13:59 - [MESSAGE][PASSED] - Attribute 'aria-selected' of object 'Object Repository/StorePage/defaultstoredetsails' is: 'true'

2018-05-29 09:13:59 - [TEST_STEP][PASSED] - Statement - If (defaultareaselected): null

2018-05-29 09:13:59 - [TEST_STEP][PASSED] - Statement - out.println("Store Details is set by default"): null

2018-05-29 09:13:59 - [TEST_STEP][PASSED] - Statement - driver = com.kms.katalon.core.webui.driver.DriverFactory.getWebDriver(): null

2018-05-29 09:13:59 - [TEST_STEP][PASSED] - Statement - storeHeaders = driver.findElements(org.openqa.selenium.By.xpath(com.kms.katalon.core.testdata.TestDataFactory.findTestData(OR_file).getValue(2, 1))): Reading excel file with source file 'C:\Users\shalinin\Katalon Studio\HME_Scripts\Data Files\HME_OR.xlsx' and sheet name 'Sheet1'

2018-05-29 09:14:00 - [TEST_STEP][PASSED] - Statement - storeArraylabels = storedetail_label.split(","): null

2018-05-29 09:14:00 - [TEST_STEP][PASSED] - Statement - storeListlabels = new java.util.ArrayList(java.util.Arrays.asList(storeArraylabels)): null

2018-05-29 09:14:00 - [TEST_STEP][PASSED] - Statement - storeListlabels.unique(): null

2018-05-29 09:14:00 - [TEST_STEP][PASSED] - Statement - out.println(storeListlabels): null

2018-05-29 09:14:00 - [TEST_STEP][PASSED] - Statement - count = 0: null

2018-05-29 09:14:00 - [TEST_STEP][PASSED] - Statement - For ([i = 0, i < storeHeaders.size(), (i++)]): null

2018-05-29 09:14:00 - [TEST_STEP][PASSED] - Statement - storeHeadingText = storeHeaders.get(i).getText().trim(): null

2018-05-29 09:14:00 - [TEST_STEP][PASSED] - Statement - storeHeadingText = storeHeadingText.replace("*", ""): null

2018-05-29 09:14:00 - [TEST_STEP][PASSED] - Statement - execFlag = com.kms.katalon.core.webui.keyword.WebUiBuiltInKeywords.verifyMatch(storeHeadingText, storeListlabels[i].toString().trim(), false): Actual text '' and expected text '' are matched 

2018-05-29 09:14:00 - [MESSAGE][PASSED] - Actual text '' and expected text '' are matched 

2018-05-29 09:14:00 - [TEST_STEP][PASSED] - Statement - If (execFlag): null

2018-05-29 09:14:00 - [TEST_STEP][PASSED] - Statement - (count++): null

2018-05-29 09:14:00 - [TEST_STEP][PASSED] - Statement - storeHeadingText = storeHeaders.get(i).getText().trim(): null

2018-05-29 09:14:00 - [TEST_STEP][PASSED] - Statement - storeHeadingText = storeHeadingText.replace("*", ""): null

2018-05-29 09:14:00 - [TEST_STEP][PASSED] - Statement - execFlag = com.kms.katalon.core.webui.keyword.WebUiBuiltInKeywords.verifyMatch(storeHeadingText, storeListlabels[i].toString().trim(), false): Actual text 'Company Name' and expected text 'Company Name' are matched 

2018-05-29 09:14:00 - [MESSAGE][PASSED] - Actual text 'Company Name' and expected text 'Company Name' are matched 

2018-05-29 09:14:00 - [TEST_STEP][PASSED] - Statement - If (execFlag): null

2018-05-29 09:14:00 - [TEST_STEP][PASSED] - Statement - (count++): null

2018-05-29 09:14:00 - [TEST_STEP][PASSED] - Statement - storeHeadingText = storeHeaders.get(i).getText().trim(): null

2018-05-29 09:14:00 - [TEST_STEP][PASSED] - Statement - storeHeadingText = storeHeadingText.replace("*", ""): null

2018-05-29 09:14:00 - [TEST_STEP][PASSED] - Statement - execFlag = com.kms.katalon.core.webui.keyword.WebUiBuiltInKeywords.verifyMatch(storeHeadingText, storeListlabels[i].toString().trim(), false): Actual text 'Brand' and expected text 'Brand' are matched 

2018-05-29 09:14:00 - [MESSAGE][PASSED] - Actual text 'Brand' and expected text 'Brand' are matched 

2018-05-29 09:14:00 - [TEST_STEP][PASSED] - Statement - If (execFlag): null

2018-05-29 09:14:00 - [TEST_STEP][PASSED] - Statement - (count++): null

2018-05-29 09:14:00 - [TEST_STEP][PASSED] - Statement - storeHeadingText = storeHeaders.get(i).getText().trim(): null

2018-05-29 09:14:00 - [TEST_STEP][PASSED] - Statement - storeHeadingText = storeHeadingText.replace("*", ""): null

2018-05-29 09:14:00 - [TEST_STEP][PASSED] - Statement - execFlag = com.kms.katalon.core.webui.keyword.WebUiBuiltInKeywords.verifyMatch(storeHeadingText, storeListlabels[i].toString().trim(), false): Actual text 'Store #' and expected text 'Store #' are matched 

2018-05-29 09:14:00 - [MESSAGE][PASSED] - Actual text 'Store #' and expected text 'Store #' are matched 

2018-05-29 09:14:00 - [TEST_STEP][PASSED] - Statement - If (execFlag): null

2018-05-29 09:14:00 - [TEST_STEP][PASSED] - Statement - (count++): null

2018-05-29 09:14:00 - [TEST_STEP][PASSED] - Statement - storeHeadingText = storeHeaders.get(i).getText().trim(): null

2018-05-29 09:14:00 - [TEST_STEP][PASSED] - Statement - storeHeadingText = storeHeadingText.replace("*", ""): null

2018-05-29 09:14:00 - [TEST_STEP][PASSED] - Statement - execFlag = com.kms.katalon.core.webui.keyword.WebUiBuiltInKeywords.verifyMatch(storeHeadingText, storeListlabels[i].toString().trim(), false): Actual text 'Store Name' and expected text 'Store Name' are matched 

2018-05-29 09:14:00 - [MESSAGE][PASSED] - Actual text 'Store Name' and expected text 'Store Name' are matched 

2018-05-29 09:14:00 - [TEST_STEP][PASSED] - Statement - If (execFlag): null

2018-05-29 09:14:00 - [TEST_STEP][PASSED] - Statement - (count++): null

2018-05-29 09:14:00 - [TEST_STEP][PASSED] - Statement - storeHeadingText = storeHeaders.get(i).getText().trim(): null

2018-05-29 09:14:00 - [TEST_STEP][PASSED] - Statement - storeHeadingText = storeHeadingText.replace("*", ""): null

2018-05-29 09:14:00 - [TEST_STEP][PASSED] - Statement - execFlag = com.kms.katalon.core.webui.keyword.WebUiBuiltInKeywords.verifyMatch(storeHeadingText, storeListlabels[i].toString().trim(), false): Actual text 'Store Address' and expected text 'Store Address' are matched 

2018-05-29 09:14:00 - [MESSAGE][PASSED] - Actual text 'Store Address' and expected text 'Store Address' are matched 

2018-05-29 09:14:00 - [TEST_STEP][PASSED] - Statement - If (execFlag): null

2018-05-29 09:14:00 - [TEST_STEP][PASSED] - Statement - (count++): null

2018-05-29 09:14:00 - [TEST_STEP][PASSED] - Statement - storeHeadingText = storeHeaders.get(i).getText().trim(): null

2018-05-29 09:14:00 - [TEST_STEP][PASSED] - Statement - storeHeadingText = storeHeadingText.replace("*", ""): null

2018-05-29 09:14:00 - [TEST_STEP][PASSED] - Statement - execFlag = com.kms.katalon.core.webui.keyword.WebUiBuiltInKeywords.verifyMatch(storeHeadingText, storeListlabels[i].toString().trim(), false): Actual text 'Serial #' and expected text 'Serial #' are matched 

2018-05-29 09:14:00 - [MESSAGE][PASSED] - Actual text 'Serial #' and expected text 'Serial #' are matched 

2018-05-29 09:14:00 - [TEST_STEP][PASSED] - Statement - If (execFlag): null

2018-05-29 09:14:00 - [TEST_STEP][PASSED] - Statement - (count++): null

2018-05-29 09:14:00 - [TEST_STEP][PASSED] - Statement - storeHeadingText = storeHeaders.get(i).getText().trim(): null

2018-05-29 09:14:00 - [TEST_STEP][PASSED] - Statement - storeHeadingText = storeHeadingText.replace("*", ""): null

2018-05-29 09:14:00 - [TEST_STEP][PASSED] - Statement - execFlag = com.kms.katalon.core.webui.keyword.WebUiBuiltInKeywords.verifyMatch(storeHeadingText, storeListlabels[i].toString().trim(), false): Actual text 'Version' and expected text 'Version' are matched 

2018-05-29 09:14:00 - [MESSAGE][PASSED] - Actual text 'Version' and expected text 'Version' are matched 

2018-05-29 09:14:00 - [TEST_STEP][PASSED] - Statement - If (execFlag): null

2018-05-29 09:14:00 - [TEST_STEP][PASSED] - Statement - (count++): null

2018-05-29 09:14:00 - [TEST_STEP][PASSED] - Statement - storeHeadingText = storeHeaders.get(i).getText().trim(): null

2018-05-29 09:14:00 - [TEST_STEP][PASSED] - Statement - storeHeadingText = storeHeadingText.replace("*", ""): null

2018-05-29 09:14:00 - [TEST_STEP][PASSED] - Statement - execFlag = com.kms.katalon.core.webui.keyword.WebUiBuiltInKeywords.verifyMatch(storeHeadingText, storeListlabels[i].toString().trim(), false): Actual text 'Subscription' and expected text 'Subscription' are matched 

2018-05-29 09:14:00 - [MESSAGE][PASSED] - Actual text 'Subscription' and expected text 'Subscription' are matched 

2018-05-29 09:14:00 - [TEST_STEP][PASSED] - Statement - If (execFlag): null

2018-05-29 09:14:00 - [TEST_STEP][PASSED] - Statement - (count++): null

2018-05-29 09:14:00 - [TEST_STEP][PASSED] - Statement - storeHeadingText = storeHeaders.get(i).getText().trim(): null

2018-05-29 09:14:00 - [TEST_STEP][PASSED] - Statement - storeHeadingText = storeHeadingText.replace("*", ""): null

2018-05-29 09:14:00 - [TEST_STEP][PASSED] - Statement - execFlag = com.kms.katalon.core.webui.keyword.WebUiBuiltInKeywords.verifyMatch(storeHeadingText, storeListlabels[i].toString().trim(), false): Actual text 'Status' and expected text 'Status' are matched 

2018-05-29 09:14:00 - [MESSAGE][PASSED] - Actual text 'Status' and expected text 'Status' are matched 

2018-05-29 09:14:00 - [TEST_STEP][PASSED] - Statement - If (execFlag): null

2018-05-29 09:14:00 - [TEST_STEP][PASSED] - Statement - (count++): null

2018-05-29 09:14:00 - [TEST_STEP][PASSED] - Statement - If (count == storeHeaders.size()): Taking screenshot successfully

2018-05-29 09:14:00 - [TEST_STEP][PASSED] - takeScreenshot: Taking screenshot successfully

2018-05-29 09:14:00 - [MESSAGE][PASSED] - Taking screenshot successfully
[[ATTACHMENT|C:\\Users\\shalinin\\Katalon Studio\\HME_Scripts\\Reports\\RegressionSuite\\20180529_091324\\1527565440312.png]]

2018-05-29 09:14:00 - [TEST_STEP][PASSED] - Statement - storeDetails = CustomKeywords.projectSpecific.Reusability.getTestData("StorePage", "admin_Store_Details"): projectSpecific.Reusability.getTestData is PASSED

2018-05-29 09:14:00 - [MESSAGE][PASSED] - projectSpecific.Reusability.getTestData is PASSED

2018-05-29 09:14:00 - [TEST_STEP][PASSED] - Statement - storeArray = storeDetails.split(","): null

2018-05-29 09:14:00 - [TEST_STEP][PASSED] - Statement - storeList = new java.util.ArrayList(java.util.Arrays.asList(storeArray)): null

2018-05-29 09:14:00 - [TEST_STEP][PASSED] - Statement - storeList.unique(): null

2018-05-29 09:14:00 - [TEST_STEP][PASSED] - Statement - out.println(storeList): null

2018-05-29 09:14:00 - [TEST_STEP][PASSED] - Statement - storeElements = driver.findElements(org.openqa.selenium.By.xpath(com.kms.katalon.core.testdata.TestDataFactory.findTestData(OR_file).getValue(2, 21))): Reading excel file with source file 'C:\Users\shalinin\Katalon Studio\HME_Scripts\Data Files\HME_OR.xlsx' and sheet name 'Sheet1'

2018-05-29 09:14:00 - [TEST_STEP][PASSED] - Statement - actualList = new java.util.ArrayList(): null

2018-05-29 09:14:00 - [TEST_STEP][PASSED] - Statement - For ([i = 0, i < storeElements.size(), (i++)]): null

2018-05-29 09:14:00 - [TEST_STEP][PASSED] - Statement - actualList.add(i, storeElements.get(i).getText()): null

2018-05-29 09:14:00 - [TEST_STEP][PASSED] - Statement - actualList.add(i, storeElements.get(i).getText()): null

2018-05-29 09:14:00 - [TEST_STEP][PASSED] - Statement - actualList.add(i, storeElements.get(i).getText()): null

2018-05-29 09:14:00 - [TEST_STEP][PASSED] - Statement - actualList.add(i, storeElements.get(i).getText()): null

2018-05-29 09:14:00 - [TEST_STEP][PASSED] - Statement - actualList.add(i, storeElements.get(i).getText()): null

2018-05-29 09:14:00 - [TEST_STEP][PASSED] - Statement - actualList.add(i, storeElements.get(i).getText()): null

2018-05-29 09:14:00 - [TEST_STEP][PASSED] - Statement - actualList.add(i, storeElements.get(i).getText()): null

2018-05-29 09:14:00 - [TEST_STEP][PASSED] - Statement - actualList.add(i, storeElements.get(i).getText()): null

2018-05-29 09:14:00 - [TEST_STEP][PASSED] - Statement - actualList.add(i, storeElements.get(i).getText()): null

2018-05-29 09:14:00 - [TEST_STEP][PASSED] - Statement - actualList.add(i, storeElements.get(i).getText()): null

2018-05-29 09:14:00 - [TEST_STEP][PASSED] - Statement - actualList.add(i, storeElements.get(i).getText()): null

2018-05-29 09:14:00 - [TEST_STEP][PASSED] - Statement - actualList.add(i, storeElements.get(i).getText()): null

2018-05-29 09:14:00 - [TEST_STEP][PASSED] - Statement - actualList.add(i, storeElements.get(i).getText()): null

2018-05-29 09:14:00 - [TEST_STEP][PASSED] - Statement - actualList.add(i, storeElements.get(i).getText()): null

2018-05-29 09:14:00 - [TEST_STEP][PASSED] - Statement - out.println(actualList): null

2018-05-29 09:14:00 - [TEST_STEP][PASSED] - Statement - execFlag1 = true: null

2018-05-29 09:14:00 - [TEST_STEP][PASSED] - Statement - For ([j = 0, j < actualList.size(), (j++)]): null

2018-05-29 09:14:00 - [TEST_STEP][PASSED] - Statement - execFlag1 = com.kms.katalon.core.webui.keyword.WebUiBuiltInKeywords.verifyMatch(storeList.get(j).toString().trim(), actualList.get(j).toString().trim(), false): Actual text 'Brand: *' and expected text 'Brand: *' are matched 

2018-05-29 09:14:00 - [MESSAGE][PASSED] - Actual text 'Brand: *' and expected text 'Brand: *' are matched 

2018-05-29 09:14:00 - [TEST_STEP][PASSED] - Statement - If (!(execFlag1)): null

2018-05-29 09:14:00 - [TEST_STEP][PASSED] - Statement - execFlag1 = com.kms.katalon.core.webui.keyword.WebUiBuiltInKeywords.verifyMatch(storeList.get(j).toString().trim(), actualList.get(j).toString().trim(), false): Actual text 'Store Name:' and expected text 'Store Name:' are matched 

2018-05-29 09:14:00 - [MESSAGE][PASSED] - Actual text 'Store Name:' and expected text 'Store Name:' are matched 

2018-05-29 09:14:00 - [TEST_STEP][PASSED] - Statement - If (!(execFlag1)): null

2018-05-29 09:14:00 - [TEST_STEP][PASSED] - Statement - execFlag1 = com.kms.katalon.core.webui.keyword.WebUiBuiltInKeywords.verifyMatch(storeList.get(j).toString().trim(), actualList.get(j).toString().trim(), false): Actual text 'Store Number: *' and expected text 'Store Number: *' are matched 

2018-05-29 09:14:00 - [MESSAGE][PASSED] - Actual text 'Store Number: *' and expected text 'Store Number: *' are matched 

2018-05-29 09:14:00 - [TEST_STEP][PASSED] - Statement - If (!(execFlag1)): null

2018-05-29 09:14:00 - [TEST_STEP][PASSED] - Statement - execFlag1 = com.kms.katalon.core.webui.keyword.WebUiBuiltInKeywords.verifyMatch(storeList.get(j).toString().trim(), actualList.get(j).toString().trim(), false): Actual text 'Address Line 1: *' and expected text 'Address Line 1: *' are matched 

2018-05-29 09:14:00 - [MESSAGE][PASSED] - Actual text 'Address Line 1: *' and expected text 'Address Line 1: *' are matched 

2018-05-29 09:14:00 - [TEST_STEP][PASSED] - Statement - If (!(execFlag1)): null

2018-05-29 09:14:00 - [TEST_STEP][PASSED] - Statement - execFlag1 = com.kms.katalon.core.webui.keyword.WebUiBuiltInKeywords.verifyMatch(storeList.get(j).toString().trim(), actualList.get(j).toString().trim(), false): Actual text 'Address Line 2:' and expected text 'Address Line 2:' are matched 

2018-05-29 09:14:00 - [MESSAGE][PASSED] - Actual text 'Address Line 2:' and expected text 'Address Line 2:' are matched 

2018-05-29 09:14:00 - [TEST_STEP][PASSED] - Statement - If (!(execFlag1)): null

2018-05-29 09:14:00 - [TEST_STEP][PASSED] - Statement - execFlag1 = com.kms.katalon.core.webui.keyword.WebUiBuiltInKeywords.verifyMatch(storeList.get(j).toString().trim(), actualList.get(j).toString().trim(), false): Actual text 'Address Line 3:' and expected text 'Address Line 3:' are matched 

2018-05-29 09:14:00 - [MESSAGE][PASSED] - Actual text 'Address Line 3:' and expected text 'Address Line 3:' are matched 

2018-05-29 09:14:00 - [TEST_STEP][PASSED] - Statement - If (!(execFlag1)): null

2018-05-29 09:14:00 - [TEST_STEP][PASSED] - Statement - execFlag1 = com.kms.katalon.core.webui.keyword.WebUiBuiltInKeywords.verifyMatch(storeList.get(j).toString().trim(), actualList.get(j).toString().trim(), false): Actual text 'Address Line 4:' and expected text 'Address Line 4:' are matched 

2018-05-29 09:14:00 - [MESSAGE][PASSED] - Actual text 'Address Line 4:' and expected text 'Address Line 4:' are matched 

2018-05-29 09:14:00 - [TEST_STEP][PASSED] - Statement - If (!(execFlag1)): null

2018-05-29 09:14:00 - [TEST_STEP][PASSED] - Statement - execFlag1 = com.kms.katalon.core.webui.keyword.WebUiBuiltInKeywords.verifyMatch(storeList.get(j).toString().trim(), actualList.get(j).toString().trim(), false): Actual text 'City: *' and expected text 'City: *' are matched 

2018-05-29 09:14:00 - [MESSAGE][PASSED] - Actual text 'City: *' and expected text 'City: *' are matched 

2018-05-29 09:14:00 - [TEST_STEP][PASSED] - Statement - If (!(execFlag1)): null

2018-05-29 09:14:00 - [TEST_STEP][PASSED] - Statement - execFlag1 = com.kms.katalon.core.webui.keyword.WebUiBuiltInKeywords.verifyMatch(storeList.get(j).toString().trim(), actualList.get(j).toString().trim(), false): Actual text 'Region: *' and expected text 'Region: *' are matched 

2018-05-29 09:14:00 - [MESSAGE][PASSED] - Actual text 'Region: *' and expected text 'Region: *' are matched 

2018-05-29 09:14:00 - [TEST_STEP][PASSED] - Statement - If (!(execFlag1)): null

2018-05-29 09:14:00 - [TEST_STEP][PASSED] - Statement - execFlag1 = com.kms.katalon.core.webui.keyword.WebUiBuiltInKeywords.verifyMatch(storeList.get(j).toString().trim(), actualList.get(j).toString().trim(), false): Actual text 'Zip: *' and expected text 'Zip: *' are matched 

2018-05-29 09:14:00 - [MESSAGE][PASSED] - Actual text 'Zip: *' and expected text 'Zip: *' are matched 

2018-05-29 09:14:00 - [TEST_STEP][PASSED] - Statement - If (!(execFlag1)): null

2018-05-29 09:14:00 - [TEST_STEP][PASSED] - Statement - execFlag1 = com.kms.katalon.core.webui.keyword.WebUiBuiltInKeywords.verifyMatch(storeList.get(j).toString().trim(), actualList.get(j).toString().trim(), false): Actual text 'Country: *' and expected text 'Country: *' are matched 

2018-05-29 09:14:00 - [MESSAGE][PASSED] - Actual text 'Country: *' and expected text 'Country: *' are matched 

2018-05-29 09:14:00 - [TEST_STEP][PASSED] - Statement - If (!(execFlag1)): null

2018-05-29 09:14:00 - [TEST_STEP][PASSED] - Statement - execFlag1 = com.kms.katalon.core.webui.keyword.WebUiBuiltInKeywords.verifyMatch(storeList.get(j).toString().trim(), actualList.get(j).toString().trim(), false): Actual text 'Timezone: *' and expected text 'Timezone: *' are matched 

2018-05-29 09:14:00 - [MESSAGE][PASSED] - Actual text 'Timezone: *' and expected text 'Timezone: *' are matched 

2018-05-29 09:14:00 - [TEST_STEP][PASSED] - Statement - If (!(execFlag1)): null

2018-05-29 09:14:00 - [TEST_STEP][PASSED] - Statement - execFlag1 = com.kms.katalon.core.webui.keyword.WebUiBuiltInKeywords.verifyMatch(storeList.get(j).toString().trim(), actualList.get(j).toString().trim(), false): Actual text 'Phone: *' and expected text 'Phone: *' are matched 

2018-05-29 09:14:00 - [MESSAGE][PASSED] - Actual text 'Phone: *' and expected text 'Phone: *' are matched 

2018-05-29 09:14:00 - [TEST_STEP][PASSED] - Statement - If (!(execFlag1)): null

2018-05-29 09:14:00 - [TEST_STEP][PASSED] - Statement - execFlag1 = com.kms.katalon.core.webui.keyword.WebUiBuiltInKeywords.verifyMatch(storeList.get(j).toString().trim(), actualList.get(j).toString().trim(), false): Actual text 'Fax:' and expected text 'Fax:' are matched 

2018-05-29 09:14:00 - [MESSAGE][PASSED] - Actual text 'Fax:' and expected text 'Fax:' are matched 

2018-05-29 09:14:00 - [TEST_STEP][PASSED] - Statement - If (!(execFlag1)): null

2018-05-29 09:14:00 - [TEST_STEP][PASSED] - Statement - If (execFlag1): null

2018-05-29 09:14:00 - [TEST_STEP][PASSED] - Statement - out.println("Store details labels are verified"): null

2018-05-29 09:14:00 - [TEST_STEP][PASSED] - Statement - attrDisabled = com.kms.katalon.core.webui.keyword.WebUiBuiltInKeywords.getAttribute(com.kms.katalon.core.testobject.ObjectRepository.findTestObject(StorePage/brandSelect), "disabled"): Attribute 'disabled' of object 'Object Repository/StorePage/brandSelect' is: 'true'

2018-05-29 09:14:01 - [MESSAGE][PASSED] - Attribute 'disabled' of object 'Object Repository/StorePage/brandSelect' is: 'true'

2018-05-29 09:14:01 - [TEST_STEP][PASSED] - Statement - If (attrDisabled): null

2018-05-29 09:14:01 - [TEST_STEP][PASSED] - Statement - out.println("Brand name is not editable field"): null

2018-05-29 09:14:01 - [TEST_STEP][PASSED] - Statement - inputFields = driver.findElements(org.openqa.selenium.By.xpath(com.kms.katalon.core.testdata.TestDataFactory.findTestData(OR_file).getValue(2, 22))): Reading excel file with source file 'C:\Users\shalinin\Katalon Studio\HME_Scripts\Data Files\HME_OR.xlsx' and sheet name 'Sheet1'

2018-05-29 09:14:01 - [TEST_STEP][PASSED] - Statement - inputFieldsResults = new java.util.ArrayList(): null

2018-05-29 09:14:01 - [TEST_STEP][PASSED] - Statement - For ([i = 0, i < inputFields.size(), (i++)]): Delayed 3 second(s)

2018-05-29 09:14:01 - [TEST_STEP][PASSED] - Statement - If (i != 1): null

2018-05-29 09:14:01 - [TEST_STEP][PASSED] - Statement - attr = inputFields[i].getAttribute("disabled"): null

2018-05-29 09:14:01 - [TEST_STEP][PASSED] - Statement - If (attr): null

2018-05-29 09:14:01 - [TEST_STEP][PASSED] - delay: Delayed 3 second(s)

2018-05-29 09:14:04 - [MESSAGE][PASSED] - Delayed 3 second(s)

2018-05-29 09:14:04 - [TEST_STEP][PASSED] - Statement - If (i != 1): null

2018-05-29 09:14:04 - [TEST_STEP][PASSED] - Statement - Else: null

2018-05-29 09:14:04 - [TEST_STEP][PASSED] - Statement - inputFieldsResults[i] = "disabled": null

2018-05-29 09:14:04 - [TEST_STEP][PASSED] - delay: Delayed 3 second(s)

2018-05-29 09:14:07 - [MESSAGE][PASSED] - Delayed 3 second(s)

2018-05-29 09:14:07 - [TEST_STEP][PASSED] - Statement - If (i != 1): null

2018-05-29 09:14:07 - [TEST_STEP][PASSED] - Statement - attr = inputFields[i].getAttribute("disabled"): null

2018-05-29 09:14:07 - [TEST_STEP][PASSED] - Statement - If (attr): null

2018-05-29 09:14:07 - [TEST_STEP][PASSED] - delay: Delayed 3 second(s)

2018-05-29 09:14:10 - [MESSAGE][PASSED] - Delayed 3 second(s)

2018-05-29 09:14:10 - [TEST_STEP][PASSED] - Statement - If (i != 1): null

2018-05-29 09:14:10 - [TEST_STEP][PASSED] - Statement - attr = inputFields[i].getAttribute("disabled"): null

2018-05-29 09:14:10 - [TEST_STEP][PASSED] - Statement - If (attr): null

2018-05-29 09:14:10 - [TEST_STEP][PASSED] - delay: Delayed 3 second(s)

2018-05-29 09:14:13 - [MESSAGE][PASSED] - Delayed 3 second(s)

2018-05-29 09:14:13 - [TEST_STEP][PASSED] - Statement - If (i != 1): null

2018-05-29 09:14:13 - [TEST_STEP][PASSED] - Statement - attr = inputFields[i].getAttribute("disabled"): null

2018-05-29 09:14:13 - [TEST_STEP][PASSED] - Statement - If (attr): null

2018-05-29 09:14:13 - [TEST_STEP][PASSED] - delay: Delayed 3 second(s)

2018-05-29 09:14:16 - [MESSAGE][PASSED] - Delayed 3 second(s)

2018-05-29 09:14:16 - [TEST_STEP][PASSED] - Statement - If (i != 1): null

2018-05-29 09:14:16 - [TEST_STEP][PASSED] - Statement - attr = inputFields[i].getAttribute("disabled"): null

2018-05-29 09:14:16 - [TEST_STEP][PASSED] - Statement - If (attr): null

2018-05-29 09:14:16 - [TEST_STEP][PASSED] - delay: Delayed 3 second(s)

2018-05-29 09:14:19 - [MESSAGE][PASSED] - Delayed 3 second(s)

2018-05-29 09:14:19 - [TEST_STEP][PASSED] - Statement - If (i != 1): null

2018-05-29 09:14:19 - [TEST_STEP][PASSED] - Statement - attr = inputFields[i].getAttribute("disabled"): null

2018-05-29 09:14:19 - [TEST_STEP][PASSED] - Statement - If (attr): null

2018-05-29 09:14:19 - [TEST_STEP][PASSED] - delay: Delayed 3 second(s)

2018-05-29 09:14:22 - [MESSAGE][PASSED] - Delayed 3 second(s)

2018-05-29 09:14:22 - [TEST_STEP][PASSED] - Statement - If (i != 1): null

2018-05-29 09:14:22 - [TEST_STEP][PASSED] - Statement - attr = inputFields[i].getAttribute("disabled"): null

2018-05-29 09:14:22 - [TEST_STEP][PASSED] - Statement - If (attr): null

2018-05-29 09:14:22 - [TEST_STEP][PASSED] - delay: Delayed 3 second(s)

2018-05-29 09:14:25 - [MESSAGE][PASSED] - Delayed 3 second(s)

2018-05-29 09:14:25 - [TEST_STEP][PASSED] - Statement - If (i != 1): null

2018-05-29 09:14:25 - [TEST_STEP][PASSED] - Statement - attr = inputFields[i].getAttribute("disabled"): null

2018-05-29 09:14:25 - [TEST_STEP][PASSED] - Statement - If (attr): null

2018-05-29 09:14:25 - [TEST_STEP][PASSED] - delay: Delayed 3 second(s)

2018-05-29 09:14:28 - [MESSAGE][PASSED] - Delayed 3 second(s)

2018-05-29 09:14:28 - [TEST_STEP][PASSED] - Statement - If (i != 1): null

2018-05-29 09:14:28 - [TEST_STEP][PASSED] - Statement - attr = inputFields[i].getAttribute("disabled"): null

2018-05-29 09:14:28 - [TEST_STEP][PASSED] - Statement - If (attr): null

2018-05-29 09:14:28 - [TEST_STEP][PASSED] - delay: Delayed 3 second(s)

2018-05-29 09:14:31 - [MESSAGE][PASSED] - Delayed 3 second(s)

2018-05-29 09:14:31 - [TEST_STEP][PASSED] - Statement - s = inputFieldsResults[1]: null

2018-05-29 09:14:31 - [TEST_STEP][PASSED] - Statement - isEditable = false: null

2018-05-29 09:14:31 - [TEST_STEP][PASSED] - Statement - For ([j = 2, j < inputFieldsResults.size(), (j++)]): null

2018-05-29 09:14:31 - [TEST_STEP][PASSED] - Statement - s1 = inputFieldsResults[j]: null

2018-05-29 09:14:31 - [TEST_STEP][PASSED] - Statement - If (!(s1.equals(s))): null

2018-05-29 09:14:31 - [TEST_STEP][PASSED] - Statement - s1 = inputFieldsResults[j]: null

2018-05-29 09:14:31 - [TEST_STEP][PASSED] - Statement - If (!(s1.equals(s))): null

2018-05-29 09:14:31 - [TEST_STEP][PASSED] - Statement - s1 = inputFieldsResults[j]: null

2018-05-29 09:14:31 - [TEST_STEP][PASSED] - Statement - If (!(s1.equals(s))): null

2018-05-29 09:14:31 - [TEST_STEP][PASSED] - Statement - s1 = inputFieldsResults[j]: null

2018-05-29 09:14:31 - [TEST_STEP][PASSED] - Statement - If (!(s1.equals(s))): null

2018-05-29 09:14:31 - [TEST_STEP][PASSED] - Statement - s1 = inputFieldsResults[j]: null

2018-05-29 09:14:31 - [TEST_STEP][PASSED] - Statement - If (!(s1.equals(s))): null

2018-05-29 09:14:31 - [TEST_STEP][PASSED] - Statement - s1 = inputFieldsResults[j]: null

2018-05-29 09:14:31 - [TEST_STEP][PASSED] - Statement - If (!(s1.equals(s))): null

2018-05-29 09:14:31 - [TEST_STEP][PASSED] - Statement - s1 = inputFieldsResults[j]: null

2018-05-29 09:14:31 - [TEST_STEP][PASSED] - Statement - If (!(s1.equals(s))): null

2018-05-29 09:14:31 - [TEST_STEP][PASSED] - Statement - s1 = inputFieldsResults[j]: null

2018-05-29 09:14:31 - [TEST_STEP][PASSED] - Statement - If (!(s1.equals(s))): null

2018-05-29 09:14:31 - [TEST_STEP][PASSED] - Statement - If (!(isEditable)): null

2018-05-29 09:14:31 - [TEST_STEP][PASSED] - Statement - out.println("Store fields are not editable"): null

2018-05-29 09:14:31 - [TEST_STEP][PASSED] - Statement - attrDisabled = com.kms.katalon.core.webui.keyword.WebUiBuiltInKeywords.getAttribute(com.kms.katalon.core.testobject.ObjectRepository.findTestObject(StorePage/store_City), "disabled"): Attribute 'disabled' of object 'Object Repository/StorePage/store_City' is: 'true'

2018-05-29 09:14:31 - [MESSAGE][PASSED] - Attribute 'disabled' of object 'Object Repository/StorePage/store_City' is: 'true'

2018-05-29 09:14:31 - [TEST_STEP][PASSED] - Statement - If (attrDisabled): null

2018-05-29 09:14:31 - [TEST_STEP][PASSED] - Statement - out.println("Store City is disabled"): null

2018-05-29 09:14:31 - [TEST_STEP][PASSED] - Statement - attrDisabled = com.kms.katalon.core.webui.keyword.WebUiBuiltInKeywords.getAttribute(com.kms.katalon.core.testobject.ObjectRepository.findTestObject(StorePage/store_Region), "disabled"): Attribute 'disabled' of object 'Object Repository/StorePage/store_Region' is: 'true'

2018-05-29 09:14:31 - [MESSAGE][PASSED] - Attribute 'disabled' of object 'Object Repository/StorePage/store_Region' is: 'true'

2018-05-29 09:14:31 - [TEST_STEP][PASSED] - Statement - If (attrDisabled): null

2018-05-29 09:14:31 - [TEST_STEP][PASSED] - Statement - out.println("Store Region is disabled"): null

2018-05-29 09:14:31 - [TEST_STEP][PASSED] - Statement - attrDisabled = com.kms.katalon.core.webui.keyword.WebUiBuiltInKeywords.getAttribute(com.kms.katalon.core.testobject.ObjectRepository.findTestObject(StorePage/store_Country), "disabled"): Attribute 'disabled' of object 'Object Repository/StorePage/store_Country' is: 'true'

2018-05-29 09:14:31 - [MESSAGE][PASSED] - Attribute 'disabled' of object 'Object Repository/StorePage/store_Country' is: 'true'

2018-05-29 09:14:31 - [TEST_STEP][PASSED] - Statement - If (attrDisabled): null

2018-05-29 09:14:31 - [TEST_STEP][PASSED] - Statement - out.println("Store Country is disabled"): null

2018-05-29 09:14:31 - [TEST_STEP][PASSED] - Statement - attrDisabled = com.kms.katalon.core.webui.keyword.WebUiBuiltInKeywords.verifyElementClickable(com.kms.katalon.core.testobject.ObjectRepository.findTestObject(StorePage/store_timeZone)): Object 'Object Repository/StorePage/store_timeZone' is clickable

2018-05-29 09:14:31 - [MESSAGE][PASSED] - Object 'Object Repository/StorePage/store_timeZone' is clickable

2018-05-29 09:14:31 - [TEST_STEP][PASSED] - Statement - If (attrDisabled): null

2018-05-29 09:14:31 - [TEST_STEP][PASSED] - Statement - out.println("Store timeZone is enabled"): null

2018-05-29 09:14:31 - [TEST_STEP][PASSED] - uiaction.CommonUIActions.click: uiaction.CommonUIActions.click is PASSED

2018-05-29 09:14:31 - [MESSAGE][PASSED] - uiaction.CommonUIActions.click is PASSED

2018-05-29 09:14:31 - [TEST_STEP][PASSED] - uiaction.CommonUIActions.click: uiaction.CommonUIActions.click is PASSED

2018-05-29 09:14:32 - [MESSAGE][PASSED] - uiaction.CommonUIActions.click is PASSED

2018-05-29 09:14:32 - [TEST_STEP][PASSED] - Statement - searchUserText = CustomKeywords.projectSpecific.Reusability.getTestData("UsersPage", "userSearchText1"): projectSpecific.Reusability.getTestData is PASSED

2018-05-29 09:14:32 - [MESSAGE][PASSED] - projectSpecific.Reusability.getTestData is PASSED

2018-05-29 09:14:32 - [TEST_STEP][PASSED] - uiaction.CommonUIActions.enter: uiaction.CommonUIActions.enter is PASSED

2018-05-29 09:14:32 - [MESSAGE][PASSED] - uiaction.CommonUIActions.enter is PASSED

2018-05-29 09:14:32 - [TEST_STEP][PASSED] - uiaction.CommonUIActions.click: uiaction.CommonUIActions.click is PASSED

2018-05-29 09:14:32 - [MESSAGE][PASSED] - uiaction.CommonUIActions.click is PASSED

2018-05-29 09:14:32 - [TEST_STEP][PASSED] - uiaction.CommonUIActions.click: uiaction.CommonUIActions.click is PASSED

2018-05-29 09:14:35 - [MESSAGE][PASSED] - uiaction.CommonUIActions.click is PASSED

2018-05-29 09:14:35 - [TEST_STEP][PASSED] - delay: Delayed 10 second(s)

2018-05-29 09:14:45 - [MESSAGE][PASSED] - Delayed 10 second(s)

2018-05-29 09:14:45 - [TEST_STEP][PASSED] - uiaction.CommonUIActions.click: uiaction.CommonUIActions.click is PASSED

2018-05-29 09:14:47 - [MESSAGE][PASSED] - uiaction.CommonUIActions.click is PASSED

2018-05-29 09:14:47 - [TEST_STEP][PASSED] - delay: Delayed 10 second(s)

2018-05-29 09:14:57 - [MESSAGE][PASSED] - Delayed 10 second(s)

2018-05-29 09:14:57 - [TEST_STEP][PASSED] - Statement - userStoreList = driver.findElements(org.openqa.selenium.By.xpath(com.kms.katalon.core.testdata.TestDataFactory.findTestData(OR_file).getValue(2, 23))): Reading excel file with source file 'C:\Users\shalinin\Katalon Studio\HME_Scripts\Data Files\HME_OR.xlsx' and sheet name 'Sheet1'

2018-05-29 09:14:57 - [TEST_STEP][PASSED] - Statement - userstoreListSize = userStoreList.size(): null

2018-05-29 09:14:57 - [TEST_STEP][PASSED] - uiaction.CommonUIActions.click: uiaction.CommonUIActions.click is PASSED

2018-05-29 09:15:05 - [MESSAGE][PASSED] - uiaction.CommonUIActions.click is PASSED

2018-05-29 09:15:05 - [TEST_STEP][PASSED] - delay: Delayed 10 second(s)

2018-05-29 09:15:15 - [MESSAGE][PASSED] - Delayed 10 second(s)

2018-05-29 09:15:15 - [TEST_STEP][PASSED] - Statement - adminStoreList = driver.findElements(org.openqa.selenium.By.xpath(com.kms.katalon.core.testdata.TestDataFactory.findTestData(OR_file).getValue(2, 23))): Reading excel file with source file 'C:\Users\shalinin\Katalon Studio\HME_Scripts\Data Files\HME_OR.xlsx' and sheet name 'Sheet1'

2018-05-29 09:15:15 - [TEST_STEP][PASSED] - Statement - adminstoreListSize = adminStoreList.size(): null

2018-05-29 09:15:15 - [TEST_STEP][PASSED] - Statement - If (userstoreListSize != adminstoreListSize || adminstoreListSize == 0): null

2018-05-29 09:15:15 - [TEST_STEP][PASSED] - Statement - out.println(searchUserText + " User can see only stores related to him or No Stores are found"): null

2018-05-29 09:15:15 - [TEST_STEP][PASSED] - uiaction.CommonUIActions.click: uiaction.CommonUIActions.click is PASSED

2018-05-29 09:15:16 - [MESSAGE][PASSED] - uiaction.CommonUIActions.click is PASSED

2018-05-29 09:15:16 - [TEST_STEP][PASSED] - Statement - assert TCflag == true: null

2018-05-29 09:15:16 - [TEST_STEP][PASSED] - Start listener action : sampleAfterTestCase: Browser is closed

2018-05-29 09:15:16 - [TEST_STEP][PASSED] - Statement - println(testCaseContext.getTestCaseId()): null

2018-05-29 09:15:16 - [TEST_STEP][PASSED] - Statement - println(testCaseContext.getTestCaseStatus()): null

2018-05-29 09:15:16 - [TEST_STEP][PASSED] - closeBrowser: Browser is closed

2018-05-29 09:15:17 - [MESSAGE][PASSED] - Browser is closed]]></system-out>
         <system-err><![CDATA[]]></system-err>
      </testcase>
      <testcase name="Test Cases/GoalStatisticsTC/HME-Goal Statistics Report-07" classname="Test Cases/GoalStatisticsTC/HME-Goal Statistics Report-07" status="PASSED">
         <system-out><![CDATA[2018-05-29 09:15:17 - [TEST_CASE][PASSED] - Test Cases/GoalStatisticsTC/HME-Goal Statistics Report-07: Browser is closed

2018-05-29 09:15:17 - [TEST_STEP][PASSED] - Start listener action : sampleBeforeTestCase: uiaction.CommonUIActions.deleteAllCookies is PASSED

2018-05-29 09:15:17 - [TEST_STEP][PASSED] - openBrowser: Browser is opened with url: ''

2018-05-29 09:15:19 - [MESSAGE][PASSED] - Browser is opened with url: ''

2018-05-29 09:15:19 - [TEST_STEP][PASSED] - maximizeWindow: Current window maximized

2018-05-29 09:15:21 - [MESSAGE][PASSED] - Current window maximized

2018-05-29 09:15:21 - [TEST_STEP][PASSED] - uiaction.CommonUIActions.deleteAllCookies: uiaction.CommonUIActions.deleteAllCookies is PASSED

2018-05-29 09:15:21 - [MESSAGE][PASSED] - Delete all cookies successfully

2018-05-29 09:15:21 - [MESSAGE][PASSED] - uiaction.CommonUIActions.deleteAllCookies is PASSED

2018-05-29 09:15:21 - [TEST_STEP][PASSED] - Statement - TCflag = true: null

2018-05-29 09:15:21 - [TEST_STEP][PASSED] - Statement - Try: uiaction.CommonUIActions.click is PASSED

2018-05-29 09:15:21 - [TEST_STEP][PASSED] - navigateToUrl: Navigate to 'https://hme-dev-public-cloud-app.azurewebsites.net/' successfully

2018-05-29 09:15:24 - [MESSAGE][PASSED] - Navigate to 'https://hme-dev-public-cloud-app.azurewebsites.net/' successfully

2018-05-29 09:15:24 - [TEST_STEP][PASSED] - projectSpecific.Reusability.login: projectSpecific.Reusability.login is PASSED

2018-05-29 09:15:24 - [MESSAGE][PASSED] - projectSpecific.Reusability.getTestData is PASSED

2018-05-29 09:15:24 - [MESSAGE][PASSED] - projectSpecific.Reusability.getTestData is PASSED

2018-05-29 09:15:25 - [MESSAGE][PASSED] - Text 'selvendrank@nousinfo.com' is set on object 'Object Repository/LoginPage/Username'

2018-05-29 09:15:25 - [MESSAGE][PASSED] - Text 'nous;123' is set on object 'Object Repository/LoginPage/Password'

2018-05-29 09:15:25 - [MESSAGE][PASSED] - Object: 'Object Repository/LoginPage/Login' is clicked on

2018-05-29 09:15:25 - [MESSAGE][PASSED] - projectSpecific.Reusability.login is PASSED

2018-05-29 09:15:25 - [TEST_STEP][PASSED] - delay: Delayed 10 second(s)

2018-05-29 09:15:35 - [MESSAGE][PASSED] - Delayed 10 second(s)

2018-05-29 09:15:35 - [TEST_STEP][PASSED] - uiaction.CommonUIActions.click: uiaction.CommonUIActions.click is PASSED

2018-05-29 09:16:03 - [MESSAGE][PASSED] - uiaction.CommonUIActions.click is PASSED

2018-05-29 09:16:03 - [TEST_STEP][PASSED] - uiaction.CommonUIActions.click: uiaction.CommonUIActions.click is PASSED

2018-05-29 09:16:06 - [MESSAGE][PASSED] - uiaction.CommonUIActions.click is PASSED

2018-05-29 09:16:06 - [TEST_STEP][PASSED] - uiaction.CommonUIActions.click: uiaction.CommonUIActions.click is PASSED

2018-05-29 09:16:06 - [MESSAGE][PASSED] - uiaction.CommonUIActions.click is PASSED

2018-05-29 09:16:06 - [TEST_STEP][PASSED] - uiaction.CommonUIActions.click: uiaction.CommonUIActions.click is PASSED

2018-05-29 09:16:12 - [MESSAGE][PASSED] - uiaction.CommonUIActions.click is PASSED

2018-05-29 09:16:12 - [TEST_STEP][PASSED] - delay: Delayed 10 second(s)

2018-05-29 09:16:22 - [MESSAGE][PASSED] - Delayed 10 second(s)

2018-05-29 09:16:22 - [TEST_STEP][PASSED] - Statement - storenumber = CustomKeywords.uiaction.CommonUIActions.getText(com.kms.katalon.core.testobject.ObjectRepository.findTestObject(StorePage/storeID)): uiaction.CommonUIActions.getText is PASSED

2018-05-29 09:16:22 - [MESSAGE][PASSED] - uiaction.CommonUIActions.getText is PASSED

2018-05-29 09:16:22 - [TEST_STEP][PASSED] - Statement - out.println(" the store number is--" + storenumber.trim()): null

2018-05-29 09:16:22 - [TEST_STEP][PASSED] - uiaction.CommonUIActions.click: uiaction.CommonUIActions.click is PASSED

2018-05-29 09:16:24 - [MESSAGE][PASSED] - uiaction.CommonUIActions.click is PASSED

2018-05-29 09:16:24 - [TEST_STEP][PASSED] - verifyElementPresent: Object 'Object Repository/SummarizedReportPage/SummaryReportheader' is present

2018-05-29 09:16:24 - [MESSAGE][PASSED] - Object 'Object Repository/SummarizedReportPage/SummaryReportheader' is present

2018-05-29 09:16:24 - [TEST_STEP][PASSED] - Statement - println("Summary Reports screen will be displayed"): null

2018-05-29 09:16:24 - [TEST_STEP][PASSED] - uiaction.CommonUIActions.click: uiaction.CommonUIActions.click is PASSED

2018-05-29 09:16:31 - [MESSAGE][PASSED] - uiaction.CommonUIActions.click is PASSED

2018-05-29 09:16:31 - [TEST_STEP][PASSED] - uiaction.CommonUIActions.click: uiaction.CommonUIActions.click is PASSED

2018-05-29 09:16:46 - [MESSAGE][PASSED] - uiaction.CommonUIActions.click is PASSED

2018-05-29 09:16:46 - [TEST_STEP][PASSED] - uiaction.CommonUIActions.click: uiaction.CommonUIActions.click is PASSED

2018-05-29 09:16:47 - [MESSAGE][PASSED] - uiaction.CommonUIActions.click is PASSED

2018-05-29 09:16:47 - [TEST_STEP][PASSED] - uiaction.CommonUIActions.click: uiaction.CommonUIActions.click is PASSED

2018-05-29 09:16:47 - [MESSAGE][PASSED] - uiaction.CommonUIActions.click is PASSED

2018-05-29 09:16:47 - [TEST_STEP][PASSED] - uiaction.CommonUIActions.enter: uiaction.CommonUIActions.enter is PASSED

2018-05-29 09:16:47 - [MESSAGE][PASSED] - projectSpecific.Reusability.getTestData is PASSED

2018-05-29 09:16:47 - [MESSAGE][PASSED] - uiaction.CommonUIActions.enter is PASSED

2018-05-29 09:16:47 - [TEST_STEP][PASSED] - uiaction.CommonUIActions.enter: uiaction.CommonUIActions.enter is PASSED

2018-05-29 09:16:47 - [MESSAGE][PASSED] - projectSpecific.Reusability.getTestData is PASSED

2018-05-29 09:16:47 - [MESSAGE][PASSED] - uiaction.CommonUIActions.enter is PASSED

2018-05-29 09:16:47 - [TEST_STEP][PASSED] - Statement - groupmain = CustomKeywords.projectSpecific.Reusability.getTestData("ReportingGroupManagementPage", "Summarygrp"): projectSpecific.Reusability.getTestData is PASSED

2018-05-29 09:16:47 - [MESSAGE][PASSED] - projectSpecific.Reusability.getTestData is PASSED

2018-05-29 09:16:47 - [TEST_STEP][PASSED] - delay: Delayed 10 second(s)

2018-05-29 09:16:57 - [MESSAGE][PASSED] - Delayed 10 second(s)

2018-05-29 09:16:57 - [TEST_STEP][PASSED] - Statement - driver = com.kms.katalon.core.webui.driver.DriverFactory.getWebDriver(): null

2018-05-29 09:16:57 - [TEST_STEP][PASSED] - Statement - grouplist = driver.findElements(org.openqa.selenium.By.xpath("//ul[@class='unlinked-grouplist']/li")): null

2018-05-29 09:16:58 - [TEST_STEP][PASSED] - delay: Delayed 10 second(s)

2018-05-29 09:17:08 - [MESSAGE][PASSED] - Delayed 10 second(s)

2018-05-29 09:17:08 - [TEST_STEP][PASSED] - Statement - For ([i = 0, i < grouplist.size(), (i++)]): null

2018-05-29 09:17:08 - [TEST_STEP][PASSED] - Statement - println(grouplist.get(i).getText()): null

2018-05-29 09:17:08 - [TEST_STEP][PASSED] - Statement - If (grouplist.get(i).getText().contains(storenumber.trim())): null

2018-05-29 09:17:08 - [TEST_STEP][PASSED] - Statement - println(grouplist.get(i).getText()): null

2018-05-29 09:17:08 - [TEST_STEP][PASSED] - Statement - If (grouplist.get(i).getText().contains(storenumber.trim())): null

2018-05-29 09:17:08 - [TEST_STEP][PASSED] - Statement - println(grouplist.get(i).getText()): null

2018-05-29 09:17:08 - [TEST_STEP][PASSED] - Statement - If (grouplist.get(i).getText().contains(storenumber.trim())): null

2018-05-29 09:17:08 - [TEST_STEP][PASSED] - Statement - println(grouplist.get(i).getText()): null

2018-05-29 09:17:08 - [TEST_STEP][PASSED] - Statement - If (grouplist.get(i).getText().contains(storenumber.trim())): null

2018-05-29 09:17:08 - [TEST_STEP][PASSED] - Statement - println(grouplist.get(i).getText()): null

2018-05-29 09:17:08 - [TEST_STEP][PASSED] - Statement - If (grouplist.get(i).getText().contains(storenumber.trim())): null

2018-05-29 09:17:08 - [TEST_STEP][PASSED] - Statement - println(grouplist.get(i).getText()): null

2018-05-29 09:17:08 - [TEST_STEP][PASSED] - Statement - If (grouplist.get(i).getText().contains(storenumber.trim())): null

2018-05-29 09:17:08 - [TEST_STEP][PASSED] - Statement - println(grouplist.get(i).getText()): null

2018-05-29 09:17:08 - [TEST_STEP][PASSED] - Statement - If (grouplist.get(i).getText().contains(storenumber.trim())): null

2018-05-29 09:17:08 - [TEST_STEP][PASSED] - Statement - println(grouplist.get(i).getText()): null

2018-05-29 09:17:08 - [TEST_STEP][PASSED] - Statement - If (grouplist.get(i).getText().contains(storenumber.trim())): null

2018-05-29 09:17:08 - [TEST_STEP][PASSED] - Statement - driver.findElement(org.openqa.selenium.By.xpath("(//ul[@class='unlinked-grouplist']/li/label)[" + i + 1 + "]")).click(): null

2018-05-29 09:17:08 - [TEST_STEP][PASSED] - Statement - driver.findElement(org.openqa.selenium.By.xpath("//button[contains(text(),'>')]")).click(): null

2018-05-29 09:17:08 - [TEST_STEP][PASSED] - Statement - Break: null

2018-05-29 09:17:08 - [TEST_STEP][PASSED] - delay: Delayed 10 second(s)

2018-05-29 09:17:18 - [MESSAGE][PASSED] - Delayed 10 second(s)

2018-05-29 09:17:18 - [TEST_STEP][PASSED] - uiaction.CommonUIActions.click: uiaction.CommonUIActions.click is PASSED

2018-05-29 09:17:18 - [MESSAGE][PASSED] - uiaction.CommonUIActions.click is PASSED

2018-05-29 09:17:18 - [TEST_STEP][PASSED] - uiaction.CommonUIActions.click: uiaction.CommonUIActions.click is PASSED

2018-05-29 09:17:18 - [MESSAGE][PASSED] - uiaction.CommonUIActions.click is PASSED

2018-05-29 09:17:18 - [TEST_STEP][PASSED] - delay: Delayed 10 second(s)

2018-05-29 09:17:28 - [MESSAGE][PASSED] - Delayed 10 second(s)

2018-05-29 09:17:28 - [TEST_STEP][PASSED] - uiaction.CommonUIActions.click: uiaction.CommonUIActions.click is PASSED

2018-05-29 09:17:28 - [MESSAGE][PASSED] - uiaction.CommonUIActions.click is PASSED

2018-05-29 09:17:28 - [TEST_STEP][PASSED] - delay: Delayed 10 second(s)

2018-05-29 09:17:38 - [MESSAGE][PASSED] - Delayed 10 second(s)

2018-05-29 09:17:38 - [TEST_STEP][PASSED] - Statement - driver.findElement(org.openqa.selenium.By.xpath("//span[contains(text(),'" + groupmain + "')]/../../../../span[1]")).click(): null

2018-05-29 09:17:38 - [TEST_STEP][PASSED] - delay: Delayed 10 second(s)

2018-05-29 09:17:48 - [MESSAGE][PASSED] - Delayed 10 second(s)

2018-05-29 09:17:48 - [TEST_STEP][PASSED] - Statement - driver.findElement(org.openqa.selenium.By.xpath("//span[contains(text(),'" + storenumber.trim() + "')]")).isDisplayed(): null

2018-05-29 09:17:48 - [TEST_STEP][PASSED] - delay: Delayed 4 second(s)

2018-05-29 09:17:52 - [MESSAGE][PASSED] - Delayed 4 second(s)

2018-05-29 09:17:52 - [TEST_STEP][PASSED] - uiaction.CommonUIActions.click: uiaction.CommonUIActions.click is PASSED

2018-05-29 09:17:53 - [MESSAGE][PASSED] - uiaction.CommonUIActions.click is PASSED

2018-05-29 09:17:53 - [TEST_STEP][PASSED] - Statement - storesCheckBoxList = driver.findElements(org.openqa.selenium.By.xpath(com.kms.katalon.core.testdata.TestDataFactory.findTestData(OR_file).getValue(2, 4))): Reading excel file with source file 'C:\Users\shalinin\Katalon Studio\HME_Scripts\Data Files\HME_OR.xlsx' and sheet name 'Sheet1'

2018-05-29 09:17:53 - [TEST_STEP][PASSED] - Statement - storesCheckBoxListChecked = driver.findElements(org.openqa.selenium.By.xpath(com.kms.katalon.core.testdata.TestDataFactory.findTestData(OR_file).getValue(2, 14))): Reading excel file with source file 'C:\Users\shalinin\Katalon Studio\HME_Scripts\Data Files\HME_OR.xlsx' and sheet name 'Sheet1'

2018-05-29 09:17:53 - [TEST_STEP][PASSED] - Statement - If (storesCheckBoxList.size() == storesCheckBoxListChecked.size()): null

2018-05-29 09:17:53 - [TEST_STEP][PASSED] - Statement - out.println("All Store checkboxes are checked after selecting SelectAll button"): null

2018-05-29 09:17:53 - [TEST_STEP][PASSED] - delay: Delayed 4 second(s)

2018-05-29 09:17:57 - [MESSAGE][PASSED] - Delayed 4 second(s)

2018-05-29 09:17:57 - [TEST_STEP][PASSED] - uiaction.CommonUIActions.click: uiaction.CommonUIActions.click is PASSED

2018-05-29 09:17:57 - [MESSAGE][PASSED] - uiaction.CommonUIActions.click is PASSED

2018-05-29 09:17:57 - [TEST_STEP][PASSED] - delay: Delayed 4 second(s)

2018-05-29 09:18:01 - [MESSAGE][PASSED] - Delayed 4 second(s)

2018-05-29 09:18:01 - [TEST_STEP][PASSED] - Statement - driver.findElement(org.openqa.selenium.By.xpath("//span[contains(text(),'" + groupmain + "')]/../../../../span[2]")).click(): null

2018-05-29 09:18:01 - [TEST_STEP][PASSED] - Statement - defaulttimemeasureoption = CustomKeywords.uiaction.CommonUIActions.getText(com.kms.katalon.core.testobject.ObjectRepository.findTestObject(ReportsPage/defaulttimemeasujreoptiondisplayed)): uiaction.CommonUIActions.getText is PASSED

2018-05-29 09:18:01 - [MESSAGE][PASSED] - uiaction.CommonUIActions.getText is PASSED

2018-05-29 09:18:01 - [TEST_STEP][PASSED] - Statement - If (defaulttimemeasureoption == "Day"): null

2018-05-29 09:18:01 - [TEST_STEP][PASSED] - Statement - out.println("Default time measure value displayed as 'Day' "): null

2018-05-29 09:18:01 - [TEST_STEP][PASSED] - delay: Delayed 5 second(s)

2018-05-29 09:18:06 - [MESSAGE][PASSED] - Delayed 5 second(s)

2018-05-29 09:18:06 - [TEST_STEP][PASSED] - click: Object: 'Object Repository/ReportsPage/fromDateSelector' is clicked on

2018-05-29 09:18:06 - [MESSAGE][PASSED] - Object: 'Object Repository/ReportsPage/fromDateSelector' is clicked on

2018-05-29 09:18:06 - [TEST_STEP][PASSED] - delay: Delayed 5 second(s)

2018-05-29 09:18:11 - [MESSAGE][PASSED] - Delayed 5 second(s)

2018-05-29 09:18:11 - [TEST_STEP][PASSED] - Statement - monthText = com.kms.katalon.core.webui.keyword.WebUiBuiltInKeywords.getText(com.kms.katalon.core.testobject.ObjectRepository.findTestObject(ReportsPage/monthText)): Text of object 'Object Repository/ReportsPage/monthText' is: 'May 2018'

2018-05-29 09:18:11 - [MESSAGE][PASSED] - Text of object 'Object Repository/ReportsPage/monthText' is: 'May 2018'

2018-05-29 09:18:11 - [TEST_STEP][PASSED] - Statement - monthTextArray = monthText.split(" "): null

2018-05-29 09:18:11 - [TEST_STEP][PASSED] - Statement - month = monthTextArray[0]: null

2018-05-29 09:18:11 - [TEST_STEP][PASSED] - Statement - monthTextValue = CustomKeywords.projectSpecific.Reusability.getTestData("ReportsPage", "Month"): projectSpecific.Reusability.getTestData is PASSED

2018-05-29 09:18:11 - [MESSAGE][PASSED] - projectSpecific.Reusability.getTestData is PASSED

2018-05-29 09:18:11 - [TEST_STEP][PASSED] - Statement - If (!(monthTextValue.equals(month))): null

2018-05-29 09:18:11 - [TEST_STEP][PASSED] - Statement - While (!(monthTextValue.equals(month))): null

2018-05-29 09:18:11 - [TEST_STEP][PASSED] - click: Object: 'Object Repository/ReportsPage/previousDateSelector' is clicked on

2018-05-29 09:18:11 - [MESSAGE][PASSED] - Object: 'Object Repository/ReportsPage/previousDateSelector' is clicked on

2018-05-29 09:18:11 - [TEST_STEP][PASSED] - Statement - monthText = com.kms.katalon.core.webui.keyword.WebUiBuiltInKeywords.getText(com.kms.katalon.core.testobject.ObjectRepository.findTestObject(ReportsPage/monthText)): Text of object 'Object Repository/ReportsPage/monthText' is: 'April 2018'

2018-05-29 09:18:11 - [MESSAGE][PASSED] - Text of object 'Object Repository/ReportsPage/monthText' is: 'April 2018'

2018-05-29 09:18:11 - [TEST_STEP][PASSED] - Statement - monthTextArray = monthText.split(" "): null

2018-05-29 09:18:11 - [TEST_STEP][PASSED] - Statement - month = monthTextArray[0]: null

2018-05-29 09:18:11 - [TEST_STEP][PASSED] - click: Object: 'Object Repository/ReportsPage/previousDateSelector' is clicked on

2018-05-29 09:18:11 - [MESSAGE][PASSED] - Object: 'Object Repository/ReportsPage/previousDateSelector' is clicked on

2018-05-29 09:18:11 - [TEST_STEP][PASSED] - Statement - monthText = com.kms.katalon.core.webui.keyword.WebUiBuiltInKeywords.getText(com.kms.katalon.core.testobject.ObjectRepository.findTestObject(ReportsPage/monthText)): Text of object 'Object Repository/ReportsPage/monthText' is: 'March 2018'

2018-05-29 09:18:11 - [MESSAGE][PASSED] - Text of object 'Object Repository/ReportsPage/monthText' is: 'March 2018'

2018-05-29 09:18:11 - [TEST_STEP][PASSED] - Statement - monthTextArray = monthText.split(" "): null

2018-05-29 09:18:11 - [TEST_STEP][PASSED] - Statement - month = monthTextArray[0]: null

2018-05-29 09:18:11 - [TEST_STEP][PASSED] - Statement - data = CustomKeywords.projectSpecific.Reusability.getTestData("ReportsPage", "StartDate_TC7"): projectSpecific.Reusability.getTestData is PASSED

2018-05-29 09:18:11 - [MESSAGE][PASSED] - projectSpecific.Reusability.getTestData is PASSED

2018-05-29 09:18:11 - [TEST_STEP][PASSED] - Statement - startDate = "(//td[text()='" + data + "'])[1]": null

2018-05-29 09:18:11 - [TEST_STEP][PASSED] - Statement - println(startDate): null

2018-05-29 09:18:11 - [TEST_STEP][PASSED] - Statement - startdateEle = driver.findElement(org.openqa.selenium.By.xpath(startDate)): null

2018-05-29 09:18:11 - [TEST_STEP][PASSED] - Statement - startdateEle.click(): null

2018-05-29 09:18:12 - [TEST_STEP][PASSED] - delay: Delayed 5 second(s)

2018-05-29 09:18:17 - [MESSAGE][PASSED] - Delayed 5 second(s)

2018-05-29 09:18:17 - [TEST_STEP][PASSED] - click: Object: 'Object Repository/ReportsPage/toDateSelector' is clicked on

2018-05-29 09:18:17 - [MESSAGE][PASSED] - Object: 'Object Repository/ReportsPage/toDateSelector' is clicked on

2018-05-29 09:18:17 - [TEST_STEP][PASSED] - Statement - monthText = com.kms.katalon.core.webui.keyword.WebUiBuiltInKeywords.getText(com.kms.katalon.core.testobject.ObjectRepository.findTestObject(ReportsPage/monthText2)): Text of object 'Object Repository/ReportsPage/monthText2' is: 'May 2018'

2018-05-29 09:18:17 - [MESSAGE][PASSED] - Text of object 'Object Repository/ReportsPage/monthText2' is: 'May 2018'

2018-05-29 09:18:17 - [TEST_STEP][PASSED] - Statement - monthTextArray = monthText.split(" "): null

2018-05-29 09:18:17 - [TEST_STEP][PASSED] - Statement - month = monthTextArray[0]: null

2018-05-29 09:18:17 - [TEST_STEP][PASSED] - Statement - If (!(monthTextValue.equals(month))): null

2018-05-29 09:18:17 - [TEST_STEP][PASSED] - Statement - While (!(monthTextValue.equals(month))): null

2018-05-29 09:18:17 - [TEST_STEP][PASSED] - click: Object: 'Object Repository/ReportsPage/previousDateSelector2' is clicked on

2018-05-29 09:18:17 - [MESSAGE][PASSED] - Object: 'Object Repository/ReportsPage/previousDateSelector2' is clicked on

2018-05-29 09:18:17 - [TEST_STEP][PASSED] - Statement - monthText = com.kms.katalon.core.webui.keyword.WebUiBuiltInKeywords.getText(com.kms.katalon.core.testobject.ObjectRepository.findTestObject(ReportsPage/monthText2)): Text of object 'Object Repository/ReportsPage/monthText2' is: 'April 2018'

2018-05-29 09:18:17 - [MESSAGE][PASSED] - Text of object 'Object Repository/ReportsPage/monthText2' is: 'April 2018'

2018-05-29 09:18:17 - [TEST_STEP][PASSED] - Statement - monthTextArray = monthText.split(" "): null

2018-05-29 09:18:17 - [TEST_STEP][PASSED] - Statement - month = monthTextArray[0]: null

2018-05-29 09:18:17 - [TEST_STEP][PASSED] - click: Object: 'Object Repository/ReportsPage/previousDateSelector2' is clicked on

2018-05-29 09:18:17 - [MESSAGE][PASSED] - Object: 'Object Repository/ReportsPage/previousDateSelector2' is clicked on

2018-05-29 09:18:17 - [TEST_STEP][PASSED] - Statement - monthText = com.kms.katalon.core.webui.keyword.WebUiBuiltInKeywords.getText(com.kms.katalon.core.testobject.ObjectRepository.findTestObject(ReportsPage/monthText2)): Text of object 'Object Repository/ReportsPage/monthText2' is: 'March 2018'

2018-05-29 09:18:17 - [MESSAGE][PASSED] - Text of object 'Object Repository/ReportsPage/monthText2' is: 'March 2018'

2018-05-29 09:18:17 - [TEST_STEP][PASSED] - Statement - monthTextArray = monthText.split(" "): null

2018-05-29 09:18:17 - [TEST_STEP][PASSED] - Statement - month = monthTextArray[0]: null

2018-05-29 09:18:17 - [TEST_STEP][PASSED] - Statement - endDate = CustomKeywords.projectSpecific.Reusability.getTestData("ReportsPage", "EndDate3"): projectSpecific.Reusability.getTestData is PASSED

2018-05-29 09:18:17 - [MESSAGE][PASSED] - projectSpecific.Reusability.getTestData is PASSED

2018-05-29 09:18:17 - [TEST_STEP][PASSED] - Statement - toDate = "(//td[text()='" + endDate + "'])[2]": null

2018-05-29 09:18:17 - [TEST_STEP][PASSED] - Statement - toDateEle = driver.findElement(org.openqa.selenium.By.xpath(toDate)): null

2018-05-29 09:18:17 - [TEST_STEP][PASSED] - Statement - toDateEle.click(): null

2018-05-29 09:18:17 - [TEST_STEP][PASSED] - delay: Delayed 5 second(s)

2018-05-29 09:18:22 - [MESSAGE][PASSED] - Delayed 5 second(s)

2018-05-29 09:18:22 - [TEST_STEP][PASSED] - Statement - dateAttr = com.kms.katalon.core.webui.keyword.WebUiBuiltInKeywords.getAttribute(com.kms.katalon.core.testobject.ObjectRepository.findTestObject(ReportsPage/selectedDate1), "value"): Attribute 'value' of object 'Object Repository/ReportsPage/selectedDate1' is: '03/10/2018'

2018-05-29 09:18:22 - [MESSAGE][PASSED] - Attribute 'value' of object 'Object Repository/ReportsPage/selectedDate1' is: '03/10/2018'

2018-05-29 09:18:22 - [TEST_STEP][PASSED] - Statement - fromDateValue = CustomKeywords.projectSpecific.Reusability.getTestData("ReportsPage", "toDate_March"): projectSpecific.Reusability.getTestData is PASSED

2018-05-29 09:18:22 - [MESSAGE][PASSED] - projectSpecific.Reusability.getTestData is PASSED

2018-05-29 09:18:22 - [TEST_STEP][PASSED] - Statement - If (!(dateAttr.equals(fromDateValue))): null

2018-05-29 09:18:22 - [TEST_STEP][PASSED] - Statement - dateAttr = com.kms.katalon.core.webui.keyword.WebUiBuiltInKeywords.getAttribute(com.kms.katalon.core.testobject.ObjectRepository.findTestObject(ReportsPage/selectedDate2), "value"): Attribute 'value' of object 'Object Repository/ReportsPage/selectedDate2' is: '03/11/2018'

2018-05-29 09:18:22 - [MESSAGE][PASSED] - Attribute 'value' of object 'Object Repository/ReportsPage/selectedDate2' is: '03/11/2018'

2018-05-29 09:18:22 - [TEST_STEP][PASSED] - Statement - toDateValue = CustomKeywords.projectSpecific.Reusability.getTestData("ReportsPage", "TOdate_TC7"): projectSpecific.Reusability.getTestData is PASSED

2018-05-29 09:18:22 - [MESSAGE][PASSED] - projectSpecific.Reusability.getTestData is PASSED

2018-05-29 09:18:22 - [TEST_STEP][PASSED] - Statement - If (!(dateAttr.equals(toDateValue))): null

2018-05-29 09:18:22 - [TEST_STEP][PASSED] - uiaction.CommonUIActions.click: uiaction.CommonUIActions.click is PASSED

2018-05-29 09:18:22 - [MESSAGE][PASSED] - uiaction.CommonUIActions.click is PASSED

2018-05-29 09:18:22 - [TEST_STEP][PASSED] - click: Object: 'Object Repository/ReportsPage/report_submit' is clicked on

2018-05-29 09:18:22 - [MESSAGE][PASSED] - Object: 'Object Repository/ReportsPage/report_submit' is clicked on

2018-05-29 09:18:22 - [TEST_STEP][PASSED] - delay: Delayed 10 second(s)

2018-05-29 09:18:32 - [MESSAGE][PASSED] - Delayed 10 second(s)

2018-05-29 09:18:32 - [TEST_STEP][PASSED] - verifyElementPresent: Object 'Object Repository/SummarizedReportPage/Summary_avaragereport' is present

2018-05-29 09:18:32 - [MESSAGE][PASSED] - Object 'Object Repository/SummarizedReportPage/Summary_avaragereport' is present

2018-05-29 09:18:32 - [TEST_STEP][PASSED] - verifyElementPresent: Object 'Object Repository/SummarizedReportPage/summary_avaragetimemin_sec' is present

2018-05-29 09:18:32 - [MESSAGE][PASSED] - Object 'Object Repository/SummarizedReportPage/summary_avaragetimemin_sec' is present

2018-05-29 09:18:32 - [TEST_STEP][PASSED] - Statement - averagetime_headersfromapp = driver.findElements(org.openqa.selenium.By.xpath("//table[@class='summaryreport-table']//th[@class='reportTableAttributesHeading']")): null

2018-05-29 09:18:32 - [TEST_STEP][PASSED] - Statement - averagetime_headersfrom_excel = CustomKeywords.projectSpecific.Reusability.getTestData("ReportsPage", "averagetime_headers_08"): projectSpecific.Reusability.getTestData is PASSED

2018-05-29 09:18:32 - [MESSAGE][PASSED] - projectSpecific.Reusability.getTestData is PASSED

2018-05-29 09:18:32 - [TEST_STEP][PASSED] - Statement - averagetime_excelsplit = averagetime_headersfrom_excel.split(","): null

2018-05-29 09:18:32 - [TEST_STEP][PASSED] - Statement - For ([i = 0, i < averagetime_headersfromapp.size(), (i++)]): null

2018-05-29 09:18:32 - [TEST_STEP][PASSED] - delay: Delayed 5 second(s)

2018-05-29 09:18:37 - [MESSAGE][PASSED] - Delayed 5 second(s)

2018-05-29 09:18:37 - [TEST_STEP][PASSED] - uiaction.CommonUIActions.click: uiaction.CommonUIActions.click is PASSED

2018-05-29 09:18:46 - [MESSAGE][PASSED] - uiaction.CommonUIActions.click is PASSED

2018-05-29 09:18:46 - [TEST_STEP][PASSED] - delay: Delayed 5 second(s)

2018-05-29 09:18:51 - [MESSAGE][PASSED] - Delayed 5 second(s)

2018-05-29 09:18:51 - [TEST_STEP][PASSED] - uiaction.CommonUIActions.click: uiaction.CommonUIActions.click is PASSED

2018-05-29 09:19:06 - [MESSAGE][PASSED] - uiaction.CommonUIActions.click is PASSED

2018-05-29 09:19:06 - [TEST_STEP][PASSED] - delay: Delayed 5 second(s)

2018-05-29 09:19:11 - [MESSAGE][PASSED] - Delayed 5 second(s)

2018-05-29 09:19:11 - [TEST_STEP][PASSED] - uiaction.CommonUIActions.click: uiaction.CommonUIActions.click is PASSED

2018-05-29 09:19:11 - [MESSAGE][PASSED] - uiaction.CommonUIActions.click is PASSED

2018-05-29 09:19:11 - [TEST_STEP][PASSED] - delay: Delayed 10 second(s)

2018-05-29 09:19:21 - [MESSAGE][PASSED] - Delayed 10 second(s)

2018-05-29 09:19:21 - [TEST_STEP][PASSED] - uiaction.CommonUIActions.click: uiaction.CommonUIActions.click is PASSED

2018-05-29 09:19:21 - [MESSAGE][PASSED] - uiaction.CommonUIActions.click is PASSED

2018-05-29 09:19:21 - [TEST_STEP][PASSED] - delay: Delayed 10 second(s)

2018-05-29 09:19:31 - [MESSAGE][PASSED] - Delayed 10 second(s)

2018-05-29 09:19:31 - [TEST_STEP][PASSED] - uiaction.CommonUIActions.click: uiaction.CommonUIActions.click is PASSED

2018-05-29 09:19:32 - [MESSAGE][PASSED] - uiaction.CommonUIActions.click is PASSED

2018-05-29 09:19:32 - [TEST_STEP][PASSED] - uiaction.CommonUIActions.click: uiaction.CommonUIActions.click is PASSED

2018-05-29 09:19:32 - [MESSAGE][PASSED] - uiaction.CommonUIActions.click is PASSED

2018-05-29 09:19:32 - [TEST_STEP][PASSED] - uiaction.CommonUIActions.click: uiaction.CommonUIActions.click is PASSED

2018-05-29 09:19:36 - [MESSAGE][PASSED] - uiaction.CommonUIActions.click is PASSED

2018-05-29 09:19:36 - [TEST_STEP][PASSED] - Statement - assert TCflag == true: null

2018-05-29 09:19:36 - [TEST_STEP][PASSED] - Start listener action : sampleAfterTestCase: Browser is closed

2018-05-29 09:19:36 - [TEST_STEP][PASSED] - Statement - println(testCaseContext.getTestCaseId()): null

2018-05-29 09:19:36 - [TEST_STEP][PASSED] - Statement - println(testCaseContext.getTestCaseStatus()): null

2018-05-29 09:19:36 - [TEST_STEP][PASSED] - closeBrowser: Browser is closed

2018-05-29 09:19:36 - [MESSAGE][PASSED] - Browser is closed]]></system-out>
         <system-err><![CDATA[]]></system-err>
      </testcase>
      <testcase name="Test Cases/GoalStatisticsTC/HME-Goal Statistics Report-08" classname="Test Cases/GoalStatisticsTC/HME-Goal Statistics Report-08" status="PASSED">
         <system-out><![CDATA[2018-05-29 09:19:36 - [TEST_CASE][PASSED] - Test Cases/GoalStatisticsTC/HME-Goal Statistics Report-08: Browser is closed

2018-05-29 09:19:36 - [TEST_STEP][PASSED] - Start listener action : sampleBeforeTestCase: uiaction.CommonUIActions.deleteAllCookies is PASSED

2018-05-29 09:19:36 - [TEST_STEP][PASSED] - openBrowser: Browser is opened with url: ''

2018-05-29 09:19:39 - [MESSAGE][PASSED] - Browser is opened with url: ''

2018-05-29 09:19:39 - [TEST_STEP][PASSED] - maximizeWindow: Current window maximized

2018-05-29 09:19:40 - [MESSAGE][PASSED] - Current window maximized

2018-05-29 09:19:40 - [TEST_STEP][PASSED] - uiaction.CommonUIActions.deleteAllCookies: uiaction.CommonUIActions.deleteAllCookies is PASSED

2018-05-29 09:19:40 - [MESSAGE][PASSED] - Delete all cookies successfully

2018-05-29 09:19:40 - [MESSAGE][PASSED] - uiaction.CommonUIActions.deleteAllCookies is PASSED

2018-05-29 09:19:41 - [TEST_STEP][PASSED] - Statement - TCflag = true: null

2018-05-29 09:19:41 - [TEST_STEP][PASSED] - Statement - Try: uiaction.CommonUIActions.click is PASSED

2018-05-29 09:19:41 - [TEST_STEP][PASSED] - navigateToUrl: Navigate to 'https://hme-dev-public-cloud-app.azurewebsites.net/' successfully

2018-05-29 09:19:44 - [MESSAGE][PASSED] - Navigate to 'https://hme-dev-public-cloud-app.azurewebsites.net/' successfully

2018-05-29 09:19:44 - [TEST_STEP][PASSED] - projectSpecific.Reusability.login: projectSpecific.Reusability.login is PASSED

2018-05-29 09:19:44 - [MESSAGE][PASSED] - projectSpecific.Reusability.getTestData is PASSED

2018-05-29 09:19:44 - [MESSAGE][PASSED] - projectSpecific.Reusability.getTestData is PASSED

2018-05-29 09:19:44 - [MESSAGE][PASSED] - Text 'selvendrank@nousinfo.com' is set on object 'Object Repository/LoginPage/Username'

2018-05-29 09:19:44 - [MESSAGE][PASSED] - Text 'nous;123' is set on object 'Object Repository/LoginPage/Password'

2018-05-29 09:19:44 - [MESSAGE][PASSED] - Object: 'Object Repository/LoginPage/Login' is clicked on

2018-05-29 09:19:44 - [MESSAGE][PASSED] - projectSpecific.Reusability.login is PASSED

2018-05-29 09:19:44 - [TEST_STEP][PASSED] - delay: Delayed 10 second(s)

2018-05-29 09:19:54 - [MESSAGE][PASSED] - Delayed 10 second(s)

2018-05-29 09:19:54 - [TEST_STEP][PASSED] - uiaction.CommonUIActions.click: uiaction.CommonUIActions.click is PASSED

2018-05-29 09:21:05 - [MESSAGE][PASSED] - uiaction.CommonUIActions.click is PASSED

2018-05-29 09:21:05 - [TEST_STEP][PASSED] - uiaction.CommonUIActions.click: uiaction.CommonUIActions.click is PASSED

2018-05-29 09:21:07 - [MESSAGE][PASSED] - uiaction.CommonUIActions.click is PASSED

2018-05-29 09:21:07 - [TEST_STEP][PASSED] - Statement - storelabel = com.kms.katalon.core.webui.keyword.WebUiBuiltInKeywords.getAttribute(com.kms.katalon.core.testobject.ObjectRepository.findTestObject(StorePage/storeName), "value"): Attribute 'value' of object 'Object Repository/StorePage/storeName' is: 'McDonald3'

2018-05-29 09:21:07 - [MESSAGE][PASSED] - Attribute 'value' of object 'Object Repository/StorePage/storeName' is: 'McDonald3'

2018-05-29 09:21:07 - [TEST_STEP][PASSED] - Statement - storelabel = storelabel.trim(): null

2018-05-29 09:21:07 - [TEST_STEP][PASSED] - Statement - out.println(" the storename is--" + storelabel.trim()): null

2018-05-29 09:21:07 - [TEST_STEP][PASSED] - delay: Delayed 5 second(s)

2018-05-29 09:21:12 - [MESSAGE][PASSED] - Delayed 5 second(s)

2018-05-29 09:21:12 - [TEST_STEP][PASSED] - uiaction.CommonUIActions.click: uiaction.CommonUIActions.click is PASSED

2018-05-29 09:21:12 - [MESSAGE][PASSED] - uiaction.CommonUIActions.click is PASSED

2018-05-29 09:21:12 - [TEST_STEP][PASSED] - uiaction.CommonUIActions.click: uiaction.CommonUIActions.click is PASSED

2018-05-29 09:21:18 - [MESSAGE][PASSED] - uiaction.CommonUIActions.click is PASSED

2018-05-29 09:21:18 - [TEST_STEP][PASSED] - Statement - storenumber = CustomKeywords.uiaction.CommonUIActions.getText(com.kms.katalon.core.testobject.ObjectRepository.findTestObject(StorePage/storeID)): uiaction.CommonUIActions.getText is PASSED

2018-05-29 09:21:18 - [MESSAGE][PASSED] - uiaction.CommonUIActions.getText is PASSED

2018-05-29 09:21:18 - [TEST_STEP][PASSED] - Statement - out.println(" the store number is--" + storenumber.trim()): null

2018-05-29 09:21:18 - [TEST_STEP][PASSED] - uiaction.CommonUIActions.click: uiaction.CommonUIActions.click is PASSED

2018-05-29 09:21:20 - [MESSAGE][PASSED] - uiaction.CommonUIActions.click is PASSED

2018-05-29 09:21:20 - [TEST_STEP][PASSED] - verifyElementPresent: Object 'Object Repository/SummarizedReportPage/SummaryReportheader' is present

2018-05-29 09:21:20 - [MESSAGE][PASSED] - Object 'Object Repository/SummarizedReportPage/SummaryReportheader' is present

2018-05-29 09:21:20 - [TEST_STEP][PASSED] - Statement - println("Summary Reports screen will be displayed"): null

2018-05-29 09:21:20 - [TEST_STEP][PASSED] - uiaction.CommonUIActions.click: uiaction.CommonUIActions.click is PASSED

2018-05-29 09:21:28 - [MESSAGE][PASSED] - uiaction.CommonUIActions.click is PASSED

2018-05-29 09:21:28 - [TEST_STEP][PASSED] - uiaction.CommonUIActions.click: uiaction.CommonUIActions.click is PASSED

2018-05-29 09:21:41 - [MESSAGE][PASSED] - uiaction.CommonUIActions.click is PASSED

2018-05-29 09:21:41 - [TEST_STEP][PASSED] - uiaction.CommonUIActions.click: uiaction.CommonUIActions.click is PASSED

2018-05-29 09:21:42 - [MESSAGE][PASSED] - uiaction.CommonUIActions.click is PASSED

2018-05-29 09:21:42 - [TEST_STEP][PASSED] - uiaction.CommonUIActions.click: uiaction.CommonUIActions.click is PASSED

2018-05-29 09:21:42 - [MESSAGE][PASSED] - uiaction.CommonUIActions.click is PASSED

2018-05-29 09:21:42 - [TEST_STEP][PASSED] - uiaction.CommonUIActions.enter: uiaction.CommonUIActions.enter is PASSED

2018-05-29 09:21:42 - [MESSAGE][PASSED] - projectSpecific.Reusability.getTestData is PASSED

2018-05-29 09:21:42 - [MESSAGE][PASSED] - uiaction.CommonUIActions.enter is PASSED

2018-05-29 09:21:42 - [TEST_STEP][PASSED] - uiaction.CommonUIActions.enter: uiaction.CommonUIActions.enter is PASSED

2018-05-29 09:21:42 - [MESSAGE][PASSED] - projectSpecific.Reusability.getTestData is PASSED

2018-05-29 09:21:42 - [MESSAGE][PASSED] - uiaction.CommonUIActions.enter is PASSED

2018-05-29 09:21:42 - [TEST_STEP][PASSED] - Statement - groupmain = CustomKeywords.projectSpecific.Reusability.getTestData("ReportingGroupManagementPage", "Summarygrp"): projectSpecific.Reusability.getTestData is PASSED

2018-05-29 09:21:42 - [MESSAGE][PASSED] - projectSpecific.Reusability.getTestData is PASSED

2018-05-29 09:21:42 - [TEST_STEP][PASSED] - delay: Delayed 10 second(s)

2018-05-29 09:21:52 - [MESSAGE][PASSED] - Delayed 10 second(s)

2018-05-29 09:21:52 - [TEST_STEP][PASSED] - Statement - driver = com.kms.katalon.core.webui.driver.DriverFactory.getWebDriver(): null

2018-05-29 09:21:52 - [TEST_STEP][PASSED] - Statement - grouplist = driver.findElements(org.openqa.selenium.By.xpath("//ul[@class='unlinked-grouplist']/li")): null

2018-05-29 09:21:52 - [TEST_STEP][PASSED] - delay: Delayed 10 second(s)

2018-05-29 09:22:02 - [MESSAGE][PASSED] - Delayed 10 second(s)

2018-05-29 09:22:02 - [TEST_STEP][PASSED] - Statement - For ([i = 0, i < grouplist.size(), (i++)]): null

2018-05-29 09:22:02 - [TEST_STEP][PASSED] - Statement - println(grouplist.get(i).getText()): null

2018-05-29 09:22:02 - [TEST_STEP][PASSED] - Statement - If (grouplist.get(i).getText().contains(storelabel.trim())): null

2018-05-29 09:22:02 - [TEST_STEP][PASSED] - Statement - println(grouplist.get(i).getText()): null

2018-05-29 09:22:02 - [TEST_STEP][PASSED] - Statement - If (grouplist.get(i).getText().contains(storelabel.trim())): null

2018-05-29 09:22:02 - [TEST_STEP][PASSED] - Statement - println(grouplist.get(i).getText()): null

2018-05-29 09:22:02 - [TEST_STEP][PASSED] - Statement - If (grouplist.get(i).getText().contains(storelabel.trim())): null

2018-05-29 09:22:02 - [TEST_STEP][PASSED] - Statement - println(grouplist.get(i).getText()): null

2018-05-29 09:22:02 - [TEST_STEP][PASSED] - Statement - If (grouplist.get(i).getText().contains(storelabel.trim())): null

2018-05-29 09:22:02 - [TEST_STEP][PASSED] - Statement - println(grouplist.get(i).getText()): null

2018-05-29 09:22:02 - [TEST_STEP][PASSED] - Statement - If (grouplist.get(i).getText().contains(storelabel.trim())): null

2018-05-29 09:22:02 - [TEST_STEP][PASSED] - Statement - println(grouplist.get(i).getText()): null

2018-05-29 09:22:03 - [TEST_STEP][PASSED] - Statement - If (grouplist.get(i).getText().contains(storelabel.trim())): null

2018-05-29 09:22:03 - [TEST_STEP][PASSED] - Statement - println(grouplist.get(i).getText()): null

2018-05-29 09:22:03 - [TEST_STEP][PASSED] - Statement - If (grouplist.get(i).getText().contains(storelabel.trim())): null

2018-05-29 09:22:03 - [TEST_STEP][PASSED] - Statement - println(grouplist.get(i).getText()): null

2018-05-29 09:22:03 - [TEST_STEP][PASSED] - Statement - If (grouplist.get(i).getText().contains(storelabel.trim())): null

2018-05-29 09:22:03 - [TEST_STEP][PASSED] - Statement - driver.findElement(org.openqa.selenium.By.xpath("(//ul[@class='unlinked-grouplist']/li/label)[" + i + 1 + "]")).click(): null

2018-05-29 09:22:03 - [TEST_STEP][PASSED] - Statement - driver.findElement(org.openqa.selenium.By.xpath("//button[contains(text(),'>')]")).click(): null

2018-05-29 09:22:03 - [TEST_STEP][PASSED] - Statement - Break: null

2018-05-29 09:22:03 - [TEST_STEP][PASSED] - delay: Delayed 10 second(s)

2018-05-29 09:22:13 - [MESSAGE][PASSED] - Delayed 10 second(s)

2018-05-29 09:22:13 - [TEST_STEP][PASSED] - uiaction.CommonUIActions.click: uiaction.CommonUIActions.click is PASSED

2018-05-29 09:22:13 - [MESSAGE][PASSED] - uiaction.CommonUIActions.click is PASSED

2018-05-29 09:22:13 - [TEST_STEP][PASSED] - uiaction.CommonUIActions.click: uiaction.CommonUIActions.click is PASSED

2018-05-29 09:22:13 - [MESSAGE][PASSED] - uiaction.CommonUIActions.click is PASSED

2018-05-29 09:22:13 - [TEST_STEP][PASSED] - delay: Delayed 10 second(s)

2018-05-29 09:22:23 - [MESSAGE][PASSED] - Delayed 10 second(s)

2018-05-29 09:22:23 - [TEST_STEP][PASSED] - uiaction.CommonUIActions.click: uiaction.CommonUIActions.click is PASSED

2018-05-29 09:22:23 - [MESSAGE][PASSED] - uiaction.CommonUIActions.click is PASSED

2018-05-29 09:22:23 - [TEST_STEP][PASSED] - delay: Delayed 10 second(s)

2018-05-29 09:22:33 - [MESSAGE][PASSED] - Delayed 10 second(s)

2018-05-29 09:22:33 - [TEST_STEP][PASSED] - Statement - driver.findElement(org.openqa.selenium.By.xpath("//span[contains(text(),'" + groupmain + "')]/../../../../span[1]")).click(): null

2018-05-29 09:22:33 - [TEST_STEP][PASSED] - delay: Delayed 4 second(s)

2018-05-29 09:22:37 - [MESSAGE][PASSED] - Delayed 4 second(s)

2018-05-29 09:22:37 - [TEST_STEP][PASSED] - uiaction.CommonUIActions.click: uiaction.CommonUIActions.click is PASSED

2018-05-29 09:22:37 - [MESSAGE][PASSED] - uiaction.CommonUIActions.click is PASSED

2018-05-29 09:22:37 - [TEST_STEP][PASSED] - Statement - storesCheckBoxList = driver.findElements(org.openqa.selenium.By.xpath(com.kms.katalon.core.testdata.TestDataFactory.findTestData(OR_file).getValue(2, 4))): Reading excel file with source file 'C:\Users\shalinin\Katalon Studio\HME_Scripts\Data Files\HME_OR.xlsx' and sheet name 'Sheet1'

2018-05-29 09:22:37 - [TEST_STEP][PASSED] - Statement - storesCheckBoxListChecked = driver.findElements(org.openqa.selenium.By.xpath(com.kms.katalon.core.testdata.TestDataFactory.findTestData(OR_file).getValue(2, 14))): Reading excel file with source file 'C:\Users\shalinin\Katalon Studio\HME_Scripts\Data Files\HME_OR.xlsx' and sheet name 'Sheet1'

2018-05-29 09:22:37 - [TEST_STEP][PASSED] - Statement - If (storesCheckBoxList.size() == storesCheckBoxListChecked.size()): null

2018-05-29 09:22:37 - [TEST_STEP][PASSED] - Statement - out.println("All Store checkboxes are checked after selecting SelectAll button"): null

2018-05-29 09:22:37 - [TEST_STEP][PASSED] - delay: Delayed 4 second(s)

2018-05-29 09:22:41 - [MESSAGE][PASSED] - Delayed 4 second(s)

2018-05-29 09:22:41 - [TEST_STEP][PASSED] - uiaction.CommonUIActions.click: uiaction.CommonUIActions.click is PASSED

2018-05-29 09:22:42 - [MESSAGE][PASSED] - uiaction.CommonUIActions.click is PASSED

2018-05-29 09:22:42 - [TEST_STEP][PASSED] - delay: Delayed 4 second(s)

2018-05-29 09:22:46 - [MESSAGE][PASSED] - Delayed 4 second(s)

2018-05-29 09:22:46 - [TEST_STEP][PASSED] - Statement - driver.findElement(org.openqa.selenium.By.xpath("//span[contains(text(),'" + groupmain + "')]/../../../../span[2]")).click(): null

2018-05-29 09:22:46 - [TEST_STEP][PASSED] - Statement - timemeasureoptions = driver.findElements(org.openqa.selenium.By.xpath("//select[@class='time-measures']/option")): null

2018-05-29 09:22:46 - [TEST_STEP][PASSED] - Statement - count = 0: null

2018-05-29 09:22:46 - [TEST_STEP][PASSED] - Statement - For ([i = 0, i < timemeasureoptions.size(), (i++)]): null

2018-05-29 09:22:46 - [TEST_STEP][PASSED] - Statement - println(timemeasureoptions.get(i).getText()): null

2018-05-29 09:22:46 - [TEST_STEP][PASSED] - Statement - If (timemeasureoptions.get(i).getText() == "Week"): null

2018-05-29 09:22:46 - [TEST_STEP][PASSED] - Statement - println(timemeasureoptions.get(i).getText()): null

2018-05-29 09:22:46 - [TEST_STEP][PASSED] - Statement - If (timemeasureoptions.get(i).getText() == "Week"): null

2018-05-29 09:22:46 - [TEST_STEP][PASSED] - Statement - println(timemeasureoptions.get(i).getText()): null

2018-05-29 09:22:46 - [TEST_STEP][PASSED] - Statement - If (timemeasureoptions.get(i).getText() == "Week"): null

2018-05-29 09:22:46 - [TEST_STEP][PASSED] - Statement - timemeasureoptions[i].click(): null

2018-05-29 09:22:46 - [TEST_STEP][PASSED] - Statement - (count++): null

2018-05-29 09:22:46 - [TEST_STEP][PASSED] - Statement - Break: null

2018-05-29 09:22:46 - [TEST_STEP][PASSED] - Statement - If (count < 4): null

2018-05-29 09:22:46 - [TEST_STEP][PASSED] - Statement - out.println("Week option is selected"): null

2018-05-29 09:22:46 - [TEST_STEP][PASSED] - delay: Delayed 5 second(s)

2018-05-29 09:22:51 - [MESSAGE][PASSED] - Delayed 5 second(s)

2018-05-29 09:22:51 - [TEST_STEP][PASSED] - click: Object: 'Object Repository/ReportsPage/fromDateSelector' is clicked on

2018-05-29 09:22:51 - [MESSAGE][PASSED] - Object: 'Object Repository/ReportsPage/fromDateSelector' is clicked on

2018-05-29 09:22:51 - [TEST_STEP][PASSED] - delay: Delayed 5 second(s)

2018-05-29 09:22:56 - [MESSAGE][PASSED] - Delayed 5 second(s)

2018-05-29 09:22:56 - [TEST_STEP][PASSED] - Statement - monthText = com.kms.katalon.core.webui.keyword.WebUiBuiltInKeywords.getText(com.kms.katalon.core.testobject.ObjectRepository.findTestObject(ReportsPage/monthText)): Text of object 'Object Repository/ReportsPage/monthText' is: 'May 2018'

2018-05-29 09:22:56 - [MESSAGE][PASSED] - Text of object 'Object Repository/ReportsPage/monthText' is: 'May 2018'

2018-05-29 09:22:56 - [TEST_STEP][PASSED] - Statement - monthTextArray = monthText.split(" "): null

2018-05-29 09:22:56 - [TEST_STEP][PASSED] - Statement - month = monthTextArray[0]: null

2018-05-29 09:22:56 - [TEST_STEP][PASSED] - Statement - monthTextValue = CustomKeywords.projectSpecific.Reusability.getTestData("ReportsPage", "Month"): projectSpecific.Reusability.getTestData is PASSED

2018-05-29 09:22:56 - [MESSAGE][PASSED] - projectSpecific.Reusability.getTestData is PASSED

2018-05-29 09:22:56 - [TEST_STEP][PASSED] - Statement - If (!(monthTextValue.equals(month))): null

2018-05-29 09:22:56 - [TEST_STEP][PASSED] - Statement - While (!(monthTextValue.equals(month))): null

2018-05-29 09:22:56 - [TEST_STEP][PASSED] - click: Object: 'Object Repository/ReportsPage/previousDateSelector' is clicked on

2018-05-29 09:22:56 - [MESSAGE][PASSED] - Object: 'Object Repository/ReportsPage/previousDateSelector' is clicked on

2018-05-29 09:22:56 - [TEST_STEP][PASSED] - Statement - monthText = com.kms.katalon.core.webui.keyword.WebUiBuiltInKeywords.getText(com.kms.katalon.core.testobject.ObjectRepository.findTestObject(ReportsPage/monthText)): Text of object 'Object Repository/ReportsPage/monthText' is: 'April 2018'

2018-05-29 09:22:56 - [MESSAGE][PASSED] - Text of object 'Object Repository/ReportsPage/monthText' is: 'April 2018'

2018-05-29 09:22:56 - [TEST_STEP][PASSED] - Statement - monthTextArray = monthText.split(" "): null

2018-05-29 09:22:56 - [TEST_STEP][PASSED] - Statement - month = monthTextArray[0]: null

2018-05-29 09:22:56 - [TEST_STEP][PASSED] - click: Object: 'Object Repository/ReportsPage/previousDateSelector' is clicked on

2018-05-29 09:22:56 - [MESSAGE][PASSED] - Object: 'Object Repository/ReportsPage/previousDateSelector' is clicked on

2018-05-29 09:22:56 - [TEST_STEP][PASSED] - Statement - monthText = com.kms.katalon.core.webui.keyword.WebUiBuiltInKeywords.getText(com.kms.katalon.core.testobject.ObjectRepository.findTestObject(ReportsPage/monthText)): Text of object 'Object Repository/ReportsPage/monthText' is: 'March 2018'

2018-05-29 09:22:56 - [MESSAGE][PASSED] - Text of object 'Object Repository/ReportsPage/monthText' is: 'March 2018'

2018-05-29 09:22:56 - [TEST_STEP][PASSED] - Statement - monthTextArray = monthText.split(" "): null

2018-05-29 09:22:56 - [TEST_STEP][PASSED] - Statement - month = monthTextArray[0]: null

2018-05-29 09:22:56 - [TEST_STEP][PASSED] - Statement - data = CustomKeywords.projectSpecific.Reusability.getTestData("ReportsPage", "startdate_TC8"): projectSpecific.Reusability.getTestData is PASSED

2018-05-29 09:22:56 - [MESSAGE][PASSED] - projectSpecific.Reusability.getTestData is PASSED

2018-05-29 09:22:56 - [TEST_STEP][PASSED] - Statement - startDate = "(//td[text()='" + data + "'])[1]": null

2018-05-29 09:22:56 - [TEST_STEP][PASSED] - Statement - println(startDate): null

2018-05-29 09:22:56 - [TEST_STEP][PASSED] - Statement - startdateEle = driver.findElement(org.openqa.selenium.By.xpath(startDate)): null

2018-05-29 09:22:56 - [TEST_STEP][PASSED] - Statement - startdateEle.click(): null

2018-05-29 09:22:56 - [TEST_STEP][PASSED] - delay: Delayed 5 second(s)

2018-05-29 09:23:01 - [MESSAGE][PASSED] - Delayed 5 second(s)

2018-05-29 09:23:01 - [TEST_STEP][PASSED] - click: Object: 'Object Repository/ReportsPage/toDateSelector' is clicked on

2018-05-29 09:23:01 - [MESSAGE][PASSED] - Object: 'Object Repository/ReportsPage/toDateSelector' is clicked on

2018-05-29 09:23:01 - [TEST_STEP][PASSED] - Statement - monthText = com.kms.katalon.core.webui.keyword.WebUiBuiltInKeywords.getText(com.kms.katalon.core.testobject.ObjectRepository.findTestObject(ReportsPage/monthText2)): Text of object 'Object Repository/ReportsPage/monthText2' is: 'May 2018'

2018-05-29 09:23:01 - [MESSAGE][PASSED] - Text of object 'Object Repository/ReportsPage/monthText2' is: 'May 2018'

2018-05-29 09:23:01 - [TEST_STEP][PASSED] - Statement - monthTextArray = monthText.split(" "): null

2018-05-29 09:23:01 - [TEST_STEP][PASSED] - Statement - month = monthTextArray[0]: null

2018-05-29 09:23:01 - [TEST_STEP][PASSED] - Statement - If (!(monthTextValue.equals(month))): null

2018-05-29 09:23:01 - [TEST_STEP][PASSED] - Statement - While (!(monthTextValue.equals(month))): null

2018-05-29 09:23:01 - [TEST_STEP][PASSED] - click: Object: 'Object Repository/ReportsPage/previousDateSelector2' is clicked on

2018-05-29 09:23:02 - [MESSAGE][PASSED] - Object: 'Object Repository/ReportsPage/previousDateSelector2' is clicked on

2018-05-29 09:23:02 - [TEST_STEP][PASSED] - Statement - monthText = com.kms.katalon.core.webui.keyword.WebUiBuiltInKeywords.getText(com.kms.katalon.core.testobject.ObjectRepository.findTestObject(ReportsPage/monthText2)): Text of object 'Object Repository/ReportsPage/monthText2' is: 'April 2018'

2018-05-29 09:23:02 - [MESSAGE][PASSED] - Text of object 'Object Repository/ReportsPage/monthText2' is: 'April 2018'

2018-05-29 09:23:02 - [TEST_STEP][PASSED] - Statement - monthTextArray = monthText.split(" "): null

2018-05-29 09:23:02 - [TEST_STEP][PASSED] - Statement - month = monthTextArray[0]: null

2018-05-29 09:23:02 - [TEST_STEP][PASSED] - click: Object: 'Object Repository/ReportsPage/previousDateSelector2' is clicked on

2018-05-29 09:23:02 - [MESSAGE][PASSED] - Object: 'Object Repository/ReportsPage/previousDateSelector2' is clicked on

2018-05-29 09:23:02 - [TEST_STEP][PASSED] - Statement - monthText = com.kms.katalon.core.webui.keyword.WebUiBuiltInKeywords.getText(com.kms.katalon.core.testobject.ObjectRepository.findTestObject(ReportsPage/monthText2)): Text of object 'Object Repository/ReportsPage/monthText2' is: 'March 2018'

2018-05-29 09:23:02 - [MESSAGE][PASSED] - Text of object 'Object Repository/ReportsPage/monthText2' is: 'March 2018'

2018-05-29 09:23:02 - [TEST_STEP][PASSED] - Statement - monthTextArray = monthText.split(" "): null

2018-05-29 09:23:02 - [TEST_STEP][PASSED] - Statement - month = monthTextArray[0]: null

2018-05-29 09:23:02 - [TEST_STEP][PASSED] - Statement - endDate = CustomKeywords.projectSpecific.Reusability.getTestData("ReportsPage", "EndDate"): projectSpecific.Reusability.getTestData is PASSED

2018-05-29 09:23:02 - [MESSAGE][PASSED] - projectSpecific.Reusability.getTestData is PASSED

2018-05-29 09:23:02 - [TEST_STEP][PASSED] - Statement - toDate = "(//td[text()='" + endDate + "'])[2]": null

2018-05-29 09:23:02 - [TEST_STEP][PASSED] - Statement - toDateEle = driver.findElement(org.openqa.selenium.By.xpath(toDate)): null

2018-05-29 09:23:02 - [TEST_STEP][PASSED] - Statement - toDateEle.click(): null

2018-05-29 09:23:02 - [TEST_STEP][PASSED] - delay: Delayed 5 second(s)

2018-05-29 09:23:07 - [MESSAGE][PASSED] - Delayed 5 second(s)

2018-05-29 09:23:07 - [TEST_STEP][PASSED] - Statement - dateAttr = com.kms.katalon.core.webui.keyword.WebUiBuiltInKeywords.getAttribute(com.kms.katalon.core.testobject.ObjectRepository.findTestObject(ReportsPage/selectedDate1), "value"): Attribute 'value' of object 'Object Repository/ReportsPage/selectedDate1' is: '03/07/2018'

2018-05-29 09:23:07 - [MESSAGE][PASSED] - Attribute 'value' of object 'Object Repository/ReportsPage/selectedDate1' is: '03/07/2018'

2018-05-29 09:23:07 - [TEST_STEP][PASSED] - Statement - fromDateValue = CustomKeywords.projectSpecific.Reusability.getTestData("ReportsPage", "Fromdate_TC8"): projectSpecific.Reusability.getTestData is PASSED

2018-05-29 09:23:07 - [MESSAGE][PASSED] - projectSpecific.Reusability.getTestData is PASSED

2018-05-29 09:23:07 - [TEST_STEP][PASSED] - Statement - If (!(dateAttr.equals(fromDateValue))): null

2018-05-29 09:23:07 - [TEST_STEP][PASSED] - Statement - dateAttr = com.kms.katalon.core.webui.keyword.WebUiBuiltInKeywords.getAttribute(com.kms.katalon.core.testobject.ObjectRepository.findTestObject(ReportsPage/selectedDate2), "value"): Attribute 'value' of object 'Object Repository/ReportsPage/selectedDate2' is: '03/14/2018'

2018-05-29 09:23:07 - [MESSAGE][PASSED] - Attribute 'value' of object 'Object Repository/ReportsPage/selectedDate2' is: '03/14/2018'

2018-05-29 09:23:07 - [TEST_STEP][PASSED] - Statement - toDateValue = CustomKeywords.projectSpecific.Reusability.getTestData("ReportsPage", "toDate"): projectSpecific.Reusability.getTestData is PASSED

2018-05-29 09:23:07 - [MESSAGE][PASSED] - projectSpecific.Reusability.getTestData is PASSED

2018-05-29 09:23:07 - [TEST_STEP][PASSED] - Statement - If (!(dateAttr.equals(toDateValue))): null

2018-05-29 09:23:07 - [TEST_STEP][PASSED] - uiaction.CommonUIActions.click: uiaction.CommonUIActions.click is PASSED

2018-05-29 09:23:07 - [MESSAGE][PASSED] - uiaction.CommonUIActions.click is PASSED

2018-05-29 09:23:07 - [TEST_STEP][PASSED] - click: Object: 'Object Repository/ReportsPage/report_submit' is clicked on

2018-05-29 09:23:07 - [MESSAGE][PASSED] - Object: 'Object Repository/ReportsPage/report_submit' is clicked on

2018-05-29 09:23:07 - [TEST_STEP][PASSED] - delay: Delayed 10 second(s)

2018-05-29 09:23:17 - [MESSAGE][PASSED] - Delayed 10 second(s)

2018-05-29 09:23:17 - [TEST_STEP][PASSED] - verifyElementPresent: Object 'Object Repository/SummarizedReportPage/Summary_avaragereport' is present

2018-05-29 09:23:17 - [MESSAGE][PASSED] - Object 'Object Repository/SummarizedReportPage/Summary_avaragereport' is present

2018-05-29 09:23:17 - [TEST_STEP][PASSED] - verifyElementPresent: Object 'Object Repository/SummarizedReportPage/summary_avaragetimemin_sec' is present

2018-05-29 09:23:17 - [MESSAGE][PASSED] - Object 'Object Repository/SummarizedReportPage/summary_avaragetimemin_sec' is present

2018-05-29 09:23:17 - [TEST_STEP][PASSED] - Statement - averagetime_headersfromapp = driver.findElements(org.openqa.selenium.By.xpath("//table[@class='summaryreport-table']//th[@class='reportTableAttributesHeading']")): null

2018-05-29 09:23:17 - [TEST_STEP][PASSED] - Statement - averagetime_headersfrom_excel = CustomKeywords.projectSpecific.Reusability.getTestData("ReportsPage", "averagetime_headers_08"): projectSpecific.Reusability.getTestData is PASSED

2018-05-29 09:23:17 - [MESSAGE][PASSED] - projectSpecific.Reusability.getTestData is PASSED

2018-05-29 09:23:17 - [TEST_STEP][PASSED] - Statement - averagetime_excelsplit = averagetime_headersfrom_excel.split(","): null

2018-05-29 09:23:17 - [TEST_STEP][PASSED] - Statement - For ([i = 0, i < averagetime_headersfromapp.size(), (i++)]): null

2018-05-29 09:23:17 - [TEST_STEP][PASSED] - delay: Delayed 5 second(s)

2018-05-29 09:23:22 - [MESSAGE][PASSED] - Delayed 5 second(s)

2018-05-29 09:23:22 - [TEST_STEP][PASSED] - uiaction.CommonUIActions.click: uiaction.CommonUIActions.click is PASSED

2018-05-29 09:23:27 - [MESSAGE][PASSED] - uiaction.CommonUIActions.click is PASSED

2018-05-29 09:23:27 - [TEST_STEP][PASSED] - delay: Delayed 5 second(s)

2018-05-29 09:23:32 - [MESSAGE][PASSED] - Delayed 5 second(s)

2018-05-29 09:23:32 - [TEST_STEP][PASSED] - uiaction.CommonUIActions.click: uiaction.CommonUIActions.click is PASSED

2018-05-29 09:23:45 - [MESSAGE][PASSED] - uiaction.CommonUIActions.click is PASSED

2018-05-29 09:23:45 - [TEST_STEP][PASSED] - delay: Delayed 5 second(s)

2018-05-29 09:23:50 - [MESSAGE][PASSED] - Delayed 5 second(s)

2018-05-29 09:23:50 - [TEST_STEP][PASSED] - uiaction.CommonUIActions.click: uiaction.CommonUIActions.click is PASSED

2018-05-29 09:23:50 - [MESSAGE][PASSED] - uiaction.CommonUIActions.click is PASSED

2018-05-29 09:23:50 - [TEST_STEP][PASSED] - delay: Delayed 10 second(s)

2018-05-29 09:24:00 - [MESSAGE][PASSED] - Delayed 10 second(s)

2018-05-29 09:24:00 - [TEST_STEP][PASSED] - uiaction.CommonUIActions.click: uiaction.CommonUIActions.click is PASSED

2018-05-29 09:24:00 - [MESSAGE][PASSED] - uiaction.CommonUIActions.click is PASSED

2018-05-29 09:24:00 - [TEST_STEP][PASSED] - delay: Delayed 10 second(s)

2018-05-29 09:24:10 - [MESSAGE][PASSED] - Delayed 10 second(s)

2018-05-29 09:24:10 - [TEST_STEP][PASSED] - uiaction.CommonUIActions.click: uiaction.CommonUIActions.click is PASSED

2018-05-29 09:24:11 - [MESSAGE][PASSED] - uiaction.CommonUIActions.click is PASSED

2018-05-29 09:24:11 - [TEST_STEP][PASSED] - uiaction.CommonUIActions.click: uiaction.CommonUIActions.click is PASSED

2018-05-29 09:24:11 - [MESSAGE][PASSED] - uiaction.CommonUIActions.click is PASSED

2018-05-29 09:24:11 - [TEST_STEP][PASSED] - uiaction.CommonUIActions.click: uiaction.CommonUIActions.click is PASSED

2018-05-29 09:24:14 - [MESSAGE][PASSED] - uiaction.CommonUIActions.click is PASSED

2018-05-29 09:24:14 - [TEST_STEP][PASSED] - Statement - assert TCflag == true: null

2018-05-29 09:24:14 - [TEST_STEP][PASSED] - Start listener action : sampleAfterTestCase: Browser is closed

2018-05-29 09:24:14 - [TEST_STEP][PASSED] - Statement - println(testCaseContext.getTestCaseId()): null

2018-05-29 09:24:14 - [TEST_STEP][PASSED] - Statement - println(testCaseContext.getTestCaseStatus()): null

2018-05-29 09:24:14 - [TEST_STEP][PASSED] - closeBrowser: Browser is closed

2018-05-29 09:24:15 - [MESSAGE][PASSED] - Browser is closed]]></system-out>
         <system-err><![CDATA[]]></system-err>
      </testcase>
      <testcase name="Test Cases/SummaryReportsTC/HME-Summary Report-11" classname="Test Cases/SummaryReportsTC/HME-Summary Report-11" status="FAILED">
         <failure type="FAILED" message="Unable to get text of object 'Object Repository/ReportsPage/report_failure_alertmsg' (Root cause: com.kms.katalon.core.webui.exception.WebElementNotFoundException: Web element with id: 'Object Repository/ReportsPage/report_failure_alertmsg' located by 'By.xpath: //div//ul//li[contains(text(),'Date range invalid')]' not found)"/>
         <system-out><![CDATA[2018-05-29 09:24:15 - [TEST_CASE][FAILED] - Test Cases/SummaryReportsTC/HME-Summary Report-11: Test Cases/SummaryReportsTC/HME-Summary Report-11 FAILED because (of) Unable to get text of object 'Object Repository/ReportsPage/report_failure_alertmsg' (Root cause: com.kms.katalon.core.webui.exception.WebElementNotFoundException: Web element with id: 'Object Repository/ReportsPage/report_failure_alertmsg' located by 'By.xpath: //div//ul//li[contains(text(),'Date range invalid')]' not found)

2018-05-29 09:24:15 - [TEST_STEP][PASSED] - Start listener action : sampleBeforeTestCase: uiaction.CommonUIActions.deleteAllCookies is PASSED

2018-05-29 09:24:15 - [TEST_STEP][PASSED] - openBrowser: Browser is opened with url: ''

2018-05-29 09:24:17 - [MESSAGE][PASSED] - Browser is opened with url: ''

2018-05-29 09:24:17 - [TEST_STEP][PASSED] - maximizeWindow: Current window maximized

2018-05-29 09:24:18 - [MESSAGE][PASSED] - Current window maximized

2018-05-29 09:24:18 - [TEST_STEP][PASSED] - uiaction.CommonUIActions.deleteAllCookies: uiaction.CommonUIActions.deleteAllCookies is PASSED

2018-05-29 09:24:18 - [MESSAGE][PASSED] - Delete all cookies successfully

2018-05-29 09:24:18 - [MESSAGE][PASSED] - uiaction.CommonUIActions.deleteAllCookies is PASSED

2018-05-29 09:24:18 - [TEST_STEP][PASSED] - Statement - TCflag = true: null

2018-05-29 09:24:18 - [TEST_STEP][FAILED] - Statement - Try: uiaction.CommonUIActions.click is PASSED

2018-05-29 09:24:18 - [TEST_STEP][PASSED] - navigateToUrl: Navigate to 'https://hme-dev-public-cloud-app.azurewebsites.net/' successfully

2018-05-29 09:24:22 - [MESSAGE][PASSED] - Navigate to 'https://hme-dev-public-cloud-app.azurewebsites.net/' successfully

2018-05-29 09:24:22 - [TEST_STEP][PASSED] - projectSpecific.Reusability.login: projectSpecific.Reusability.login is PASSED

2018-05-29 09:24:22 - [MESSAGE][PASSED] - projectSpecific.Reusability.getTestData is PASSED

2018-05-29 09:24:22 - [MESSAGE][PASSED] - projectSpecific.Reusability.getTestData is PASSED

2018-05-29 09:24:22 - [MESSAGE][PASSED] - Text 'selvendrank@nousinfo.com' is set on object 'Object Repository/LoginPage/Username'

2018-05-29 09:24:22 - [MESSAGE][PASSED] - Text 'nous;123' is set on object 'Object Repository/LoginPage/Password'

2018-05-29 09:24:22 - [MESSAGE][PASSED] - Object: 'Object Repository/LoginPage/Login' is clicked on

2018-05-29 09:24:22 - [MESSAGE][PASSED] - projectSpecific.Reusability.login is PASSED

2018-05-29 09:24:22 - [TEST_STEP][PASSED] - delay: Delayed 10 second(s)

2018-05-29 09:24:32 - [MESSAGE][PASSED] - Delayed 10 second(s)

2018-05-29 09:24:32 - [TEST_STEP][PASSED] - uiaction.CommonUIActions.click: uiaction.CommonUIActions.click is PASSED

2018-05-29 09:24:44 - [MESSAGE][PASSED] - uiaction.CommonUIActions.click is PASSED

2018-05-29 09:24:44 - [TEST_STEP][PASSED] - uiaction.CommonUIActions.click: uiaction.CommonUIActions.click is PASSED

2018-05-29 09:24:57 - [MESSAGE][PASSED] - uiaction.CommonUIActions.click is PASSED

2018-05-29 09:24:57 - [TEST_STEP][PASSED] - uiaction.CommonUIActions.click: uiaction.CommonUIActions.click is PASSED

2018-05-29 09:24:59 - [MESSAGE][PASSED] - uiaction.CommonUIActions.click is PASSED

2018-05-29 09:24:59 - [TEST_STEP][PASSED] - uiaction.CommonUIActions.click: uiaction.CommonUIActions.click is PASSED

2018-05-29 09:25:00 - [MESSAGE][PASSED] - uiaction.CommonUIActions.click is PASSED

2018-05-29 09:25:00 - [TEST_STEP][PASSED] - uiaction.CommonUIActions.enter: uiaction.CommonUIActions.enter is PASSED

2018-05-29 09:25:00 - [MESSAGE][PASSED] - projectSpecific.Reusability.getTestData is PASSED

2018-05-29 09:25:00 - [MESSAGE][PASSED] - uiaction.CommonUIActions.enter is PASSED

2018-05-29 09:25:00 - [TEST_STEP][PASSED] - uiaction.CommonUIActions.enter: uiaction.CommonUIActions.enter is PASSED

2018-05-29 09:25:00 - [MESSAGE][PASSED] - projectSpecific.Reusability.getTestData is PASSED

2018-05-29 09:25:00 - [MESSAGE][PASSED] - uiaction.CommonUIActions.enter is PASSED

2018-05-29 09:25:00 - [TEST_STEP][PASSED] - delay: Delayed 10 second(s)

2018-05-29 09:25:10 - [MESSAGE][PASSED] - Delayed 10 second(s)

2018-05-29 09:25:10 - [TEST_STEP][PASSED] - Statement - groupmain = CustomKeywords.projectSpecific.Reusability.getTestData("ReportingGroupManagementPage", "Summarygrp"): projectSpecific.Reusability.getTestData is PASSED

2018-05-29 09:25:10 - [MESSAGE][PASSED] - projectSpecific.Reusability.getTestData is PASSED

2018-05-29 09:25:10 - [TEST_STEP][PASSED] - Statement - driver = com.kms.katalon.core.webui.driver.DriverFactory.getWebDriver(): null

2018-05-29 09:25:10 - [TEST_STEP][PASSED] - Statement - grouplist = driver.findElements(org.openqa.selenium.By.xpath("//ul[@class='unlinked-grouplist']/li")): null

2018-05-29 09:25:10 - [TEST_STEP][PASSED] - delay: Delayed 10 second(s)

2018-05-29 09:25:20 - [MESSAGE][PASSED] - Delayed 10 second(s)

2018-05-29 09:25:20 - [TEST_STEP][PASSED] - Statement - For ([i = 0, i < grouplist.size(), (i++)]): null

2018-05-29 09:25:20 - [TEST_STEP][PASSED] - Statement - println(grouplist.get(i).getText()): null

2018-05-29 09:25:20 - [TEST_STEP][PASSED] - Statement - If (grouplist.get(i).getText().contains("0000")): null

2018-05-29 09:25:20 - [TEST_STEP][PASSED] - Statement - println(grouplist.get(i).getText()): null

2018-05-29 09:25:20 - [TEST_STEP][PASSED] - Statement - If (grouplist.get(i).getText().contains("0000")): null

2018-05-29 09:25:20 - [TEST_STEP][PASSED] - Statement - println(grouplist.get(i).getText()): null

2018-05-29 09:25:20 - [TEST_STEP][PASSED] - Statement - If (grouplist.get(i).getText().contains("0000")): null

2018-05-29 09:25:20 - [TEST_STEP][PASSED] - Statement - println(grouplist.get(i).getText()): null

2018-05-29 09:25:20 - [TEST_STEP][PASSED] - Statement - If (grouplist.get(i).getText().contains("0000")): null

2018-05-29 09:25:20 - [TEST_STEP][PASSED] - Statement - println(grouplist.get(i).getText()): null

2018-05-29 09:25:20 - [TEST_STEP][PASSED] - Statement - If (grouplist.get(i).getText().contains("0000")): null

2018-05-29 09:25:20 - [TEST_STEP][PASSED] - Statement - println(grouplist.get(i).getText()): null

2018-05-29 09:25:20 - [TEST_STEP][PASSED] - Statement - If (grouplist.get(i).getText().contains("0000")): null

2018-05-29 09:25:20 - [TEST_STEP][PASSED] - Statement - println(grouplist.get(i).getText()): null

2018-05-29 09:25:20 - [TEST_STEP][PASSED] - Statement - If (grouplist.get(i).getText().contains("0000")): null

2018-05-29 09:25:20 - [TEST_STEP][PASSED] - Statement - println(grouplist.get(i).getText()): null

2018-05-29 09:25:20 - [TEST_STEP][PASSED] - Statement - If (grouplist.get(i).getText().contains("0000")): null

2018-05-29 09:25:20 - [TEST_STEP][PASSED] - Statement - println(grouplist.get(i).getText()): null

2018-05-29 09:25:20 - [TEST_STEP][PASSED] - Statement - If (grouplist.get(i).getText().contains("0000")): null

2018-05-29 09:25:20 - [TEST_STEP][PASSED] - Statement - println(grouplist.get(i).getText()): null

2018-05-29 09:25:20 - [TEST_STEP][PASSED] - Statement - If (grouplist.get(i).getText().contains("0000")): null

2018-05-29 09:25:20 - [TEST_STEP][PASSED] - Statement - driver.findElement(org.openqa.selenium.By.xpath("//button[contains(text(),'>')]")).click(): null

2018-05-29 09:25:20 - [TEST_STEP][PASSED] - delay: Delayed 10 second(s)

2018-05-29 09:25:30 - [MESSAGE][PASSED] - Delayed 10 second(s)

2018-05-29 09:25:30 - [TEST_STEP][PASSED] - uiaction.CommonUIActions.click: uiaction.CommonUIActions.click is PASSED

2018-05-29 09:25:30 - [MESSAGE][PASSED] - uiaction.CommonUIActions.click is PASSED

2018-05-29 09:25:30 - [TEST_STEP][PASSED] - uiaction.CommonUIActions.click: uiaction.CommonUIActions.click is PASSED

2018-05-29 09:25:30 - [MESSAGE][PASSED] - uiaction.CommonUIActions.click is PASSED

2018-05-29 09:25:30 - [TEST_STEP][PASSED] - delay: Delayed 10 second(s)

2018-05-29 09:25:40 - [MESSAGE][PASSED] - Delayed 10 second(s)

2018-05-29 09:25:40 - [TEST_STEP][PASSED] - uiaction.CommonUIActions.click: uiaction.CommonUIActions.click is PASSED

2018-05-29 09:25:41 - [MESSAGE][PASSED] - uiaction.CommonUIActions.click is PASSED

2018-05-29 09:25:41 - [TEST_STEP][PASSED] - delay: Delayed 10 second(s)

2018-05-29 09:25:51 - [MESSAGE][PASSED] - Delayed 10 second(s)

2018-05-29 09:25:51 - [TEST_STEP][PASSED] - Statement - driver.findElement(org.openqa.selenium.By.xpath("//span[contains(text(),'" + groupmain + "')]/../../../../span[1]")).click(): null

2018-05-29 09:25:51 - [TEST_STEP][PASSED] - delay: Delayed 5 second(s)

2018-05-29 09:25:56 - [MESSAGE][PASSED] - Delayed 5 second(s)

2018-05-29 09:25:56 - [TEST_STEP][PASSED] - Statement - driver.findElement(org.openqa.selenium.By.xpath("//span[contains(text(),'" + groupmain + "')]/../../../../span[2]")).click(): null

2018-05-29 09:25:56 - [TEST_STEP][PASSED] - delay: Delayed 5 second(s)

2018-05-29 09:26:01 - [MESSAGE][PASSED] - Delayed 5 second(s)

2018-05-29 09:26:01 - [TEST_STEP][PASSED] - click: Object: 'Object Repository/ReportsPage/fromDateSelector' is clicked on

2018-05-29 09:26:01 - [MESSAGE][PASSED] - Object: 'Object Repository/ReportsPage/fromDateSelector' is clicked on

2018-05-29 09:26:01 - [TEST_STEP][PASSED] - delay: Delayed 5 second(s)

2018-05-29 09:26:06 - [MESSAGE][PASSED] - Delayed 5 second(s)

2018-05-29 09:26:06 - [TEST_STEP][PASSED] - Statement - monthText = com.kms.katalon.core.webui.keyword.WebUiBuiltInKeywords.getText(com.kms.katalon.core.testobject.ObjectRepository.findTestObject(ReportsPage/monthText)): Text of object 'Object Repository/ReportsPage/monthText' is: 'May 2018'

2018-05-29 09:26:06 - [MESSAGE][PASSED] - Text of object 'Object Repository/ReportsPage/monthText' is: 'May 2018'

2018-05-29 09:26:06 - [TEST_STEP][PASSED] - Statement - monthTextArray = monthText.split(" "): null

2018-05-29 09:26:06 - [TEST_STEP][PASSED] - Statement - month = monthTextArray[0]: null

2018-05-29 09:26:06 - [TEST_STEP][PASSED] - Statement - monthTextValue_march = CustomKeywords.projectSpecific.Reusability.getTestData("ReportsPage", "Month_march"): projectSpecific.Reusability.getTestData is PASSED

2018-05-29 09:26:06 - [MESSAGE][PASSED] - projectSpecific.Reusability.getTestData is PASSED

2018-05-29 09:26:06 - [TEST_STEP][PASSED] - Statement - If (!(monthTextValue_march.equals(month))): null

2018-05-29 09:26:06 - [TEST_STEP][PASSED] - Statement - While (!(monthTextValue_march.equals(month))): null

2018-05-29 09:26:06 - [TEST_STEP][PASSED] - click: Object: 'Object Repository/ReportsPage/previousDateSelector' is clicked on

2018-05-29 09:26:06 - [MESSAGE][PASSED] - Object: 'Object Repository/ReportsPage/previousDateSelector' is clicked on

2018-05-29 09:26:06 - [TEST_STEP][PASSED] - Statement - monthText = com.kms.katalon.core.webui.keyword.WebUiBuiltInKeywords.getText(com.kms.katalon.core.testobject.ObjectRepository.findTestObject(ReportsPage/monthText)): Text of object 'Object Repository/ReportsPage/monthText' is: 'April 2018'

2018-05-29 09:26:06 - [MESSAGE][PASSED] - Text of object 'Object Repository/ReportsPage/monthText' is: 'April 2018'

2018-05-29 09:26:06 - [TEST_STEP][PASSED] - Statement - monthTextArray = monthText.split(" "): null

2018-05-29 09:26:06 - [TEST_STEP][PASSED] - Statement - month = monthTextArray[0]: null

2018-05-29 09:26:06 - [TEST_STEP][PASSED] - click: Object: 'Object Repository/ReportsPage/previousDateSelector' is clicked on

2018-05-29 09:26:06 - [MESSAGE][PASSED] - Object: 'Object Repository/ReportsPage/previousDateSelector' is clicked on

2018-05-29 09:26:06 - [TEST_STEP][PASSED] - Statement - monthText = com.kms.katalon.core.webui.keyword.WebUiBuiltInKeywords.getText(com.kms.katalon.core.testobject.ObjectRepository.findTestObject(ReportsPage/monthText)): Text of object 'Object Repository/ReportsPage/monthText' is: 'March 2018'

2018-05-29 09:26:06 - [MESSAGE][PASSED] - Text of object 'Object Repository/ReportsPage/monthText' is: 'March 2018'

2018-05-29 09:26:06 - [TEST_STEP][PASSED] - Statement - monthTextArray = monthText.split(" "): null

2018-05-29 09:26:06 - [TEST_STEP][PASSED] - Statement - month = monthTextArray[0]: null

2018-05-29 09:26:06 - [TEST_STEP][PASSED] - Statement - data = CustomKeywords.projectSpecific.Reusability.getTestData("ReportsPage", "StartDate"): projectSpecific.Reusability.getTestData is PASSED

2018-05-29 09:26:06 - [MESSAGE][PASSED] - projectSpecific.Reusability.getTestData is PASSED

2018-05-29 09:26:06 - [TEST_STEP][PASSED] - Statement - startDate = "(//td[text()='" + data + "'])[1]": null

2018-05-29 09:26:06 - [TEST_STEP][PASSED] - Statement - println(startDate): null

2018-05-29 09:26:06 - [TEST_STEP][PASSED] - Statement - startdateEle = driver.findElement(org.openqa.selenium.By.xpath(startDate)): null

2018-05-29 09:26:06 - [TEST_STEP][PASSED] - Statement - startdateEle.click(): null

2018-05-29 09:26:06 - [TEST_STEP][PASSED] - delay: Delayed 5 second(s)

2018-05-29 09:26:11 - [MESSAGE][PASSED] - Delayed 5 second(s)

2018-05-29 09:26:11 - [TEST_STEP][PASSED] - click: Object: 'Object Repository/ReportsPage/toDateSelector' is clicked on

2018-05-29 09:26:12 - [MESSAGE][PASSED] - Object: 'Object Repository/ReportsPage/toDateSelector' is clicked on

2018-05-29 09:26:12 - [TEST_STEP][PASSED] - Statement - monthText = com.kms.katalon.core.webui.keyword.WebUiBuiltInKeywords.getText(com.kms.katalon.core.testobject.ObjectRepository.findTestObject(ReportsPage/monthText2)): Text of object 'Object Repository/ReportsPage/monthText2' is: 'May 2018'

2018-05-29 09:26:12 - [MESSAGE][PASSED] - Text of object 'Object Repository/ReportsPage/monthText2' is: 'May 2018'

2018-05-29 09:26:12 - [TEST_STEP][PASSED] - Statement - monthTextArray = monthText.split(" "): null

2018-05-29 09:26:12 - [TEST_STEP][PASSED] - Statement - month = monthTextArray[0]: null

2018-05-29 09:26:12 - [TEST_STEP][PASSED] - Statement - monthTextValue_april = CustomKeywords.projectSpecific.Reusability.getTestData("ReportsPage", "Month_april"): projectSpecific.Reusability.getTestData is PASSED

2018-05-29 09:26:12 - [MESSAGE][PASSED] - projectSpecific.Reusability.getTestData is PASSED

2018-05-29 09:26:12 - [TEST_STEP][PASSED] - Statement - If (!(monthTextValue_april.equals(month))): null

2018-05-29 09:26:12 - [TEST_STEP][PASSED] - Statement - While (!(monthTextValue_april.equals(month))): null

2018-05-29 09:26:12 - [TEST_STEP][PASSED] - click: Object: 'Object Repository/ReportsPage/previousDateSelector2' is clicked on

2018-05-29 09:26:12 - [MESSAGE][PASSED] - Object: 'Object Repository/ReportsPage/previousDateSelector2' is clicked on

2018-05-29 09:26:12 - [TEST_STEP][PASSED] - Statement - monthText = com.kms.katalon.core.webui.keyword.WebUiBuiltInKeywords.getText(com.kms.katalon.core.testobject.ObjectRepository.findTestObject(ReportsPage/monthText2)): Text of object 'Object Repository/ReportsPage/monthText2' is: 'April 2018'

2018-05-29 09:26:12 - [MESSAGE][PASSED] - Text of object 'Object Repository/ReportsPage/monthText2' is: 'April 2018'

2018-05-29 09:26:12 - [TEST_STEP][PASSED] - Statement - monthTextArray = monthText.split(" "): null

2018-05-29 09:26:12 - [TEST_STEP][PASSED] - Statement - month = monthTextArray[0]: null

2018-05-29 09:26:12 - [TEST_STEP][PASSED] - Statement - endDate = CustomKeywords.projectSpecific.Reusability.getTestData("ReportsPage", "enddate_april"): projectSpecific.Reusability.getTestData is PASSED

2018-05-29 09:26:12 - [MESSAGE][PASSED] - projectSpecific.Reusability.getTestData is PASSED

2018-05-29 09:26:12 - [TEST_STEP][PASSED] - delay: Delayed 10 second(s)

2018-05-29 09:26:22 - [MESSAGE][PASSED] - Delayed 10 second(s)

2018-05-29 09:26:22 - [TEST_STEP][PASSED] - Statement - toDate = "(//div[@class='rdtPicker']/div/table/tbody/tr/td[text()='" + endDate + "'])[3]": null

2018-05-29 09:26:22 - [TEST_STEP][PASSED] - Statement - toDateEle = driver.findElement(org.openqa.selenium.By.xpath(toDate)): null

2018-05-29 09:26:22 - [TEST_STEP][PASSED] - Statement - toDateEle.click(): null

2018-05-29 09:26:22 - [TEST_STEP][PASSED] - delay: Delayed 5 second(s)

2018-05-29 09:26:27 - [MESSAGE][PASSED] - Delayed 5 second(s)

2018-05-29 09:26:27 - [TEST_STEP][PASSED] - Statement - dateAttr = com.kms.katalon.core.webui.keyword.WebUiBuiltInKeywords.getAttribute(com.kms.katalon.core.testobject.ObjectRepository.findTestObject(ReportsPage/selectedDate1), "value"): Attribute 'value' of object 'Object Repository/ReportsPage/selectedDate1' is: '03/01/2018'

2018-05-29 09:26:27 - [MESSAGE][PASSED] - Attribute 'value' of object 'Object Repository/ReportsPage/selectedDate1' is: '03/01/2018'

2018-05-29 09:26:27 - [TEST_STEP][PASSED] - Statement - fromDateValue = CustomKeywords.projectSpecific.Reusability.getTestData("ReportsPage", "fromDate_march"): projectSpecific.Reusability.getTestData is PASSED

2018-05-29 09:26:27 - [MESSAGE][PASSED] - projectSpecific.Reusability.getTestData is PASSED

2018-05-29 09:26:27 - [TEST_STEP][PASSED] - Statement - If (!(dateAttr.equals(fromDateValue))): null

2018-05-29 09:26:27 - [TEST_STEP][PASSED] - Statement - dateAttr = com.kms.katalon.core.webui.keyword.WebUiBuiltInKeywords.getAttribute(com.kms.katalon.core.testobject.ObjectRepository.findTestObject(ReportsPage/selectedDate2), "value"): Attribute 'value' of object 'Object Repository/ReportsPage/selectedDate2' is: '04/02/2018'

2018-05-29 09:26:27 - [MESSAGE][PASSED] - Attribute 'value' of object 'Object Repository/ReportsPage/selectedDate2' is: '04/02/2018'

2018-05-29 09:26:27 - [TEST_STEP][PASSED] - Statement - toDateValue = CustomKeywords.projectSpecific.Reusability.getTestData("ReportsPage", "toDate8"): projectSpecific.Reusability.getTestData is PASSED

2018-05-29 09:26:27 - [MESSAGE][PASSED] - projectSpecific.Reusability.getTestData is PASSED

2018-05-29 09:26:27 - [TEST_STEP][PASSED] - Statement - If (!(dateAttr.equals(toDateValue))): null

2018-05-29 09:26:27 - [TEST_STEP][PASSED] - uiaction.CommonUIActions.click: uiaction.CommonUIActions.click is PASSED

2018-05-29 09:26:27 - [MESSAGE][PASSED] - uiaction.CommonUIActions.click is PASSED

2018-05-29 09:26:27 - [TEST_STEP][PASSED] - Statement - opencheckbox = CustomKeywords.uiaction.CommonUIActions.isEnabled(com.kms.katalon.core.testobject.ObjectRepository.findTestObject(ReportsPage/Report_opencheckbox)): uiaction.CommonUIActions.isEnabled is PASSED

2018-05-29 09:26:27 - [MESSAGE][PASSED] - uiaction.CommonUIActions.isEnabled is PASSED

2018-05-29 09:26:27 - [TEST_STEP][PASSED] - Statement - If (!(opencheckbox)): null

2018-05-29 09:26:27 - [TEST_STEP][PASSED] - Statement - out.println("Open checkbox is checked bydefault"): null

2018-05-29 09:26:27 - [TEST_STEP][PASSED] - Statement - closecheckbox = CustomKeywords.uiaction.CommonUIActions.isEnabled(com.kms.katalon.core.testobject.ObjectRepository.findTestObject(ReportsPage/Report_closecheckbox)): uiaction.CommonUIActions.isEnabled is PASSED

2018-05-29 09:26:27 - [MESSAGE][PASSED] - uiaction.CommonUIActions.isEnabled is PASSED

2018-05-29 09:26:27 - [TEST_STEP][PASSED] - Statement - If (!(closecheckbox)): null

2018-05-29 09:26:27 - [TEST_STEP][PASSED] - Statement - out.println("Close checkbox is checked bydefault"): null

2018-05-29 09:26:27 - [TEST_STEP][PASSED] - uiaction.CommonUIActions.click: uiaction.CommonUIActions.click is PASSED

2018-05-29 09:26:27 - [MESSAGE][PASSED] - uiaction.CommonUIActions.click is PASSED

2018-05-29 09:26:27 - [TEST_STEP][PASSED] - uiaction.CommonUIActions.click: uiaction.CommonUIActions.click is PASSED

2018-05-29 09:26:27 - [MESSAGE][PASSED] - uiaction.CommonUIActions.click is PASSED

2018-05-29 09:26:27 - [TEST_STEP][PASSED] - verifyElementPresent: Object 'Object Repository/ReportsPage/advancedoption_am' is present

2018-05-29 09:26:27 - [MESSAGE][PASSED] - Object 'Object Repository/ReportsPage/advancedoption_am' is present

2018-05-29 09:26:27 - [TEST_STEP][PASSED] - verifyElementPresent: Object 'Object Repository/ReportsPage/advanceoptions_pm' is present

2018-05-29 09:26:27 - [MESSAGE][PASSED] - Object 'Object Repository/ReportsPage/advanceoptions_pm' is present

2018-05-29 09:26:27 - [TEST_STEP][PASSED] - Statement - open_am = CustomKeywords.uiaction.CommonUIActions.isEnabled(com.kms.katalon.core.testobject.ObjectRepository.findTestObject(ReportsPage/advancedoption_am)): uiaction.CommonUIActions.isEnabled is PASSED

2018-05-29 09:26:27 - [MESSAGE][PASSED] - uiaction.CommonUIActions.isEnabled is PASSED

2018-05-29 09:26:27 - [TEST_STEP][PASSED] - Statement - If (open_am): null

2018-05-29 09:26:27 - [TEST_STEP][PASSED] - Statement - out.println("AM Drop down boxes  enabled"): null

2018-05-29 09:26:27 - [TEST_STEP][PASSED] - Statement - open_pm = CustomKeywords.uiaction.CommonUIActions.isEnabled(com.kms.katalon.core.testobject.ObjectRepository.findTestObject(ReportsPage/advanceoptions_pm)): uiaction.CommonUIActions.isEnabled is PASSED

2018-05-29 09:26:27 - [MESSAGE][PASSED] - uiaction.CommonUIActions.isEnabled is PASSED

2018-05-29 09:26:27 - [TEST_STEP][PASSED] - Statement - If (open_pm): null

2018-05-29 09:26:27 - [TEST_STEP][PASSED] - Statement - out.println("PM Drop down boxes  enabled"): null

2018-05-29 09:26:27 - [TEST_STEP][PASSED] - uiaction.CommonUIActions.click: uiaction.CommonUIActions.click is PASSED

2018-05-29 09:26:28 - [MESSAGE][PASSED] - uiaction.CommonUIActions.click is PASSED

2018-05-29 09:26:28 - [TEST_STEP][PASSED] - uiaction.CommonUIActions.click: uiaction.CommonUIActions.click is PASSED

2018-05-29 09:26:48 - [MESSAGE][PASSED] - uiaction.CommonUIActions.click is PASSED

2018-05-29 09:26:48 - [TEST_STEP][PASSED] - uiaction.CommonUIActions.click: uiaction.CommonUIActions.click is PASSED

2018-05-29 09:26:48 - [MESSAGE][PASSED] - uiaction.CommonUIActions.click is PASSED

2018-05-29 09:26:48 - [TEST_STEP][PASSED] - Statement - open_textboxdata = com.kms.katalon.core.webui.keyword.WebUiBuiltInKeywords.getAttribute(com.kms.katalon.core.testobject.ObjectRepository.findTestObject(ReportsPage/advance_option_opentextbox), "value"): Attribute 'value' of object 'Object Repository/ReportsPage/advance_option_opentextbox' is: '8:24 am'

2018-05-29 09:26:48 - [MESSAGE][PASSED] - Attribute 'value' of object 'Object Repository/ReportsPage/advance_option_opentextbox' is: '8:24 am'

2018-05-29 09:26:48 - [TEST_STEP][PASSED] - Statement - If (!(open_textboxdata.isEmpty())): null

2018-05-29 09:26:48 - [TEST_STEP][PASSED] - Statement - out.println("8:00 am time shown "): null

2018-05-29 09:26:48 - [TEST_STEP][PASSED] - uiaction.CommonUIActions.click: uiaction.CommonUIActions.click is PASSED

2018-05-29 09:26:49 - [MESSAGE][PASSED] - uiaction.CommonUIActions.click is PASSED

2018-05-29 09:26:49 - [TEST_STEP][PASSED] - uiaction.CommonUIActions.click: uiaction.CommonUIActions.click is PASSED

2018-05-29 09:26:49 - [MESSAGE][PASSED] - uiaction.CommonUIActions.click is PASSED

2018-05-29 09:26:49 - [TEST_STEP][PASSED] - uiaction.CommonUIActions.click: uiaction.CommonUIActions.click is PASSED

2018-05-29 09:26:49 - [MESSAGE][PASSED] - uiaction.CommonUIActions.click is PASSED

2018-05-29 09:26:49 - [TEST_STEP][PASSED] - verifyElementPresent: Object 'Object Repository/ReportsPage/advancedoption_am' is present

2018-05-29 09:26:49 - [MESSAGE][PASSED] - Object 'Object Repository/ReportsPage/advancedoption_am' is present

2018-05-29 09:26:49 - [TEST_STEP][PASSED] - verifyElementPresent: Object 'Object Repository/ReportsPage/advanceoptions_pm' is present

2018-05-29 09:26:49 - [MESSAGE][PASSED] - Object 'Object Repository/ReportsPage/advanceoptions_pm' is present

2018-05-29 09:26:49 - [TEST_STEP][PASSED] - Statement - close_am = CustomKeywords.uiaction.CommonUIActions.isEnabled(com.kms.katalon.core.testobject.ObjectRepository.findTestObject(ReportsPage/advancedoption_am)): uiaction.CommonUIActions.isEnabled is PASSED

2018-05-29 09:26:49 - [MESSAGE][PASSED] - uiaction.CommonUIActions.isEnabled is PASSED

2018-05-29 09:26:49 - [TEST_STEP][PASSED] - Statement - If (close_am): null

2018-05-29 09:26:49 - [TEST_STEP][PASSED] - Statement - out.println("AM Drop down boxes  enabled"): null

2018-05-29 09:26:49 - [TEST_STEP][PASSED] - Statement - close_pm = CustomKeywords.uiaction.CommonUIActions.isEnabled(com.kms.katalon.core.testobject.ObjectRepository.findTestObject(ReportsPage/advanceoptions_pm)): uiaction.CommonUIActions.isEnabled is PASSED

2018-05-29 09:26:49 - [MESSAGE][PASSED] - uiaction.CommonUIActions.isEnabled is PASSED

2018-05-29 09:26:49 - [TEST_STEP][PASSED] - Statement - If (close_pm): null

2018-05-29 09:26:49 - [TEST_STEP][PASSED] - Statement - out.println("PM Drop down boxes  enabled"): null

2018-05-29 09:26:49 - [TEST_STEP][PASSED] - uiaction.CommonUIActions.click: uiaction.CommonUIActions.click is PASSED

2018-05-29 09:26:49 - [MESSAGE][PASSED] - uiaction.CommonUIActions.click is PASSED

2018-05-29 09:26:49 - [TEST_STEP][PASSED] - uiaction.CommonUIActions.click: uiaction.CommonUIActions.click is PASSED

2018-05-29 09:27:10 - [MESSAGE][PASSED] - uiaction.CommonUIActions.click is PASSED

2018-05-29 09:27:10 - [TEST_STEP][PASSED] - uiaction.CommonUIActions.click: uiaction.CommonUIActions.click is PASSED

2018-05-29 09:27:10 - [MESSAGE][PASSED] - uiaction.CommonUIActions.click is PASSED

2018-05-29 09:27:10 - [TEST_STEP][PASSED] - Statement - open_textboxdata1 = com.kms.katalon.core.webui.keyword.WebUiBuiltInKeywords.getAttribute(com.kms.katalon.core.testobject.ObjectRepository.findTestObject(ReportsPage/advance_option_closetextbox), "value"): Attribute 'value' of object 'Object Repository/ReportsPage/advance_option_closetextbox' is: '3:24 pm'

2018-05-29 09:27:10 - [MESSAGE][PASSED] - Attribute 'value' of object 'Object Repository/ReportsPage/advance_option_closetextbox' is: '3:24 pm'

2018-05-29 09:27:10 - [TEST_STEP][PASSED] - Statement - If (!(open_textboxdata1.isEmpty())): null

2018-05-29 09:27:10 - [TEST_STEP][PASSED] - Statement - out.println("3:00 pm time shown "): null

2018-05-29 09:27:10 - [TEST_STEP][PASSED] - uiaction.CommonUIActions.click: uiaction.CommonUIActions.click is PASSED

2018-05-29 09:27:10 - [MESSAGE][PASSED] - uiaction.CommonUIActions.click is PASSED

2018-05-29 09:27:10 - [TEST_STEP][PASSED] - delay: Delayed 5 second(s)

2018-05-29 09:27:15 - [MESSAGE][PASSED] - Delayed 5 second(s)

2018-05-29 09:27:15 - [TEST_STEP][PASSED] - uiaction.CommonUIActions.click: uiaction.CommonUIActions.click is PASSED

2018-05-29 09:27:15 - [MESSAGE][PASSED] - uiaction.CommonUIActions.click is PASSED

2018-05-29 09:27:15 - [TEST_STEP][PASSED] - delay: Delayed 10 second(s)

2018-05-29 09:27:25 - [MESSAGE][PASSED] - Delayed 10 second(s)

2018-05-29 09:27:25 - [TEST_STEP][PASSED] - click: Object: 'Object Repository/ReportsPage/generateReport' is clicked on

2018-05-29 09:27:25 - [MESSAGE][PASSED] - Object: 'Object Repository/ReportsPage/generateReport' is clicked on

2018-05-29 09:27:25 - [TEST_STEP][FAILED] - Statement - txt = com.kms.katalon.core.webui.keyword.WebUiBuiltInKeywords.getText(com.kms.katalon.core.testobject.ObjectRepository.findTestObject(ReportsPage/report_failure_alertmsg)): Unable to get text of object 'Object Repository/ReportsPage/report_failure_alertmsg' (Root cause: com.kms.katalon.core.webui.exception.WebElementNotFoundException: Web element with id: 'Object Repository/ReportsPage/report_failure_alertmsg' located by 'By.xpath: //div//ul//li[contains(text(),'Date range invalid')]' not found)

2018-05-29 09:27:57 - [MESSAGE][FAILED] - Unable to get text of object 'Object Repository/ReportsPage/report_failure_alertmsg' (Root cause: com.kms.katalon.core.webui.exception.WebElementNotFoundException: Web element with id: 'Object Repository/ReportsPage/report_failure_alertmsg' located by 'By.xpath: //div//ul//li[contains(text(),'Date range invalid')]' not found)
[[ATTACHMENT|C:\\Users\\shalinin\\Katalon Studio\\HME_Scripts\\Reports\\RegressionSuite\\20180529_091324\\1527566277141.png]]

2018-05-29 09:27:57 - [TEST_STEP][FAILED] - verifyElementPresent: com.kms.katalon.core.webui.exception.WebElementNotFoundException: Web element with id: 'Object Repository/ReportsPage/report_failure_alertmsg' located by 'By.xpath: //div//ul//li[contains(text(),'Date range invalid')]' not found

2018-05-29 09:28:08 - [MESSAGE][FAILED] - com.kms.katalon.core.webui.exception.WebElementNotFoundException: Web element with id: 'Object Repository/ReportsPage/report_failure_alertmsg' located by 'By.xpath: //div//ul//li[contains(text(),'Date range invalid')]' not found
[[ATTACHMENT|C:\\Users\\shalinin\\Katalon Studio\\HME_Scripts\\Reports\\RegressionSuite\\20180529_091324\\1527566287870.png]]

2018-05-29 09:28:08 - [TEST_STEP][PASSED] - delay: Delayed 5 second(s)

2018-05-29 09:28:13 - [MESSAGE][PASSED] - Delayed 5 second(s)

2018-05-29 09:28:13 - [TEST_STEP][PASSED] - uiaction.CommonUIActions.click: uiaction.CommonUIActions.click is PASSED

2018-05-29 09:28:16 - [MESSAGE][PASSED] - uiaction.CommonUIActions.click is PASSED

2018-05-29 09:28:16 - [TEST_STEP][PASSED] - uiaction.CommonUIActions.click: uiaction.CommonUIActions.click is PASSED

2018-05-29 09:28:28 - [MESSAGE][PASSED] - uiaction.CommonUIActions.click is PASSED

2018-05-29 09:28:28 - [TEST_STEP][PASSED] - uiaction.CommonUIActions.click: uiaction.CommonUIActions.click is PASSED

2018-05-29 09:28:28 - [MESSAGE][PASSED] - uiaction.CommonUIActions.click is PASSED

2018-05-29 09:28:28 - [TEST_STEP][PASSED] - delay: Delayed 5 second(s)

2018-05-29 09:28:33 - [MESSAGE][PASSED] - Delayed 5 second(s)

2018-05-29 09:28:33 - [TEST_STEP][PASSED] - uiaction.CommonUIActions.click: uiaction.CommonUIActions.click is PASSED

2018-05-29 09:28:34 - [MESSAGE][PASSED] - uiaction.CommonUIActions.click is PASSED

2018-05-29 09:28:34 - [TEST_STEP][PASSED] - delay: Delayed 10 second(s)

2018-05-29 09:28:44 - [MESSAGE][PASSED] - Delayed 10 second(s)

2018-05-29 09:28:44 - [TEST_STEP][PASSED] - uiaction.CommonUIActions.click: uiaction.CommonUIActions.click is PASSED

2018-05-29 09:28:44 - [MESSAGE][PASSED] - uiaction.CommonUIActions.click is PASSED

2018-05-29 09:28:44 - [TEST_STEP][PASSED] - uiaction.CommonUIActions.click: uiaction.CommonUIActions.click is PASSED

2018-05-29 09:28:44 - [MESSAGE][PASSED] - uiaction.CommonUIActions.click is PASSED

2018-05-29 09:28:44 - [TEST_STEP][PASSED] - delay: Delayed 5 second(s)

2018-05-29 09:28:49 - [MESSAGE][PASSED] - Delayed 5 second(s)

2018-05-29 09:28:49 - [TEST_STEP][PASSED] - uiaction.CommonUIActions.click: uiaction.CommonUIActions.click is PASSED

2018-05-29 09:28:52 - [MESSAGE][PASSED] - uiaction.CommonUIActions.click is PASSED

2018-05-29 09:28:52 - [TEST_STEP][PASSED] - Statement - assert TCflag == true: null

2018-05-29 09:28:52 - [TEST_STEP][PASSED] - Start listener action : sampleAfterTestCase: Browser is closed

2018-05-29 09:28:52 - [TEST_STEP][PASSED] - Statement - println(testCaseContext.getTestCaseId()): null

2018-05-29 09:28:52 - [TEST_STEP][PASSED] - Statement - println(testCaseContext.getTestCaseStatus()): null

2018-05-29 09:28:52 - [TEST_STEP][PASSED] - closeBrowser: Browser is closed

2018-05-29 09:28:53 - [MESSAGE][PASSED] - Browser is closed]]></system-out>
         <system-err><![CDATA[2018-05-29 09:24:15 - [TEST_CASE][FAILED] - Test Cases/SummaryReportsTC/HME-Summary Report-11: Test Cases/SummaryReportsTC/HME-Summary Report-11 FAILED because (of) Unable to get text of object 'Object Repository/ReportsPage/report_failure_alertmsg' (Root cause: com.kms.katalon.core.webui.exception.WebElementNotFoundException: Web element with id: 'Object Repository/ReportsPage/report_failure_alertmsg' located by 'By.xpath: //div//ul//li[contains(text(),'Date range invalid')]' not found)]]></system-err>
      </testcase>
      <testcase name="Test Cases/SummaryReportsTC/HME-Summary Report-12" classname="Test Cases/SummaryReportsTC/HME-Summary Report-12" status="FAILED">
         <failure type="FAILED" message="Unable to verify match between actual text 'Web element with id: 'Object Repository/ReportsPage/report_failure_alertmsg' located by 'By.xpath: //div//ul//li[contains(text(),'Date range invalid')]' not found' and expected text 'Date range invalid. For Daypart Reports select any 2 week period.' (Root cause: Actual text 'Web element with id: 'Object Repository/ReportsPage/report_failure_alertmsg' located by 'By.xpath: //div//ul//li[contains(text(),'Date range invalid')]' not found' and expected text 'Date range invalid. For Daypart Reports select any 2 week period.' are not matched)"/>
         <system-out><![CDATA[2018-05-29 09:28:53 - [TEST_CASE][FAILED] - Test Cases/SummaryReportsTC/HME-Summary Report-12: Test Cases/SummaryReportsTC/HME-Summary Report-12 FAILED because (of) Unable to verify match between actual text 'Web element with id: 'Object Repository/ReportsPage/report_failure_alertmsg' located by 'By.xpath: //div//ul//li[contains(text(),'Date range invalid')]' not found' and expected text 'Date range invalid. For Daypart Reports select any 2 week period.' (Root cause: Actual text 'Web element with id: 'Object Repository/ReportsPage/report_failure_alertmsg' located by 'By.xpath: //div//ul//li[contains(text(),'Date range invalid')]' not found' and expected text 'Date range invalid. For Daypart Reports select any 2 week period.' are not matched)

2018-05-29 09:28:53 - [TEST_STEP][PASSED] - Start listener action : sampleBeforeTestCase: uiaction.CommonUIActions.deleteAllCookies is PASSED

2018-05-29 09:28:53 - [TEST_STEP][PASSED] - openBrowser: Browser is opened with url: ''

2018-05-29 09:28:55 - [MESSAGE][PASSED] - Browser is opened with url: ''

2018-05-29 09:28:55 - [TEST_STEP][PASSED] - maximizeWindow: Current window maximized

2018-05-29 09:28:56 - [MESSAGE][PASSED] - Current window maximized

2018-05-29 09:28:56 - [TEST_STEP][PASSED] - uiaction.CommonUIActions.deleteAllCookies: uiaction.CommonUIActions.deleteAllCookies is PASSED

2018-05-29 09:28:56 - [MESSAGE][PASSED] - Delete all cookies successfully

2018-05-29 09:28:56 - [MESSAGE][PASSED] - uiaction.CommonUIActions.deleteAllCookies is PASSED

2018-05-29 09:28:57 - [TEST_STEP][PASSED] - Statement - TCflag = true: null

2018-05-29 09:28:57 - [TEST_STEP][FAILED] - Statement - Try: uiaction.CommonUIActions.click is PASSED

2018-05-29 09:28:57 - [TEST_STEP][PASSED] - navigateToUrl: Navigate to 'https://hme-dev-public-cloud-app.azurewebsites.net/' successfully

2018-05-29 09:29:00 - [MESSAGE][PASSED] - Navigate to 'https://hme-dev-public-cloud-app.azurewebsites.net/' successfully

2018-05-29 09:29:00 - [TEST_STEP][PASSED] - delay: Delayed 10 second(s)

2018-05-29 09:29:10 - [MESSAGE][PASSED] - Delayed 10 second(s)

2018-05-29 09:29:10 - [TEST_STEP][PASSED] - projectSpecific.Reusability.login: projectSpecific.Reusability.login is PASSED

2018-05-29 09:29:10 - [MESSAGE][PASSED] - projectSpecific.Reusability.getTestData is PASSED

2018-05-29 09:29:10 - [MESSAGE][PASSED] - projectSpecific.Reusability.getTestData is PASSED

2018-05-29 09:29:10 - [MESSAGE][PASSED] - Text 'selvendrank@nousinfo.com' is set on object 'Object Repository/LoginPage/Username'

2018-05-29 09:29:10 - [MESSAGE][PASSED] - Text 'nous;123' is set on object 'Object Repository/LoginPage/Password'

2018-05-29 09:29:10 - [MESSAGE][PASSED] - Object: 'Object Repository/LoginPage/Login' is clicked on

2018-05-29 09:29:10 - [MESSAGE][PASSED] - projectSpecific.Reusability.login is PASSED

2018-05-29 09:29:10 - [TEST_STEP][PASSED] - delay: Delayed 10 second(s)

2018-05-29 09:29:20 - [MESSAGE][PASSED] - Delayed 10 second(s)

2018-05-29 09:29:20 - [TEST_STEP][PASSED] - Statement - driver = com.kms.katalon.core.webui.driver.DriverFactory.getWebDriver(): null

2018-05-29 09:29:20 - [TEST_STEP][PASSED] - delay: Delayed 10 second(s)

2018-05-29 09:29:30 - [MESSAGE][PASSED] - Delayed 10 second(s)

2018-05-29 09:29:30 - [TEST_STEP][PASSED] - uiaction.CommonUIActions.click: uiaction.CommonUIActions.click is PASSED

2018-05-29 09:30:00 - [MESSAGE][PASSED] - uiaction.CommonUIActions.click is PASSED

2018-05-29 09:30:00 - [TEST_STEP][PASSED] - uiaction.CommonUIActions.click: uiaction.CommonUIActions.click is PASSED

2018-05-29 09:30:37 - [MESSAGE][PASSED] - uiaction.CommonUIActions.click is PASSED

2018-05-29 09:30:37 - [TEST_STEP][PASSED] - uiaction.CommonUIActions.click: uiaction.CommonUIActions.click is PASSED

2018-05-29 09:30:39 - [MESSAGE][PASSED] - uiaction.CommonUIActions.click is PASSED

2018-05-29 09:30:39 - [TEST_STEP][PASSED] - uiaction.CommonUIActions.click: uiaction.CommonUIActions.click is PASSED

2018-05-29 09:30:39 - [MESSAGE][PASSED] - uiaction.CommonUIActions.click is PASSED

2018-05-29 09:30:39 - [TEST_STEP][PASSED] - Statement - grpName = "Grp250": null

2018-05-29 09:30:39 - [TEST_STEP][PASSED] - uiaction.CommonUIActions.enter: uiaction.CommonUIActions.enter is PASSED

2018-05-29 09:30:40 - [MESSAGE][PASSED] - uiaction.CommonUIActions.enter is PASSED

2018-05-29 09:30:40 - [TEST_STEP][PASSED] - uiaction.CommonUIActions.enter: uiaction.CommonUIActions.enter is PASSED

2018-05-29 09:30:40 - [MESSAGE][PASSED] - projectSpecific.Reusability.getTestData is PASSED

2018-05-29 09:30:40 - [MESSAGE][PASSED] - uiaction.CommonUIActions.enter is PASSED

2018-05-29 09:30:40 - [TEST_STEP][PASSED] - delay: Delayed 10 second(s)

2018-05-29 09:30:50 - [MESSAGE][PASSED] - Delayed 10 second(s)

2018-05-29 09:30:50 - [TEST_STEP][PASSED] - Statement - storesLabel = driver.findElements(org.openqa.selenium.By.xpath(com.kms.katalon.core.testdata.TestDataFactory.findTestData(OR_file).getValue(2, 10))): Reading excel file with source file 'C:\Users\shalinin\Katalon Studio\HME_Scripts\Data Files\HME_OR.xlsx' and sheet name 'Sheet1'

2018-05-29 09:30:50 - [TEST_STEP][PASSED] - Statement - groupStoresList = new java.util.ArrayList(): null

2018-05-29 09:30:50 - [TEST_STEP][PASSED] - Statement - out.println(storesLabel.size()): null

2018-05-29 09:30:50 - [TEST_STEP][PASSED] - Statement - size = storesLabel.size(): null

2018-05-29 09:30:50 - [TEST_STEP][PASSED] - Statement - index = 0: null

2018-05-29 09:30:50 - [TEST_STEP][PASSED] - Statement - pattern = java.util.regex.Pattern.compile("[0-9]+"): null

2018-05-29 09:30:50 - [TEST_STEP][PASSED] - Statement - count = 0: null

2018-05-29 09:30:50 - [TEST_STEP][PASSED] - Statement - For ([i = 0, i < storesLabel.size(), (i++)]): null

2018-05-29 09:30:50 - [TEST_STEP][PASSED] - Statement - txt = storesLabel.get(i).getText(): null

2018-05-29 09:30:50 - [TEST_STEP][PASSED] - Statement - index = i + 1: null

2018-05-29 09:30:50 - [TEST_STEP][PASSED] - Statement - matched = pattern.matcher(txt).matches(): null

2018-05-29 09:30:50 - [TEST_STEP][PASSED] - Statement - If (matched): null

2018-05-29 09:30:50 - [TEST_STEP][PASSED] - Statement - txt = storesLabel.get(i).getText(): null

2018-05-29 09:30:50 - [TEST_STEP][PASSED] - Statement - index = i + 1: null

2018-05-29 09:30:50 - [TEST_STEP][PASSED] - Statement - matched = pattern.matcher(txt).matches(): null

2018-05-29 09:30:50 - [TEST_STEP][PASSED] - Statement - If (matched): null

2018-05-29 09:30:50 - [TEST_STEP][PASSED] - Statement - txt = storesLabel.get(i).getText(): null

2018-05-29 09:30:50 - [TEST_STEP][PASSED] - Statement - index = i + 1: null

2018-05-29 09:30:50 - [TEST_STEP][PASSED] - Statement - matched = pattern.matcher(txt).matches(): null

2018-05-29 09:30:50 - [TEST_STEP][PASSED] - Statement - If (matched): null

2018-05-29 09:30:50 - [TEST_STEP][PASSED] - Statement - txt = storesLabel.get(i).getText(): null

2018-05-29 09:30:50 - [TEST_STEP][PASSED] - Statement - index = i + 1: null

2018-05-29 09:30:50 - [TEST_STEP][PASSED] - Statement - matched = pattern.matcher(txt).matches(): null

2018-05-29 09:30:50 - [TEST_STEP][PASSED] - Statement - If (matched): null

2018-05-29 09:30:50 - [TEST_STEP][PASSED] - Statement - txt = storesLabel.get(i).getText(): null

2018-05-29 09:30:50 - [TEST_STEP][PASSED] - Statement - index = i + 1: null

2018-05-29 09:30:50 - [TEST_STEP][PASSED] - Statement - matched = pattern.matcher(txt).matches(): null

2018-05-29 09:30:50 - [TEST_STEP][PASSED] - Statement - If (matched): null

2018-05-29 09:30:50 - [TEST_STEP][PASSED] - Statement - txt = storesLabel.get(i).getText(): null

2018-05-29 09:30:50 - [TEST_STEP][PASSED] - Statement - index = i + 1: null

2018-05-29 09:30:50 - [TEST_STEP][PASSED] - Statement - matched = pattern.matcher(txt).matches(): null

2018-05-29 09:30:50 - [TEST_STEP][PASSED] - Statement - If (matched): null

2018-05-29 09:30:50 - [TEST_STEP][PASSED] - Statement - txt = storesLabel.get(i).getText(): null

2018-05-29 09:30:50 - [TEST_STEP][PASSED] - Statement - index = i + 1: null

2018-05-29 09:30:50 - [TEST_STEP][PASSED] - Statement - matched = pattern.matcher(txt).matches(): null

2018-05-29 09:30:50 - [TEST_STEP][PASSED] - Statement - If (matched): null

2018-05-29 09:30:50 - [TEST_STEP][PASSED] - Statement - txt = storesLabel.get(i).getText(): null

2018-05-29 09:30:50 - [TEST_STEP][PASSED] - Statement - index = i + 1: null

2018-05-29 09:30:50 - [TEST_STEP][PASSED] - Statement - matched = pattern.matcher(txt).matches(): null

2018-05-29 09:30:50 - [TEST_STEP][PASSED] - Statement - If (matched): null

2018-05-29 09:30:50 - [TEST_STEP][PASSED] - Statement - txt = storesLabel.get(i).getText(): null

2018-05-29 09:30:50 - [TEST_STEP][PASSED] - Statement - index = i + 1: null

2018-05-29 09:30:50 - [TEST_STEP][PASSED] - Statement - matched = pattern.matcher(txt).matches(): null

2018-05-29 09:30:50 - [TEST_STEP][PASSED] - Statement - If (matched): null

2018-05-29 09:30:50 - [TEST_STEP][PASSED] - Statement - txt = storesLabel.get(i).getText(): null

2018-05-29 09:30:50 - [TEST_STEP][PASSED] - Statement - index = i + 1: null

2018-05-29 09:30:50 - [TEST_STEP][PASSED] - Statement - matched = pattern.matcher(txt).matches(): null

2018-05-29 09:30:50 - [TEST_STEP][PASSED] - Statement - If (matched): null

2018-05-29 09:30:50 - [TEST_STEP][PASSED] - Statement - driver.findElement(org.openqa.selenium.By.xpath("//button[contains(text(),'>')]")).click(): null

2018-05-29 09:30:50 - [TEST_STEP][PASSED] - delay: Delayed 5 second(s)

2018-05-29 09:30:55 - [MESSAGE][PASSED] - Delayed 5 second(s)

2018-05-29 09:30:55 - [TEST_STEP][PASSED] - delay: Delayed 10 second(s)

2018-05-29 09:31:05 - [MESSAGE][PASSED] - Delayed 10 second(s)

2018-05-29 09:31:05 - [TEST_STEP][PASSED] - uiaction.CommonUIActions.click: uiaction.CommonUIActions.click is PASSED

2018-05-29 09:31:05 - [MESSAGE][PASSED] - uiaction.CommonUIActions.click is PASSED

2018-05-29 09:31:05 - [TEST_STEP][PASSED] - uiaction.CommonUIActions.click: uiaction.CommonUIActions.click is PASSED

2018-05-29 09:31:05 - [MESSAGE][PASSED] - uiaction.CommonUIActions.click is PASSED

2018-05-29 09:31:05 - [TEST_STEP][PASSED] - delay: Delayed 10 second(s)

2018-05-29 09:31:15 - [MESSAGE][PASSED] - Delayed 10 second(s)

2018-05-29 09:31:15 - [TEST_STEP][PASSED] - uiaction.CommonUIActions.back: uiaction.CommonUIActions.back is PASSED

2018-05-29 09:31:15 - [MESSAGE][PASSED] - Navigate back successfully

2018-05-29 09:31:15 - [MESSAGE][PASSED] - uiaction.CommonUIActions.back is PASSED

2018-05-29 09:31:15 - [TEST_STEP][PASSED] - delay: Delayed 5 second(s)

2018-05-29 09:31:20 - [MESSAGE][PASSED] - Delayed 5 second(s)

2018-05-29 09:31:20 - [TEST_STEP][PASSED] - uiaction.CommonUIActions.back: uiaction.CommonUIActions.back is PASSED

2018-05-29 09:31:20 - [MESSAGE][PASSED] - Navigate back successfully

2018-05-29 09:31:20 - [MESSAGE][PASSED] - uiaction.CommonUIActions.back is PASSED

2018-05-29 09:31:20 - [TEST_STEP][PASSED] - uiaction.CommonUIActions.click: uiaction.CommonUIActions.click is PASSED

2018-05-29 09:31:20 - [MESSAGE][PASSED] - uiaction.CommonUIActions.click is PASSED

2018-05-29 09:31:20 - [TEST_STEP][PASSED] - delay: Delayed 15 second(s)

2018-05-29 09:31:35 - [MESSAGE][PASSED] - Delayed 15 second(s)

2018-05-29 09:31:35 - [TEST_STEP][PASSED] - Statement - driver.findElement(org.openqa.selenium.By.xpath("//span[contains(text(),'" + grpName + "')]/../../../../span[1]")).click(): null

2018-05-29 09:31:36 - [TEST_STEP][PASSED] - delay: Delayed 10 second(s)

2018-05-29 09:31:46 - [MESSAGE][PASSED] - Delayed 10 second(s)

2018-05-29 09:31:46 - [TEST_STEP][PASSED] - Statement - driver.findElement(org.openqa.selenium.By.xpath("//span[contains(text(),'" + grpName + "')]/../../../../span[2]")).click(): null

2018-05-29 09:31:46 - [TEST_STEP][PASSED] - delay: Delayed 5 second(s)

2018-05-29 09:31:51 - [MESSAGE][PASSED] - Delayed 5 second(s)

2018-05-29 09:31:51 - [TEST_STEP][PASSED] - click: Object: 'Object Repository/ReportsPage/fromDateSelector' is clicked on

2018-05-29 09:31:51 - [MESSAGE][PASSED] - Object: 'Object Repository/ReportsPage/fromDateSelector' is clicked on

2018-05-29 09:31:51 - [TEST_STEP][PASSED] - delay: Delayed 5 second(s)

2018-05-29 09:31:56 - [MESSAGE][PASSED] - Delayed 5 second(s)

2018-05-29 09:31:56 - [TEST_STEP][PASSED] - Statement - monthText = com.kms.katalon.core.webui.keyword.WebUiBuiltInKeywords.getText(com.kms.katalon.core.testobject.ObjectRepository.findTestObject(ReportsPage/monthText)): Text of object 'Object Repository/ReportsPage/monthText' is: 'May 2018'

2018-05-29 09:31:56 - [MESSAGE][PASSED] - Text of object 'Object Repository/ReportsPage/monthText' is: 'May 2018'

2018-05-29 09:31:56 - [TEST_STEP][PASSED] - Statement - monthTextArray = monthText.split(" "): null

2018-05-29 09:31:56 - [TEST_STEP][PASSED] - Statement - month = monthTextArray[0]: null

2018-05-29 09:31:56 - [TEST_STEP][PASSED] - Statement - monthTextValue = CustomKeywords.projectSpecific.Reusability.getTestData("ReportsPage", "Month"): projectSpecific.Reusability.getTestData is PASSED

2018-05-29 09:31:56 - [MESSAGE][PASSED] - projectSpecific.Reusability.getTestData is PASSED

2018-05-29 09:31:56 - [TEST_STEP][PASSED] - Statement - If (!(monthTextValue.equals(month))): null

2018-05-29 09:31:56 - [TEST_STEP][PASSED] - Statement - While (!(monthTextValue.equals(month))): null

2018-05-29 09:31:56 - [TEST_STEP][PASSED] - click: Object: 'Object Repository/ReportsPage/previousDateSelector' is clicked on

2018-05-29 09:31:56 - [MESSAGE][PASSED] - Object: 'Object Repository/ReportsPage/previousDateSelector' is clicked on

2018-05-29 09:31:56 - [TEST_STEP][PASSED] - Statement - monthText = com.kms.katalon.core.webui.keyword.WebUiBuiltInKeywords.getText(com.kms.katalon.core.testobject.ObjectRepository.findTestObject(ReportsPage/monthText)): Text of object 'Object Repository/ReportsPage/monthText' is: 'April 2018'

2018-05-29 09:31:56 - [MESSAGE][PASSED] - Text of object 'Object Repository/ReportsPage/monthText' is: 'April 2018'

2018-05-29 09:31:56 - [TEST_STEP][PASSED] - Statement - monthTextArray = monthText.split(" "): null

2018-05-29 09:31:56 - [TEST_STEP][PASSED] - Statement - month = monthTextArray[0]: null

2018-05-29 09:31:56 - [TEST_STEP][PASSED] - click: Object: 'Object Repository/ReportsPage/previousDateSelector' is clicked on

2018-05-29 09:31:56 - [MESSAGE][PASSED] - Object: 'Object Repository/ReportsPage/previousDateSelector' is clicked on

2018-05-29 09:31:56 - [TEST_STEP][PASSED] - Statement - monthText = com.kms.katalon.core.webui.keyword.WebUiBuiltInKeywords.getText(com.kms.katalon.core.testobject.ObjectRepository.findTestObject(ReportsPage/monthText)): Text of object 'Object Repository/ReportsPage/monthText' is: 'March 2018'

2018-05-29 09:31:56 - [MESSAGE][PASSED] - Text of object 'Object Repository/ReportsPage/monthText' is: 'March 2018'

2018-05-29 09:31:56 - [TEST_STEP][PASSED] - Statement - monthTextArray = monthText.split(" "): null

2018-05-29 09:31:56 - [TEST_STEP][PASSED] - Statement - month = monthTextArray[0]: null

2018-05-29 09:31:56 - [TEST_STEP][PASSED] - Statement - data = CustomKeywords.projectSpecific.Reusability.getTestData("ReportsPage", "StartDate"): projectSpecific.Reusability.getTestData is PASSED

2018-05-29 09:31:56 - [MESSAGE][PASSED] - projectSpecific.Reusability.getTestData is PASSED

2018-05-29 09:31:56 - [TEST_STEP][PASSED] - Statement - startDate = "(//td[text()='" + data + "'])[1]": null

2018-05-29 09:31:56 - [TEST_STEP][PASSED] - Statement - println(startDate): null

2018-05-29 09:31:56 - [TEST_STEP][PASSED] - Statement - startdateEle = driver.findElement(org.openqa.selenium.By.xpath(startDate)): null

2018-05-29 09:31:56 - [TEST_STEP][PASSED] - Statement - startdateEle.click(): null

2018-05-29 09:31:56 - [TEST_STEP][PASSED] - delay: Delayed 5 second(s)

2018-05-29 09:32:01 - [MESSAGE][PASSED] - Delayed 5 second(s)

2018-05-29 09:32:01 - [TEST_STEP][PASSED] - click: Object: 'Object Repository/ReportsPage/toDateSelector' is clicked on

2018-05-29 09:32:01 - [MESSAGE][PASSED] - Object: 'Object Repository/ReportsPage/toDateSelector' is clicked on

2018-05-29 09:32:01 - [TEST_STEP][PASSED] - Statement - monthText = com.kms.katalon.core.webui.keyword.WebUiBuiltInKeywords.getText(com.kms.katalon.core.testobject.ObjectRepository.findTestObject(ReportsPage/monthText2)): Text of object 'Object Repository/ReportsPage/monthText2' is: 'May 2018'

2018-05-29 09:32:01 - [MESSAGE][PASSED] - Text of object 'Object Repository/ReportsPage/monthText2' is: 'May 2018'

2018-05-29 09:32:01 - [TEST_STEP][PASSED] - Statement - monthTextArray = monthText.split(" "): null

2018-05-29 09:32:01 - [TEST_STEP][PASSED] - Statement - month = monthTextArray[0]: null

2018-05-29 09:32:01 - [TEST_STEP][PASSED] - Statement - monthTextValue1 = CustomKeywords.projectSpecific.Reusability.getTestData("ReportsPage", "Month"): projectSpecific.Reusability.getTestData is PASSED

2018-05-29 09:32:01 - [MESSAGE][PASSED] - projectSpecific.Reusability.getTestData is PASSED

2018-05-29 09:32:01 - [TEST_STEP][PASSED] - Statement - If (!(monthTextValue1.equals(month))): null

2018-05-29 09:32:01 - [TEST_STEP][PASSED] - Statement - While (!(monthTextValue1.equals(month))): null

2018-05-29 09:32:01 - [TEST_STEP][PASSED] - click: Object: 'Object Repository/ReportsPage/previousDateSelector2' is clicked on

2018-05-29 09:32:01 - [MESSAGE][PASSED] - Object: 'Object Repository/ReportsPage/previousDateSelector2' is clicked on

2018-05-29 09:32:01 - [TEST_STEP][PASSED] - Statement - monthText = com.kms.katalon.core.webui.keyword.WebUiBuiltInKeywords.getText(com.kms.katalon.core.testobject.ObjectRepository.findTestObject(ReportsPage/monthText2)): Text of object 'Object Repository/ReportsPage/monthText2' is: 'April 2018'

2018-05-29 09:32:01 - [MESSAGE][PASSED] - Text of object 'Object Repository/ReportsPage/monthText2' is: 'April 2018'

2018-05-29 09:32:01 - [TEST_STEP][PASSED] - Statement - monthTextArray = monthText.split(" "): null

2018-05-29 09:32:01 - [TEST_STEP][PASSED] - Statement - month = monthTextArray[0]: null

2018-05-29 09:32:01 - [TEST_STEP][PASSED] - click: Object: 'Object Repository/ReportsPage/previousDateSelector2' is clicked on

2018-05-29 09:32:01 - [MESSAGE][PASSED] - Object: 'Object Repository/ReportsPage/previousDateSelector2' is clicked on

2018-05-29 09:32:01 - [TEST_STEP][PASSED] - Statement - monthText = com.kms.katalon.core.webui.keyword.WebUiBuiltInKeywords.getText(com.kms.katalon.core.testobject.ObjectRepository.findTestObject(ReportsPage/monthText2)): Text of object 'Object Repository/ReportsPage/monthText2' is: 'March 2018'

2018-05-29 09:32:02 - [MESSAGE][PASSED] - Text of object 'Object Repository/ReportsPage/monthText2' is: 'March 2018'

2018-05-29 09:32:02 - [TEST_STEP][PASSED] - Statement - monthTextArray = monthText.split(" "): null

2018-05-29 09:32:02 - [TEST_STEP][PASSED] - Statement - month = monthTextArray[0]: null

2018-05-29 09:32:02 - [TEST_STEP][PASSED] - Statement - endDate = CustomKeywords.projectSpecific.Reusability.getTestData("ReportsPage", "endDate7"): projectSpecific.Reusability.getTestData is PASSED

2018-05-29 09:32:02 - [MESSAGE][PASSED] - projectSpecific.Reusability.getTestData is PASSED

2018-05-29 09:32:02 - [TEST_STEP][PASSED] - Statement - toDate = "(//td[text()='" + endDate + "'])[2]": null

2018-05-29 09:32:02 - [TEST_STEP][PASSED] - Statement - toDateEle = driver.findElement(org.openqa.selenium.By.xpath(toDate)): null

2018-05-29 09:32:02 - [TEST_STEP][PASSED] - Statement - toDateEle.click(): null

2018-05-29 09:32:02 - [TEST_STEP][PASSED] - delay: Delayed 5 second(s)

2018-05-29 09:32:07 - [MESSAGE][PASSED] - Delayed 5 second(s)

2018-05-29 09:32:07 - [TEST_STEP][PASSED] - Statement - dateAttr = com.kms.katalon.core.webui.keyword.WebUiBuiltInKeywords.getAttribute(com.kms.katalon.core.testobject.ObjectRepository.findTestObject(ReportsPage/selectedDate1), "value"): Attribute 'value' of object 'Object Repository/ReportsPage/selectedDate1' is: '03/01/2018'

2018-05-29 09:32:07 - [MESSAGE][PASSED] - Attribute 'value' of object 'Object Repository/ReportsPage/selectedDate1' is: '03/01/2018'

2018-05-29 09:32:07 - [TEST_STEP][PASSED] - Statement - fromDateValue = CustomKeywords.projectSpecific.Reusability.getTestData("ReportsPage", "fromDate"): projectSpecific.Reusability.getTestData is PASSED

2018-05-29 09:32:07 - [MESSAGE][PASSED] - projectSpecific.Reusability.getTestData is PASSED

2018-05-29 09:32:07 - [TEST_STEP][PASSED] - Statement - If (!(dateAttr.equals(fromDateValue))): null

2018-05-29 09:32:07 - [TEST_STEP][PASSED] - Statement - dateAttr = com.kms.katalon.core.webui.keyword.WebUiBuiltInKeywords.getAttribute(com.kms.katalon.core.testobject.ObjectRepository.findTestObject(ReportsPage/selectedDate2), "value"): Attribute 'value' of object 'Object Repository/ReportsPage/selectedDate2' is: '03/23/2018'

2018-05-29 09:32:07 - [MESSAGE][PASSED] - Attribute 'value' of object 'Object Repository/ReportsPage/selectedDate2' is: '03/23/2018'

2018-05-29 09:32:07 - [TEST_STEP][PASSED] - Statement - toDateValue = CustomKeywords.projectSpecific.Reusability.getTestData("ReportsPage", "toDate12"): projectSpecific.Reusability.getTestData is PASSED

2018-05-29 09:32:07 - [MESSAGE][PASSED] - projectSpecific.Reusability.getTestData is PASSED

2018-05-29 09:32:07 - [TEST_STEP][PASSED] - Statement - If (!(dateAttr.equals(toDateValue))): null

2018-05-29 09:32:07 - [TEST_STEP][PASSED] - verifyElementText: Actual text and expected text of test object 'Object Repository/ReportsPage/includeText' are matched.

2018-05-29 09:32:07 - [MESSAGE][PASSED] - projectSpecific.Reusability.getTestData is PASSED

2018-05-29 09:32:07 - [MESSAGE][PASSED] - Actual text and expected text of test object 'Object Repository/ReportsPage/includeText' are matched.

2018-05-29 09:32:07 - [TEST_STEP][PASSED] - verifyElementText: Actual text and expected text of test object 'Object Repository/ReportsPage/formatText' are matched.

2018-05-29 09:32:07 - [MESSAGE][PASSED] - projectSpecific.Reusability.getTestData is PASSED

2018-05-29 09:32:07 - [MESSAGE][PASSED] - Actual text and expected text of test object 'Object Repository/ReportsPage/formatText' are matched.

2018-05-29 09:32:07 - [TEST_STEP][PASSED] - uiaction.CommonUIActions.click: uiaction.CommonUIActions.click is PASSED

2018-05-29 09:32:07 - [MESSAGE][PASSED] - uiaction.CommonUIActions.click is PASSED

2018-05-29 09:32:07 - [TEST_STEP][PASSED] - uiaction.CommonUIActions.click: uiaction.CommonUIActions.click is PASSED

2018-05-29 09:32:07 - [MESSAGE][PASSED] - uiaction.CommonUIActions.click is PASSED

2018-05-29 09:32:07 - [TEST_STEP][PASSED] - delay: Delayed 5 second(s)

2018-05-29 09:32:12 - [MESSAGE][PASSED] - Delayed 5 second(s)

2018-05-29 09:32:12 - [TEST_STEP][PASSED] - uiaction.CommonUIActions.click: uiaction.CommonUIActions.click is PASSED

2018-05-29 09:32:12 - [MESSAGE][PASSED] - uiaction.CommonUIActions.click is PASSED

2018-05-29 09:32:12 - [TEST_STEP][PASSED] - Statement - opencheckbox = CustomKeywords.uiaction.CommonUIActions.isEnabled(com.kms.katalon.core.testobject.ObjectRepository.findTestObject(ReportsPage/Report_opencheckbox)): uiaction.CommonUIActions.isEnabled is PASSED

2018-05-29 09:32:12 - [MESSAGE][PASSED] - uiaction.CommonUIActions.isEnabled is PASSED

2018-05-29 09:32:12 - [TEST_STEP][PASSED] - Statement - If (!(opencheckbox)): null

2018-05-29 09:32:12 - [TEST_STEP][PASSED] - Statement - out.println("Open checkbox is checked by default"): null

2018-05-29 09:32:12 - [TEST_STEP][PASSED] - Statement - closecheckbox = CustomKeywords.uiaction.CommonUIActions.isEnabled(com.kms.katalon.core.testobject.ObjectRepository.findTestObject(ReportsPage/Report_closecheckbox)): uiaction.CommonUIActions.isEnabled is PASSED

2018-05-29 09:32:12 - [MESSAGE][PASSED] - uiaction.CommonUIActions.isEnabled is PASSED

2018-05-29 09:32:12 - [TEST_STEP][PASSED] - Statement - If (!(closecheckbox)): null

2018-05-29 09:32:12 - [TEST_STEP][PASSED] - Statement - out.println("Close checkbox is checked by default"): null

2018-05-29 09:32:12 - [TEST_STEP][PASSED] - uiaction.CommonUIActions.click: uiaction.CommonUIActions.click is PASSED

2018-05-29 09:32:12 - [MESSAGE][PASSED] - uiaction.CommonUIActions.click is PASSED

2018-05-29 09:32:12 - [TEST_STEP][PASSED] - uiaction.CommonUIActions.click: uiaction.CommonUIActions.click is PASSED

2018-05-29 09:32:12 - [MESSAGE][PASSED] - uiaction.CommonUIActions.click is PASSED

2018-05-29 09:32:12 - [TEST_STEP][PASSED] - verifyElementPresent: Object 'Object Repository/ReportsPage/advancedoption_am' is present

2018-05-29 09:32:12 - [MESSAGE][PASSED] - Object 'Object Repository/ReportsPage/advancedoption_am' is present

2018-05-29 09:32:12 - [TEST_STEP][PASSED] - verifyElementPresent: Object 'Object Repository/ReportsPage/advanceoptions_pm' is present

2018-05-29 09:32:12 - [MESSAGE][PASSED] - Object 'Object Repository/ReportsPage/advanceoptions_pm' is present

2018-05-29 09:32:12 - [TEST_STEP][PASSED] - Statement - open_am = CustomKeywords.uiaction.CommonUIActions.isEnabled(com.kms.katalon.core.testobject.ObjectRepository.findTestObject(ReportsPage/advancedoption_am)): uiaction.CommonUIActions.isEnabled is PASSED

2018-05-29 09:32:12 - [MESSAGE][PASSED] - uiaction.CommonUIActions.isEnabled is PASSED

2018-05-29 09:32:12 - [TEST_STEP][PASSED] - Statement - If (open_am): null

2018-05-29 09:32:12 - [TEST_STEP][PASSED] - Statement - out.println("AM Drop down boxes  enabled"): null

2018-05-29 09:32:12 - [TEST_STEP][PASSED] - Statement - open_pm = CustomKeywords.uiaction.CommonUIActions.isEnabled(com.kms.katalon.core.testobject.ObjectRepository.findTestObject(ReportsPage/advanceoptions_pm)): uiaction.CommonUIActions.isEnabled is PASSED

2018-05-29 09:32:12 - [MESSAGE][PASSED] - uiaction.CommonUIActions.isEnabled is PASSED

2018-05-29 09:32:12 - [TEST_STEP][PASSED] - Statement - If (open_pm): null

2018-05-29 09:32:12 - [TEST_STEP][PASSED] - Statement - out.println("PM Drop down boxes  enabled"): null

2018-05-29 09:32:12 - [TEST_STEP][PASSED] - delay: Delayed 10 second(s)

2018-05-29 09:32:22 - [MESSAGE][PASSED] - Delayed 10 second(s)

2018-05-29 09:32:22 - [TEST_STEP][PASSED] - uiaction.CommonUIActions.click: uiaction.CommonUIActions.click is PASSED

2018-05-29 09:32:23 - [MESSAGE][PASSED] - uiaction.CommonUIActions.click is PASSED

2018-05-29 09:32:23 - [TEST_STEP][PASSED] - uiaction.CommonUIActions.enter: uiaction.CommonUIActions.enter is PASSED

2018-05-29 09:32:23 - [MESSAGE][PASSED] - uiaction.CommonUIActions.enter is PASSED

2018-05-29 09:32:23 - [TEST_STEP][PASSED] - uiaction.CommonUIActions.click: uiaction.CommonUIActions.click is PASSED

2018-05-29 09:32:23 - [MESSAGE][PASSED] - uiaction.CommonUIActions.click is PASSED

2018-05-29 09:32:23 - [TEST_STEP][PASSED] - delay: Delayed 10 second(s)

2018-05-29 09:32:33 - [MESSAGE][PASSED] - Delayed 10 second(s)

2018-05-29 09:32:33 - [TEST_STEP][PASSED] - uiaction.CommonUIActions.click: uiaction.CommonUIActions.click is PASSED

2018-05-29 09:32:33 - [MESSAGE][PASSED] - uiaction.CommonUIActions.click is PASSED

2018-05-29 09:32:33 - [TEST_STEP][PASSED] - uiaction.CommonUIActions.click: uiaction.CommonUIActions.click is PASSED

2018-05-29 09:32:33 - [MESSAGE][PASSED] - uiaction.CommonUIActions.click is PASSED

2018-05-29 09:32:33 - [TEST_STEP][PASSED] - verifyElementPresent: Object 'Object Repository/ReportsPage/advancedoption_am' is present

2018-05-29 09:32:33 - [MESSAGE][PASSED] - Object 'Object Repository/ReportsPage/advancedoption_am' is present

2018-05-29 09:32:33 - [TEST_STEP][PASSED] - verifyElementPresent: Object 'Object Repository/ReportsPage/advanceoptions_pm' is present

2018-05-29 09:32:33 - [MESSAGE][PASSED] - Object 'Object Repository/ReportsPage/advanceoptions_pm' is present

2018-05-29 09:32:33 - [TEST_STEP][PASSED] - Statement - close_am = CustomKeywords.uiaction.CommonUIActions.isEnabled(com.kms.katalon.core.testobject.ObjectRepository.findTestObject(ReportsPage/advancedoption_am)): uiaction.CommonUIActions.isEnabled is PASSED

2018-05-29 09:32:33 - [MESSAGE][PASSED] - uiaction.CommonUIActions.isEnabled is PASSED

2018-05-29 09:32:33 - [TEST_STEP][PASSED] - Statement - If (close_am): null

2018-05-29 09:32:33 - [TEST_STEP][PASSED] - Statement - out.println("AM Drop down boxes  enabled"): null

2018-05-29 09:32:33 - [TEST_STEP][PASSED] - Statement - close_pm = CustomKeywords.uiaction.CommonUIActions.isEnabled(com.kms.katalon.core.testobject.ObjectRepository.findTestObject(ReportsPage/advanceoptions_pm)): uiaction.CommonUIActions.isEnabled is PASSED

2018-05-29 09:32:33 - [MESSAGE][PASSED] - uiaction.CommonUIActions.isEnabled is PASSED

2018-05-29 09:32:33 - [TEST_STEP][PASSED] - Statement - If (close_pm): null

2018-05-29 09:32:33 - [TEST_STEP][PASSED] - Statement - out.println("PM Drop down boxes  enabled"): null

2018-05-29 09:32:33 - [TEST_STEP][PASSED] - delay: Delayed 10 second(s)

2018-05-29 09:32:43 - [MESSAGE][PASSED] - Delayed 10 second(s)

2018-05-29 09:32:43 - [TEST_STEP][PASSED] - uiaction.CommonUIActions.click: uiaction.CommonUIActions.click is PASSED

2018-05-29 09:32:43 - [MESSAGE][PASSED] - uiaction.CommonUIActions.click is PASSED

2018-05-29 09:32:43 - [TEST_STEP][PASSED] - uiaction.CommonUIActions.enter: uiaction.CommonUIActions.enter is PASSED

2018-05-29 09:32:43 - [MESSAGE][PASSED] - uiaction.CommonUIActions.enter is PASSED

2018-05-29 09:32:43 - [TEST_STEP][PASSED] - uiaction.CommonUIActions.click: uiaction.CommonUIActions.click is PASSED

2018-05-29 09:32:43 - [MESSAGE][PASSED] - uiaction.CommonUIActions.click is PASSED

2018-05-29 09:32:43 - [TEST_STEP][PASSED] - delay: Delayed 10 second(s)

2018-05-29 09:32:53 - [MESSAGE][PASSED] - Delayed 10 second(s)

2018-05-29 09:32:53 - [TEST_STEP][PASSED] - uiaction.CommonUIActions.click: uiaction.CommonUIActions.click is PASSED

2018-05-29 09:32:53 - [MESSAGE][PASSED] - uiaction.CommonUIActions.click is PASSED

2018-05-29 09:32:53 - [TEST_STEP][PASSED] - uiaction.CommonUIActions.click: uiaction.CommonUIActions.click is PASSED

2018-05-29 09:32:53 - [MESSAGE][PASSED] - uiaction.CommonUIActions.click is PASSED

2018-05-29 09:32:53 - [TEST_STEP][PASSED] - click: Object: 'Object Repository/ReportsPage/generateReport' is clicked on

2018-05-29 09:32:54 - [MESSAGE][PASSED] - Object: 'Object Repository/ReportsPage/generateReport' is clicked on

2018-05-29 09:32:54 - [TEST_STEP][PASSED] - delay: Delayed 15 second(s)

2018-05-29 09:33:09 - [MESSAGE][PASSED] - Delayed 15 second(s)

2018-05-29 09:33:09 - [TEST_STEP][PASSED] - Statement - errMessage = CustomKeywords.uiaction.CommonUIActions.getText(com.kms.katalon.core.testobject.ObjectRepository.findTestObject(ReportsPage/report_failure_alertmsg)): uiaction.CommonUIActions.getText is PASSED

2018-05-29 09:33:29 - [MESSAGE][PASSED] - uiaction.CommonUIActions.getText is PASSED

2018-05-29 09:33:29 - [TEST_STEP][PASSED] - Statement - errMsgText = CustomKeywords.projectSpecific.Reusability.getTestData("ReportsPage", "DateRange5"): projectSpecific.Reusability.getTestData is PASSED

2018-05-29 09:33:30 - [MESSAGE][PASSED] - projectSpecific.Reusability.getTestData is PASSED

2018-05-29 09:33:30 - [TEST_STEP][FAILED] - verifyMatch: Unable to verify match between actual text 'Web element with id: 'Object Repository/ReportsPage/report_failure_alertmsg' located by 'By.xpath: //div//ul//li[contains(text(),'Date range invalid')]' not found' and expected text 'Date range invalid. For Daypart Reports select any 2 week period.' (Root cause: Actual text 'Web element with id: 'Object Repository/ReportsPage/report_failure_alertmsg' located by 'By.xpath: //div//ul//li[contains(text(),'Date range invalid')]' not found' and expected text 'Date range invalid. For Daypart Reports select any 2 week period.' are not matched)

2018-05-29 09:33:30 - [MESSAGE][FAILED] - Unable to verify match between actual text 'Web element with id: 'Object Repository/ReportsPage/report_failure_alertmsg' located by 'By.xpath: //div//ul//li[contains(text(),'Date range invalid')]' not found' and expected text 'Date range invalid. For Daypart Reports select any 2 week period.' (Root cause: Actual text 'Web element with id: 'Object Repository/ReportsPage/report_failure_alertmsg' located by 'By.xpath: //div//ul//li[contains(text(),'Date range invalid')]' not found' and expected text 'Date range invalid. For Daypart Reports select any 2 week period.' are not matched)

2018-05-29 09:33:30 - [TEST_STEP][PASSED] - Statement - If (errMessage == errMsgText): null

2018-05-29 09:33:30 - [TEST_STEP][PASSED] - Statement - Else: null

2018-05-29 09:33:30 - [TEST_STEP][PASSED] - Statement - If (TCflag): null

2018-05-29 09:33:30 - [TEST_STEP][PASSED] - Statement - out.println("Error Msg is not verified"): null

2018-05-29 09:33:30 - [TEST_STEP][PASSED] - delay: Delayed 10 second(s)

2018-05-29 09:33:40 - [MESSAGE][PASSED] - Delayed 10 second(s)

2018-05-29 09:33:40 - [TEST_STEP][PASSED] - uiaction.CommonUIActions.click: uiaction.CommonUIActions.click is PASSED

2018-05-29 09:33:43 - [MESSAGE][PASSED] - uiaction.CommonUIActions.click is PASSED

2018-05-29 09:33:43 - [TEST_STEP][PASSED] - uiaction.CommonUIActions.click: uiaction.CommonUIActions.click is PASSED

2018-05-29 09:34:16 - [MESSAGE][PASSED] - uiaction.CommonUIActions.click is PASSED

2018-05-29 09:34:16 - [TEST_STEP][PASSED] - uiaction.CommonUIActions.click: uiaction.CommonUIActions.click is PASSED

2018-05-29 09:34:16 - [MESSAGE][PASSED] - uiaction.CommonUIActions.click is PASSED

2018-05-29 09:34:16 - [TEST_STEP][PASSED] - delay: Delayed 10 second(s)

2018-05-29 09:34:26 - [MESSAGE][PASSED] - Delayed 10 second(s)

2018-05-29 09:34:26 - [TEST_STEP][PASSED] - Statement - groupLink = "//span[text()='" + grpName + "']": null

2018-05-29 09:34:26 - [TEST_STEP][PASSED] - Statement - driver.findElement(org.openqa.selenium.By.xpath(groupLink)).click(): null

2018-05-29 09:34:26 - [TEST_STEP][PASSED] - delay: Delayed 10 second(s)

2018-05-29 09:34:36 - [MESSAGE][PASSED] - Delayed 10 second(s)

2018-05-29 09:34:36 - [TEST_STEP][PASSED] - uiaction.CommonUIActions.click: uiaction.CommonUIActions.click is PASSED

2018-05-29 09:34:37 - [MESSAGE][PASSED] - uiaction.CommonUIActions.click is PASSED

2018-05-29 09:34:37 - [TEST_STEP][PASSED] - delay: Delayed 10 second(s)

2018-05-29 09:34:47 - [MESSAGE][PASSED] - Delayed 10 second(s)

2018-05-29 09:34:47 - [TEST_STEP][PASSED] - uiaction.CommonUIActions.click: uiaction.CommonUIActions.click is PASSED

2018-05-29 09:34:47 - [MESSAGE][PASSED] - uiaction.CommonUIActions.click is PASSED

2018-05-29 09:34:47 - [TEST_STEP][PASSED] - delay: Delayed 10 second(s)

2018-05-29 09:34:57 - [MESSAGE][PASSED] - Delayed 10 second(s)

2018-05-29 09:34:57 - [TEST_STEP][PASSED] - uiaction.CommonUIActions.click: uiaction.CommonUIActions.click is PASSED

2018-05-29 09:35:00 - [MESSAGE][PASSED] - uiaction.CommonUIActions.click is PASSED

2018-05-29 09:35:00 - [TEST_STEP][PASSED] - Statement - assert TCflag == true: null

2018-05-29 09:35:00 - [TEST_STEP][PASSED] - Start listener action : sampleAfterTestCase: Browser is closed

2018-05-29 09:35:00 - [TEST_STEP][PASSED] - Statement - println(testCaseContext.getTestCaseId()): null

2018-05-29 09:35:00 - [TEST_STEP][PASSED] - Statement - println(testCaseContext.getTestCaseStatus()): null

2018-05-29 09:35:00 - [TEST_STEP][PASSED] - closeBrowser: Browser is closed

2018-05-29 09:35:01 - [MESSAGE][PASSED] - Browser is closed]]></system-out>
         <system-err><![CDATA[2018-05-29 09:28:53 - [TEST_CASE][FAILED] - Test Cases/SummaryReportsTC/HME-Summary Report-12: Test Cases/SummaryReportsTC/HME-Summary Report-12 FAILED because (of) Unable to verify match between actual text 'Web element with id: 'Object Repository/ReportsPage/report_failure_alertmsg' located by 'By.xpath: //div//ul//li[contains(text(),'Date range invalid')]' not found' and expected text 'Date range invalid. For Daypart Reports select any 2 week period.' (Root cause: Actual text 'Web element with id: 'Object Repository/ReportsPage/report_failure_alertmsg' located by 'By.xpath: //div//ul//li[contains(text(),'Date range invalid')]' not found' and expected text 'Date range invalid. For Daypart Reports select any 2 week period.' are not matched)]]></system-err>
      </testcase>
      <testcase name="Test Cases/SummaryReportsTC/HME-Summary Report-15" classname="Test Cases/SummaryReportsTC/HME-Summary Report-15" status="FAILED">
         <failure type="FAILED" message="org.codehaus.groovy.runtime.powerassert.PowerAssertionError: assert TCflag==true
       |     |
       false false"/>
         <system-out><![CDATA[2018-05-29 09:35:01 - [TEST_CASE][FAILED] - Test Cases/SummaryReportsTC/HME-Summary Report-15: Test Cases/SummaryReportsTC/HME-Summary Report-15 FAILED because (of) org.codehaus.groovy.runtime.powerassert.PowerAssertionError: assert TCflag==true
       |     |
       false false

2018-05-29 09:35:01 - [TEST_STEP][PASSED] - Start listener action : sampleBeforeTestCase: uiaction.CommonUIActions.deleteAllCookies is PASSED

2018-05-29 09:35:01 - [TEST_STEP][PASSED] - openBrowser: Browser is opened with url: ''

2018-05-29 09:35:03 - [MESSAGE][PASSED] - Browser is opened with url: ''

2018-05-29 09:35:03 - [TEST_STEP][PASSED] - maximizeWindow: Current window maximized

2018-05-29 09:35:04 - [MESSAGE][PASSED] - Current window maximized

2018-05-29 09:35:04 - [TEST_STEP][PASSED] - uiaction.CommonUIActions.deleteAllCookies: uiaction.CommonUIActions.deleteAllCookies is PASSED

2018-05-29 09:35:05 - [MESSAGE][PASSED] - Delete all cookies successfully

2018-05-29 09:35:05 - [MESSAGE][PASSED] - uiaction.CommonUIActions.deleteAllCookies is PASSED

2018-05-29 09:35:05 - [TEST_STEP][PASSED] - Statement - TCflag = true: null

2018-05-29 09:35:05 - [TEST_STEP][PASSED] - Statement - Try: null

2018-05-29 09:35:05 - [TEST_STEP][PASSED] - navigateToUrl: Navigate to 'https://hme-dev-public-cloud-app.azurewebsites.net/' successfully

2018-05-29 09:35:08 - [MESSAGE][PASSED] - Navigate to 'https://hme-dev-public-cloud-app.azurewebsites.net/' successfully

2018-05-29 09:35:08 - [TEST_STEP][PASSED] - projectSpecific.Reusability.login: projectSpecific.Reusability.login is PASSED

2018-05-29 09:35:08 - [MESSAGE][PASSED] - projectSpecific.Reusability.getTestData is PASSED

2018-05-29 09:35:08 - [MESSAGE][PASSED] - projectSpecific.Reusability.getTestData is PASSED

2018-05-29 09:35:08 - [MESSAGE][PASSED] - Text 'selvendrank@nousinfo.com' is set on object 'Object Repository/LoginPage/Username'

2018-05-29 09:35:08 - [MESSAGE][PASSED] - Text 'nous;123' is set on object 'Object Repository/LoginPage/Password'

2018-05-29 09:35:08 - [MESSAGE][PASSED] - Object: 'Object Repository/LoginPage/Login' is clicked on

2018-05-29 09:35:08 - [MESSAGE][PASSED] - projectSpecific.Reusability.login is PASSED

2018-05-29 09:35:08 - [TEST_STEP][PASSED] - delay: Delayed 10 second(s)

2018-05-29 09:35:18 - [MESSAGE][PASSED] - Delayed 10 second(s)

2018-05-29 09:35:18 - [TEST_STEP][PASSED] - uiaction.CommonUIActions.click: uiaction.CommonUIActions.click is PASSED

2018-05-29 09:35:40 - [MESSAGE][PASSED] - uiaction.CommonUIActions.click is PASSED

2018-05-29 09:35:40 - [TEST_STEP][PASSED] - uiaction.CommonUIActions.click: uiaction.CommonUIActions.click is PASSED

2018-05-29 09:35:42 - [MESSAGE][PASSED] - uiaction.CommonUIActions.click is PASSED

2018-05-29 09:35:42 - [TEST_STEP][PASSED] - uiaction.CommonUIActions.click: uiaction.CommonUIActions.click is PASSED

2018-05-29 09:35:42 - [MESSAGE][PASSED] - uiaction.CommonUIActions.click is PASSED

2018-05-29 09:35:42 - [TEST_STEP][PASSED] - uiaction.CommonUIActions.enter: uiaction.CommonUIActions.enter is PASSED

2018-05-29 09:35:42 - [MESSAGE][PASSED] - projectSpecific.Reusability.getTestData is PASSED

2018-05-29 09:35:42 - [MESSAGE][PASSED] - uiaction.CommonUIActions.enter is PASSED

2018-05-29 09:35:42 - [TEST_STEP][PASSED] - uiaction.CommonUIActions.enter: uiaction.CommonUIActions.enter is PASSED

2018-05-29 09:35:42 - [MESSAGE][PASSED] - projectSpecific.Reusability.getTestData is PASSED

2018-05-29 09:35:42 - [MESSAGE][PASSED] - uiaction.CommonUIActions.enter is PASSED

2018-05-29 09:35:42 - [TEST_STEP][PASSED] - delay: Delayed 10 second(s)

2018-05-29 09:35:52 - [MESSAGE][PASSED] - Delayed 10 second(s)

2018-05-29 09:35:52 - [TEST_STEP][PASSED] - Statement - driver = com.kms.katalon.core.webui.driver.DriverFactory.getWebDriver(): null

2018-05-29 09:35:52 - [TEST_STEP][PASSED] - Statement - grouplist = driver.findElements(org.openqa.selenium.By.xpath("//ul[@class='unlinked-grouplist']/li")): null

2018-05-29 09:35:52 - [TEST_STEP][PASSED] - delay: Delayed 5 second(s)

2018-05-29 09:35:57 - [MESSAGE][PASSED] - Delayed 5 second(s)

2018-05-29 09:35:57 - [TEST_STEP][PASSED] - Statement - pattern = java.util.regex.Pattern.compile("[0-9]+"): null

2018-05-29 09:35:57 - [TEST_STEP][PASSED] - Statement - store_count = 1: null

2018-05-29 09:35:57 - [TEST_STEP][PASSED] - Statement - For ([i = 0, i < 100, (i++)]): null

2018-05-29 09:35:57 - [TEST_STEP][PASSED] - Statement - println(grouplist.get(i).getText()): null

2018-05-29 09:35:57 - [TEST_STEP][PASSED] - Statement - txt = grouplist.get(i).getText(): null

2018-05-29 09:35:57 - [TEST_STEP][PASSED] - Statement - matched = pattern.matcher(txt).matches(): null

2018-05-29 09:35:57 - [TEST_STEP][PASSED] - Statement - If (matched): null

2018-05-29 09:35:57 - [TEST_STEP][PASSED] - Statement - println(grouplist.get(i).getText()): null

2018-05-29 09:35:57 - [TEST_STEP][PASSED] - Statement - txt = grouplist.get(i).getText(): null

2018-05-29 09:35:57 - [TEST_STEP][PASSED] - Statement - matched = pattern.matcher(txt).matches(): null

2018-05-29 09:35:57 - [TEST_STEP][PASSED] - Statement - If (matched): null

2018-05-29 09:35:57 - [TEST_STEP][PASSED] - Statement - println(grouplist.get(i).getText()): null

2018-05-29 09:35:57 - [TEST_STEP][PASSED] - Statement - txt = grouplist.get(i).getText(): null

2018-05-29 09:35:57 - [TEST_STEP][PASSED] - Statement - matched = pattern.matcher(txt).matches(): null

2018-05-29 09:35:57 - [TEST_STEP][PASSED] - Statement - If (matched): null

2018-05-29 09:35:57 - [TEST_STEP][PASSED] - Statement - println(grouplist.get(i).getText()): null

2018-05-29 09:35:57 - [TEST_STEP][PASSED] - Statement - txt = grouplist.get(i).getText(): null

2018-05-29 09:35:57 - [TEST_STEP][PASSED] - Statement - matched = pattern.matcher(txt).matches(): null

2018-05-29 09:35:57 - [TEST_STEP][PASSED] - Statement - If (matched): null

2018-05-29 09:35:57 - [TEST_STEP][PASSED] - Statement - println(grouplist.get(i).getText()): null

2018-05-29 09:35:57 - [TEST_STEP][PASSED] - Statement - txt = grouplist.get(i).getText(): null

2018-05-29 09:35:57 - [TEST_STEP][PASSED] - Statement - matched = pattern.matcher(txt).matches(): null

2018-05-29 09:35:57 - [TEST_STEP][PASSED] - Statement - If (matched): null

2018-05-29 09:35:57 - [TEST_STEP][PASSED] - Statement - println(grouplist.get(i).getText()): null

2018-05-29 09:35:57 - [TEST_STEP][PASSED] - Statement - txt = grouplist.get(i).getText(): null

2018-05-29 09:35:57 - [TEST_STEP][PASSED] - Statement - matched = pattern.matcher(txt).matches(): null

2018-05-29 09:35:57 - [TEST_STEP][PASSED] - Statement - If (matched): null

2018-05-29 09:35:57 - [TEST_STEP][PASSED] - Statement - println(grouplist.get(i).getText()): null

2018-05-29 09:35:57 - [TEST_STEP][PASSED] - Statement - txt = grouplist.get(i).getText(): null

2018-05-29 09:35:57 - [TEST_STEP][PASSED] - Statement - matched = pattern.matcher(txt).matches(): null

2018-05-29 09:35:57 - [TEST_STEP][PASSED] - Statement - If (matched): null

2018-05-29 09:35:57 - [TEST_STEP][PASSED] - Statement - println(grouplist.get(i).getText()): null

2018-05-29 09:35:57 - [TEST_STEP][PASSED] - Statement - txt = grouplist.get(i).getText(): null

2018-05-29 09:35:57 - [TEST_STEP][PASSED] - Statement - matched = pattern.matcher(txt).matches(): null

2018-05-29 09:35:57 - [TEST_STEP][PASSED] - Statement - If (matched): null

2018-05-29 09:35:57 - [TEST_STEP][PASSED] - Statement - println(grouplist.get(i).getText()): null

2018-05-29 09:35:57 - [TEST_STEP][PASSED] - Statement - txt = grouplist.get(i).getText(): null

2018-05-29 09:35:57 - [TEST_STEP][PASSED] - Statement - matched = pattern.matcher(txt).matches(): null

2018-05-29 09:35:57 - [TEST_STEP][PASSED] - Statement - If (matched): null

2018-05-29 09:35:57 - [TEST_STEP][PASSED] - Statement - println(grouplist.get(i).getText()): null

2018-05-29 09:35:57 - [TEST_STEP][PASSED] - Statement - txt = grouplist.get(i).getText(): null

2018-05-29 09:35:57 - [TEST_STEP][PASSED] - Statement - matched = pattern.matcher(txt).matches(): null

2018-05-29 09:35:57 - [TEST_STEP][PASSED] - Statement - If (matched): null

2018-05-29 09:35:57 - [TEST_STEP][PASSED] - Statement - println(grouplist.get(i).getText()): null

2018-05-29 09:35:57 - [TEST_STEP][PASSED] - Statement - Catch (Exception e): null

2018-05-29 09:35:57 - [TEST_STEP][PASSED] - Statement - e.printStackTrace(): null

2018-05-29 09:35:57 - [TEST_STEP][PASSED] - Statement - println("Exception of element not found"): null

2018-05-29 09:35:57 - [TEST_STEP][PASSED] - Statement - If (TCflag): null

2018-05-29 09:35:57 - [TEST_STEP][PASSED] - Statement - assert TCflag == true: null

2018-05-29 09:35:57 - [TEST_STEP][PASSED] - Start listener action : sampleAfterTestCase: Browser is closed

2018-05-29 09:35:57 - [TEST_STEP][PASSED] - Statement - println(testCaseContext.getTestCaseId()): null

2018-05-29 09:35:57 - [TEST_STEP][PASSED] - Statement - println(testCaseContext.getTestCaseStatus()): null

2018-05-29 09:35:57 - [TEST_STEP][PASSED] - closeBrowser: Browser is closed

2018-05-29 09:35:58 - [MESSAGE][PASSED] - Browser is closed]]></system-out>
         <system-err><![CDATA[2018-05-29 09:35:01 - [TEST_CASE][FAILED] - Test Cases/SummaryReportsTC/HME-Summary Report-15: Test Cases/SummaryReportsTC/HME-Summary Report-15 FAILED because (of) org.codehaus.groovy.runtime.powerassert.PowerAssertionError: assert TCflag==true
       |     |
       false false]]></system-err>
      </testcase>
      <testcase name="Test Cases/SummaryReportsTC/HME-Summary Report-14" classname="Test Cases/SummaryReportsTC/HME-Summary Report-14" status="FAILED">
         <failure type="FAILED" message="org.codehaus.groovy.runtime.powerassert.PowerAssertionError: assert TCflag==true
       |     |
       false false"/>
         <system-out><![CDATA[2018-05-29 09:35:58 - [TEST_CASE][FAILED] - Test Cases/SummaryReportsTC/HME-Summary Report-14: Test Cases/SummaryReportsTC/HME-Summary Report-14 FAILED because (of) org.codehaus.groovy.runtime.powerassert.PowerAssertionError: assert TCflag==true
       |     |
       false false

2018-05-29 09:35:58 - [TEST_STEP][PASSED] - Start listener action : sampleBeforeTestCase: uiaction.CommonUIActions.deleteAllCookies is PASSED

2018-05-29 09:35:58 - [TEST_STEP][PASSED] - openBrowser: Browser is opened with url: ''

2018-05-29 09:36:00 - [MESSAGE][PASSED] - Browser is opened with url: ''

2018-05-29 09:36:00 - [TEST_STEP][PASSED] - maximizeWindow: Current window maximized

2018-05-29 09:36:02 - [MESSAGE][PASSED] - Current window maximized

2018-05-29 09:36:02 - [TEST_STEP][PASSED] - uiaction.CommonUIActions.deleteAllCookies: uiaction.CommonUIActions.deleteAllCookies is PASSED

2018-05-29 09:36:02 - [MESSAGE][PASSED] - Delete all cookies successfully

2018-05-29 09:36:02 - [MESSAGE][PASSED] - uiaction.CommonUIActions.deleteAllCookies is PASSED

2018-05-29 09:36:02 - [TEST_STEP][PASSED] - Statement - TCflag = true: null

2018-05-29 09:36:02 - [TEST_STEP][PASSED] - Statement - Try: null

2018-05-29 09:36:02 - [TEST_STEP][PASSED] - navigateToUrl: Navigate to 'https://hme-dev-public-cloud-app.azurewebsites.net/' successfully

2018-05-29 09:36:05 - [MESSAGE][PASSED] - Navigate to 'https://hme-dev-public-cloud-app.azurewebsites.net/' successfully

2018-05-29 09:36:05 - [TEST_STEP][PASSED] - projectSpecific.Reusability.login: projectSpecific.Reusability.login is PASSED

2018-05-29 09:36:05 - [MESSAGE][PASSED] - projectSpecific.Reusability.getTestData is PASSED

2018-05-29 09:36:05 - [MESSAGE][PASSED] - projectSpecific.Reusability.getTestData is PASSED

2018-05-29 09:36:05 - [MESSAGE][PASSED] - Text 'selvendrank@nousinfo.com' is set on object 'Object Repository/LoginPage/Username'

2018-05-29 09:36:05 - [MESSAGE][PASSED] - Text 'nous;123' is set on object 'Object Repository/LoginPage/Password'

2018-05-29 09:36:05 - [MESSAGE][PASSED] - Object: 'Object Repository/LoginPage/Login' is clicked on

2018-05-29 09:36:05 - [MESSAGE][PASSED] - projectSpecific.Reusability.login is PASSED

2018-05-29 09:36:05 - [TEST_STEP][PASSED] - delay: Delayed 10 second(s)

2018-05-29 09:36:15 - [MESSAGE][PASSED] - Delayed 10 second(s)

2018-05-29 09:36:15 - [TEST_STEP][PASSED] - uiaction.CommonUIActions.click: uiaction.CommonUIActions.click is PASSED

2018-05-29 09:36:27 - [MESSAGE][PASSED] - uiaction.CommonUIActions.click is PASSED

2018-05-29 09:36:27 - [TEST_STEP][PASSED] - uiaction.CommonUIActions.click: uiaction.CommonUIActions.click is PASSED

2018-05-29 09:36:39 - [MESSAGE][PASSED] - uiaction.CommonUIActions.click is PASSED

2018-05-29 09:36:39 - [TEST_STEP][PASSED] - uiaction.CommonUIActions.click: uiaction.CommonUIActions.click is PASSED

2018-05-29 09:36:41 - [MESSAGE][PASSED] - uiaction.CommonUIActions.click is PASSED

2018-05-29 09:36:41 - [TEST_STEP][PASSED] - uiaction.CommonUIActions.click: uiaction.CommonUIActions.click is PASSED

2018-05-29 09:36:41 - [MESSAGE][PASSED] - uiaction.CommonUIActions.click is PASSED

2018-05-29 09:36:41 - [TEST_STEP][PASSED] - uiaction.CommonUIActions.enter: uiaction.CommonUIActions.enter is PASSED

2018-05-29 09:36:41 - [MESSAGE][PASSED] - projectSpecific.Reusability.getTestData is PASSED

2018-05-29 09:36:41 - [MESSAGE][PASSED] - uiaction.CommonUIActions.enter is PASSED

2018-05-29 09:36:41 - [TEST_STEP][PASSED] - uiaction.CommonUIActions.enter: uiaction.CommonUIActions.enter is PASSED

2018-05-29 09:36:41 - [MESSAGE][PASSED] - projectSpecific.Reusability.getTestData is PASSED

2018-05-29 09:36:41 - [MESSAGE][PASSED] - uiaction.CommonUIActions.enter is PASSED

2018-05-29 09:36:41 - [TEST_STEP][PASSED] - delay: Delayed 10 second(s)

2018-05-29 09:36:51 - [MESSAGE][PASSED] - Delayed 10 second(s)

2018-05-29 09:36:51 - [TEST_STEP][PASSED] - Statement - groupmain = CustomKeywords.projectSpecific.Reusability.getTestData("ReportingGroupManagementPage", "Summarygrp"): projectSpecific.Reusability.getTestData is PASSED

2018-05-29 09:36:51 - [MESSAGE][PASSED] - projectSpecific.Reusability.getTestData is PASSED

2018-05-29 09:36:51 - [TEST_STEP][PASSED] - Statement - driver = com.kms.katalon.core.webui.driver.DriverFactory.getWebDriver(): null

2018-05-29 09:36:51 - [TEST_STEP][PASSED] - Statement - grouplist = driver.findElements(org.openqa.selenium.By.xpath("//ul[@class='unlinked-grouplist']/li")): null

2018-05-29 09:36:51 - [TEST_STEP][PASSED] - delay: Delayed 10 second(s)

2018-05-29 09:37:01 - [MESSAGE][PASSED] - Delayed 10 second(s)

2018-05-29 09:37:01 - [TEST_STEP][PASSED] - Statement - For ([i = 0, i < grouplist.size(), (i++)]): null

2018-05-29 09:37:01 - [TEST_STEP][PASSED] - Statement - println(grouplist.get(i).getText()): null

2018-05-29 09:37:01 - [TEST_STEP][PASSED] - Statement - If (grouplist.get(i).getText().contains("0000")): null

2018-05-29 09:37:01 - [TEST_STEP][PASSED] - Statement - println(grouplist.get(i).getText()): null

2018-05-29 09:37:01 - [TEST_STEP][PASSED] - Statement - If (grouplist.get(i).getText().contains("0000")): null

2018-05-29 09:37:01 - [TEST_STEP][PASSED] - Statement - println(grouplist.get(i).getText()): null

2018-05-29 09:37:01 - [TEST_STEP][PASSED] - Statement - If (grouplist.get(i).getText().contains("0000")): null

2018-05-29 09:37:01 - [TEST_STEP][PASSED] - Statement - println(grouplist.get(i).getText()): null

2018-05-29 09:37:01 - [TEST_STEP][PASSED] - Statement - If (grouplist.get(i).getText().contains("0000")): null

2018-05-29 09:37:01 - [TEST_STEP][PASSED] - Statement - println(grouplist.get(i).getText()): null

2018-05-29 09:37:01 - [TEST_STEP][PASSED] - Statement - If (grouplist.get(i).getText().contains("0000")): null

2018-05-29 09:37:01 - [TEST_STEP][PASSED] - Statement - println(grouplist.get(i).getText()): null

2018-05-29 09:37:01 - [TEST_STEP][PASSED] - Statement - If (grouplist.get(i).getText().contains("0000")): null

2018-05-29 09:37:01 - [TEST_STEP][PASSED] - Statement - println(grouplist.get(i).getText()): null

2018-05-29 09:37:01 - [TEST_STEP][PASSED] - Statement - If (grouplist.get(i).getText().contains("0000")): null

2018-05-29 09:37:01 - [TEST_STEP][PASSED] - Statement - println(grouplist.get(i).getText()): null

2018-05-29 09:37:01 - [TEST_STEP][PASSED] - Statement - If (grouplist.get(i).getText().contains("0000")): null

2018-05-29 09:37:01 - [TEST_STEP][PASSED] - Statement - println(grouplist.get(i).getText()): null

2018-05-29 09:37:01 - [TEST_STEP][PASSED] - Statement - If (grouplist.get(i).getText().contains("0000")): null

2018-05-29 09:37:01 - [TEST_STEP][PASSED] - Statement - println(grouplist.get(i).getText()): null

2018-05-29 09:37:01 - [TEST_STEP][PASSED] - Statement - If (grouplist.get(i).getText().contains("0000")): null

2018-05-29 09:37:01 - [TEST_STEP][PASSED] - Statement - driver.findElement(org.openqa.selenium.By.xpath("//button[contains(text(),'>')]")).click(): null

2018-05-29 09:37:02 - [TEST_STEP][PASSED] - delay: Delayed 10 second(s)

2018-05-29 09:37:12 - [MESSAGE][PASSED] - Delayed 10 second(s)

2018-05-29 09:37:12 - [TEST_STEP][PASSED] - uiaction.CommonUIActions.click: uiaction.CommonUIActions.click is PASSED

2018-05-29 09:37:12 - [MESSAGE][PASSED] - uiaction.CommonUIActions.click is PASSED

2018-05-29 09:37:12 - [TEST_STEP][PASSED] - delay: Delayed 10 second(s)

2018-05-29 09:37:22 - [MESSAGE][PASSED] - Delayed 10 second(s)

2018-05-29 09:37:22 - [TEST_STEP][PASSED] - uiaction.CommonUIActions.click: uiaction.CommonUIActions.click is PASSED

2018-05-29 09:37:22 - [MESSAGE][PASSED] - uiaction.CommonUIActions.click is PASSED

2018-05-29 09:37:22 - [TEST_STEP][PASSED] - delay: Delayed 10 second(s)

2018-05-29 09:37:32 - [MESSAGE][PASSED] - Delayed 10 second(s)

2018-05-29 09:37:32 - [TEST_STEP][PASSED] - Statement - driver.findElement(org.openqa.selenium.By.xpath("//span[contains(text(),'" + groupmain + "')]/../../../../span[1]")).click(): null

2018-05-29 09:37:32 - [TEST_STEP][PASSED] - Statement - Catch (Exception e): null

2018-05-29 09:37:32 - [TEST_STEP][PASSED] - Statement - e.printStackTrace(): null

2018-05-29 09:37:32 - [TEST_STEP][PASSED] - Statement - println("Exception of element not found"): null

2018-05-29 09:37:32 - [TEST_STEP][PASSED] - Statement - If (TCflag): null

2018-05-29 09:37:32 - [TEST_STEP][PASSED] - Statement - assert TCflag == true: null

2018-05-29 09:37:32 - [TEST_STEP][PASSED] - Start listener action : sampleAfterTestCase: Browser is closed

2018-05-29 09:37:32 - [TEST_STEP][PASSED] - Statement - println(testCaseContext.getTestCaseId()): null

2018-05-29 09:37:32 - [TEST_STEP][PASSED] - Statement - println(testCaseContext.getTestCaseStatus()): null

2018-05-29 09:37:32 - [TEST_STEP][PASSED] - closeBrowser: Browser is closed

2018-05-29 09:37:33 - [MESSAGE][PASSED] - Browser is closed]]></system-out>
         <system-err><![CDATA[2018-05-29 09:35:58 - [TEST_CASE][FAILED] - Test Cases/SummaryReportsTC/HME-Summary Report-14: Test Cases/SummaryReportsTC/HME-Summary Report-14 FAILED because (of) org.codehaus.groovy.runtime.powerassert.PowerAssertionError: assert TCflag==true
       |     |
       false false]]></system-err>
      </testcase>
      <system-out><![CDATA[2018-05-29 09:13:26 - [TEST_SUITE][FAILED] - RegressionSuite: Test Cases/SummaryReportsTC/HME-Summary Report-11 FAILED because (of) Unable to get text of object 'Object Repository/ReportsPage/report_failure_alertmsg' (Root cause: com.kms.katalon.core.webui.exception.WebElementNotFoundException: Web element with id: 'Object Repository/ReportsPage/report_failure_alertmsg' located by 'By.xpath: //div//ul//li[contains(text(),'Date range invalid')]' not found)]]></system-out>
      <system-err><![CDATA[2018-05-29 09:13:26 - [TEST_SUITE][FAILED] - RegressionSuite: Test Cases/SummaryReportsTC/HME-Summary Report-11 FAILED because (of) Unable to get text of object 'Object Repository/ReportsPage/report_failure_alertmsg' (Root cause: com.kms.katalon.core.webui.exception.WebElementNotFoundException: Web element with id: 'Object Repository/ReportsPage/report_failure_alertmsg' located by 'By.xpath: //div//ul//li[contains(text(),'Date range invalid')]' not found)]]></system-err>
   </testsuite>
</testsuites>
